3.5747 	DEBUG 	Fullscreen settings ignored as running in pilot mode.
3.5757 	INFO 	Loaded monitor calibration from ['2025_01_07 12:59']
3.7304 	EXP 	Created window1 = Window(allowGUI=False, allowStencil=False, autoLog=True, backendConf=UNKNOWN, backgroundFit=<method-wrapper '__getattribute__' of attributeSetter object at 0x7fcaba5a57c0>, backgroundImage=<method-wrapper '__getattribute__' of attributeSetter object at 0x7fcaba5a56d0>, bitsMode=UNKNOWN, blendMode='avg', bpc=(8, 8, 8), color=array([0, 0, 0]), colorSpace='rgb', depthBits=8, fullscr=False, gamma=None, gammaErrorPolicy='raise', infoMsg=UNKNOWN, lms=UNKNOWN, monitor=<psychopy.monitors.calibTools.Monitor object at 0x7fcaba1fc250>, multiSample=False, name='window1', numSamples=2, pos=[356.0, 191.0], screen=0, size=array([1600, 1200]), stencilBits=0, stereo=False, title='PsychoPy', units='height', useFBO=True, useRetina=True, viewOri=0.0, viewPos=None, viewScale=None, waitBlanking=True, winType='pyglet')
3.7304 	EXP 	window1: backgroundImage = ''
3.7304 	EXP 	window1: backgroundFit = 'none'
3.7380 	DEBUG 	TextBox2 loaded 1 chars with 0 blanks and 1 valid
3.7385 	DEBUG 	TextBox2 loaded 1 chars with 0 blanks and 1 valid
3.7389 	DEBUG 	TextBox2 loaded 1 chars with 0 blanks and 1 valid
3.7395 	DEBUG 	TextBox2 loaded 1 chars with 0 blanks and 1 valid
3.7400 	DEBUG 	TextBox2 loaded 1 chars with 0 blanks and 1 valid
3.7403 	DEBUG 	TextBox2 loaded 1 chars with 0 blanks and 1 valid
3.7407 	DEBUG 	TextBox2 loaded 1 chars with 0 blanks and 1 valid
3.7413 	DEBUG 	TextBox2 loaded 1 chars with 0 blanks and 1 valid
3.7414 	DEBUG 	TextBox2 loaded 1 chars with 0 blanks and 1 valid
3.7416 	DEBUG 	TextBox2 loaded 1 chars with 0 blanks and 1 valid
3.7421 	DEBUG 	TextBox2 loaded 1 chars with 0 blanks and 1 valid
3.7425 	DEBUG 	TextBox2 loaded 1 chars with 0 blanks and 1 valid
3.7429 	DEBUG 	TextBox2 loaded 1 chars with 0 blanks and 1 valid
3.7433 	DEBUG 	TextBox2 loaded 1 chars with 0 blanks and 1 valid
3.7436 	DEBUG 	TextBox2 loaded 1 chars with 0 blanks and 1 valid
3.7441 	DEBUG 	TextBox2 loaded 1 chars with 0 blanks and 1 valid
3.7445 	DEBUG 	TextBox2 loaded 1 chars with 0 blanks and 1 valid
3.7447 	DEBUG 	TextBox2 loaded 1 chars with 0 blanks and 1 valid
3.7450 	DEBUG 	TextBox2 loaded 1 chars with 0 blanks and 1 valid
3.7456 	DEBUG 	TextBox2 loaded 1 chars with 0 blanks and 1 valid
3.7458 	DEBUG 	TextBox2 loaded 1 chars with 0 blanks and 1 valid
3.7460 	DEBUG 	Uploading Texture Font fontname to graphics card
3.7490 	DEBUG 	Upload of Texture Font fontname complete
3.7536 	DEBUG 	TextBox2 loaded 1 chars with 0 blanks and 1 valid
3.7542 	DEBUG 	TextBox2 loaded 1 chars with 0 blanks and 1 valid
3.7548 	DEBUG 	TextBox2 loaded 1 chars with 0 blanks and 1 valid
3.7549 	DEBUG 	Uploading Texture Font fontname to graphics card
3.7566 	DEBUG 	Upload of Texture Font fontname complete
3.7579 	EXP 	window1: Attempting to measure frame rate of screen (0) ...
3.7579 	EXP 	window1: recordFrameIntervals = False
3.8841 	EXP 	window1: recordFrameIntervals = True
4.7312 	WARNING 	Couldn't measure a consistent frame rate!
  - Is your graphics card set to sync to vertical blank?
  - Are you running other processes on your computer?

4.7392 	DEBUG 	TextBox2 loaded 1 chars with 0 blanks and 1 valid
4.7398 	DEBUG 	TextBox2 loaded 1 chars with 0 blanks and 1 valid
4.7407 	DEBUG 	TextBox2 loaded 1 chars with 0 blanks and 1 valid
4.7420 	DEBUG 	TextBox2 loaded 1 chars with 0 blanks and 1 valid
4.7431 	DEBUG 	TextBox2 loaded 1 chars with 0 blanks and 1 valid
4.7442 	DEBUG 	TextBox2 loaded 1 chars with 0 blanks and 1 valid
4.7446 	DEBUG 	TextBox2 loaded 1 chars with 0 blanks and 1 valid
4.7455 	DEBUG 	TextBox2 loaded 1 chars with 0 blanks and 1 valid
4.7466 	DEBUG 	TextBox2 loaded 1 chars with 0 blanks and 1 valid
4.7475 	DEBUG 	TextBox2 loaded 1 chars with 0 blanks and 1 valid
4.7478 	DEBUG 	Uploading Texture Font fontname to graphics card
4.7509 	DEBUG 	Upload of Texture Font fontname complete
4.7697 	WARNING 	launchHubServer: If using the iohub mouse or eyetracker devices, fullScr should be True.
6.5386 	INFO 	keyboard.Keyboard is using iohub backend.
6.5387 	INFO 	keyboard.Keyboard is using iohub backend.
6.5387 	INFO 	keyboard.Keyboard is using iohub backend.
6.5387 	INFO 	keyboard.Keyboard is using iohub backend.
6.5387 	INFO 	keyboard.Keyboard is using iohub backend.
6.5387 	INFO 	keyboard.Keyboard is using iohub backend.
6.5387 	INFO 	keyboard.Keyboard is using iohub backend.
6.5388 	INFO 	keyboard.Keyboard is using iohub backend.
6.5388 	INFO 	keyboard.Keyboard is using iohub backend.
6.5388 	EXP 	simplestop_skeleton: status = STARTED
6.5687 	EXP 	Created welcome = TextStim(__class__=<class 'psychopy.visual.text.TextStim'>, alignHoriz=method-wrapper(...), alignText='center', alignVert=method-wrapper(...), anchorHoriz='center', anchorVert='center', antialias=True, autoDraw=False, autoLog=True, bold=False, color=array([1., 1., 1.]), colorSpace='rgb', contrast=1.0, depth=0.0, draggable=False, flipHoriz=False, flipVert=False, font='Open Sans', fontFiles=[], height=0.045, italic=False, languageStyle='LTR', name='welcome', opacity=1, ori=0.0, pos=array([0., 0.]), rgb=UNKNOWN, text=str(...), units='height', win=Window(...), wrapWidth=1)
6.5959 	EXP 	Created instrStopText = TextStim(__class__=<class 'psychopy.visual.text.TextStim'>, alignHoriz=method-wrapper(...), alignText='center', alignVert=method-wrapper(...), anchorHoriz='center', anchorVert='center', antialias=True, autoDraw=False, autoLog=True, bold=False, color=array([1., 1., 1.]), colorSpace='rgb', contrast=1.0, depth=0.0, draggable=False, flipHoriz=False, flipVert=False, font='Arial', fontFiles=[], height=0.025, italic=False, languageStyle='LTR', name='instrStopText', opacity=1, ori=0, pos=array([0., 0.]), rgb=UNKNOWN, text=str(...), units='height', win=Window(...), wrapWidth=1)
6.5981 	EXP 	Created fixation = TextStim(__class__=<class 'psychopy.visual.text.TextStim'>, alignHoriz=method-wrapper(...), alignText='center', alignVert=method-wrapper(...), anchorHoriz='center', anchorVert='center', antialias=True, autoDraw=False, autoLog=True, bold=False, color=array([1., 1., 1.]), colorSpace='rgb', contrast=1.0, depth=0.0, draggable=False, flipHoriz=False, flipVert=False, font='Arial', fontFiles=[], height=0.15, italic=False, languageStyle='LTR', name='fixation', opacity=1, ori=0, pos=array([0., 0.]), rgb=UNKNOWN, text='+', units='height', win=Window(...), wrapWidth=1)
6.6102 	EXP 	Created goStim = ImageStim(__class__=<class 'psychopy.visual.image.ImageStim'>, anchor=('center', 'center'), autoLog=True, color=array([1., 1., 1.]), colorSpace='rgb', contrast=1.0, depth=-1.0, draggable=False, flipHoriz=False, flipVert=False, image='default.png', interpolate=True, mask=None, maskParams=None, name='goStim', opacity=1, ori=0.0, pos=array([0., 0.]), size=array([151., 151.]), texRes=128, units='pix', win=Window(...))
6.6158 	EXP 	Created stopSignal = ImageStim(__class__=<class 'psychopy.visual.image.ImageStim'>, anchor=('center', 'center'), autoLog=True, color=array([1., 1., 1.]), colorSpace='rgb', contrast=1.0, depth=-3.0, draggable=False, flipHoriz=False, flipVert=False, image='stopSignal.png', interpolate=True, mask=None, maskParams=None, name='stopSignal', opacity=1, ori=0.0, pos=array([0., 0.]), size=array([0.5, 0.5]), texRes=128.0, units='height', win=Window(...))
6.6280 	EXP 	Created rules = TextStim(__class__=<class 'psychopy.visual.text.TextStim'>, alignHoriz=method-wrapper(...), alignText='center', alignVert=method-wrapper(...), anchorHoriz='center', anchorVert='center', antialias=True, autoDraw=False, autoLog=True, bold=False, color=array([1., 1., 1.]), colorSpace='rgb', contrast=1.0, depth=-4.0, draggable=False, flipHoriz=False, flipVert=False, font='Open Sans', fontFiles=[], height=0.03, italic=False, languageStyle='LTR', name='rules', opacity=1, ori=0.0, pos=array([-0.6,  0.4]), rgb=UNKNOWN, text=str(...), units='height', win=Window(...), wrapWidth=1)
6.6286 	EXP 	Created text = TextStim(__class__=<class 'psychopy.visual.text.TextStim'>, alignHoriz=method-wrapper(...), alignText='center', alignVert=method-wrapper(...), anchorHoriz='center', anchorVert='center', antialias=True, autoDraw=False, autoLog=True, bold=False, color=array([1., 1., 1.]), colorSpace='rgb', contrast=1.0, depth=-1.0, draggable=False, flipHoriz=False, flipVert=False, font='Arial', fontFiles=[], height=0.05, italic=False, languageStyle='LTR', name='text', opacity=1, ori=0, pos=array([0., 0.]), rgb=UNKNOWN, text='', units='height', win=Window(...), wrapWidth=1)
6.6339 	EXP 	Created rules_2 = TextStim(__class__=<class 'psychopy.visual.text.TextStim'>, alignHoriz=method-wrapper(...), alignText='center', alignVert=method-wrapper(...), anchorHoriz='center', anchorVert='center', antialias=True, autoDraw=False, autoLog=True, bold=False, color=array([1., 1., 1.]), colorSpace='rgb', contrast=1.0, depth=-2.0, draggable=False, flipHoriz=False, flipVert=False, font='Open Sans', fontFiles=[], height=0.03, italic=False, languageStyle='LTR', name='rules_2', opacity=1, ori=0.0, pos=array([-0.6,  0.4]), rgb=UNKNOWN, text=str(...), units='height', win=Window(...), wrapWidth=1)
6.6344 	EXP 	Created text_5 = TextStim(__class__=<class 'psychopy.visual.text.TextStim'>, alignHoriz=method-wrapper(...), alignText='center', alignVert=method-wrapper(...), anchorHoriz='center', anchorVert='center', antialias=True, autoDraw=False, autoLog=True, bold=False, color=array([1., 1., 1.]), colorSpace='rgb', contrast=1.0, depth=-1.0, draggable=False, flipHoriz=False, flipVert=False, font='Arial', fontFiles=[], height=0.025, italic=False, languageStyle='LTR', name='text_5', opacity=1, ori=0, pos=array([0., 0.]), rgb=UNKNOWN, text='', units='height', win=Window(...), wrapWidth=1)
6.6498 	EXP 	Created testText = TextStim(__class__=<class 'psychopy.visual.text.TextStim'>, alignHoriz=method-wrapper(...), alignText='center', alignVert=method-wrapper(...), anchorHoriz='center', anchorVert='center', antialias=True, autoDraw=False, autoLog=True, bold=False, color=array([1., 1., 1.]), colorSpace='rgb', contrast=1.0, depth=-1.0, draggable=False, flipHoriz=False, flipVert=False, font='Arial', fontFiles=[], height=0.025, italic=False, languageStyle='LTR', name='testText', opacity=1, ori=0, pos=array([0., 0.]), rgb=UNKNOWN, text=str(...), units='height', win=Window(...), wrapWidth=1)
6.6514 	EXP 	Created test_fixation = TextStim(__class__=<class 'psychopy.visual.text.TextStim'>, alignHoriz=method-wrapper(...), alignText='center', alignVert=method-wrapper(...), anchorHoriz='center', anchorVert='center', antialias=True, autoDraw=False, autoLog=True, bold=False, color=array([1., 1., 1.]), colorSpace='rgb', contrast=1.0, depth=0.0, draggable=False, flipHoriz=False, flipVert=False, font='Arial', fontFiles=[], height=0.15, italic=False, languageStyle='LTR', name='test_fixation', opacity=1, ori=0, pos=array([0., 0.]), rgb=UNKNOWN, text='+', units='height', win=Window(...), wrapWidth=1)
6.6540 	EXP 	Created goStim_test = ImageStim(__class__=<class 'psychopy.visual.image.ImageStim'>, anchor=('center', 'center'), autoLog=True, color=array([1., 1., 1.]), colorSpace='rgb', contrast=1.0, depth=-1.0, draggable=False, flipHoriz=False, flipVert=False, image='default.png', interpolate=True, mask=None, maskParams=None, name='goStim_test', opacity=1, ori=0.0, pos=array([0., 0.]), size=array([151., 151.]), texRes=128, units='pix', win=Window(...))
6.6587 	EXP 	Created stopSignal_test = ImageStim(__class__=<class 'psychopy.visual.image.ImageStim'>, anchor=('center', 'center'), autoLog=True, color=array([1., 1., 1.]), colorSpace='rgb', contrast=1.0, depth=-3.0, draggable=False, flipHoriz=False, flipVert=False, image='stopSignal.png', interpolate=True, mask=None, maskParams=None, name='stopSignal_test', opacity=1, ori=0.0, pos=array([0., 0.]), size=array([0.5, 0.5]), texRes=128.0, units='height', win=Window(...))
6.6592 	EXP 	Created text_6 = TextStim(__class__=<class 'psychopy.visual.text.TextStim'>, alignHoriz=method-wrapper(...), alignText='center', alignVert=method-wrapper(...), anchorHoriz='center', anchorVert='center', antialias=True, autoDraw=False, autoLog=True, bold=False, color=array([1., 1., 1.]), colorSpace='rgb', contrast=1.0, depth=-1.0, draggable=False, flipHoriz=False, flipVert=False, font='Arial', fontFiles=[], height=0.025, italic=False, languageStyle='LTR', name='text_6', opacity=1, ori=0, pos=array([0., 0.]), rgb=UNKNOWN, text='', units='height', win=Window(...), wrapWidth=1)
6.6643 	EXP 	Created ending_text = TextStim(__class__=<class 'psychopy.visual.text.TextStim'>, alignHoriz=method-wrapper(...), alignText='center', alignVert=method-wrapper(...), anchorHoriz='center', anchorVert='center', antialias=True, autoDraw=False, autoLog=True, bold=False, color=array([1., 1., 1.]), colorSpace='rgb', contrast=1.0, depth=0.0, draggable=False, flipHoriz=False, flipVert=False, font='Open Sans', fontFiles=[], height=0.05, italic=False, languageStyle='LTR', name='ending_text', opacity=1, ori=0.0, pos=array([0., 0.]), rgb=UNKNOWN, text=str(...), units='height', win=Window(...), wrapWidth=1)
0.0157 	INFO 	Keyboard events cleared
0.0153 	EXP 	welcome: autoDraw = True
1.7356 	DATA 	Keypress: return
1.7397 	INFO 	Keyboard events cleared
1.7393 	WARNING 	t of last frame was 36.63ms (=1/27)
1.7393 	EXP 	welcome: autoDraw = False
1.7393 	EXP 	instrStopText: autoDraw = True
3.0950 	EXP 	New trial (rep=0, index=0): <Trial 0 (0 in rep 0) data={'thisN': 0, 'thisTrialN': 0, 'thisRepN': 0}>
3.1031 	DEBUG 	Read excel file with openpyxl: condition.xlsx
3.1033 	EXP 	Imported condition.xlsx as conditions, 4 conditions, 2 params
3.1037 	EXP 	New trial (rep=0, index=0): <Trial 0 (0 in rep 0) data={'corrGoResp': None, 'shape': None, 'thisN': 0, 'thisTrialN': 0, 'thisRepN': 0}>
3.1107 	DATA 	Keypress: return
3.1132 	WARNING 	t of last frame was 21.48ms (=1/46)
3.1132 	EXP 	instrStopText: autoDraw = False
3.1132 	EXP 	goStim: image = 'circleblack.png'
3.1132 	EXP 	fixation: autoDraw = True
3.1132 	EXP 	rules: autoDraw = True
3.5982 	INFO 	Keyboard events cleared
3.5980 	EXP 	goStim: autoDraw = True
3.6030 	EXP 	fixation: autoDraw = False
3.9442 	EXP 	stopSignal: autoDraw = True
4.4381 	EXP 	stopSignal: autoDraw = False
4.6000 	EXP 	goStim: autoDraw = False
4.9235 	WARNING 	t of last frame was 21.45ms (=1/46)
5.3086 	DATA 	Keypress: right
5.3129 	WARNING 	t of last frame was 71.14ms (=1/14)
5.3960 	WARNING 	Multiple dropped frames have occurred - I'll stop bothering you about them!
5.6115 	EXP 	rules: autoDraw = False
5.6115 	EXP 	fixation: autoDraw = False
5.6115 	EXP 	goStim: autoDraw = False
5.6115 	EXP 	stopSignal: autoDraw = False
5.6115 	EXP 	rules: autoDraw = False
5.6115 	EXP 	text: height = 0.05
5.6115 	EXP 	text: height = 0.05
5.6115 	EXP 	text: height = 0.05
5.6115 	EXP 	text: text = 'Incorrect'
5.6115 	EXP 	text: autoDraw = True
5.6115 	EXP 	rules_2: autoDraw = True
6.0996 	EXP 	New trial (rep=1, index=1): <Trial 1 (1 in rep 1) data={'corrGoResp': None, 'shape': None, 'thisN': 1, 'thisTrialN': 1, 'thisRepN': 1}>
6.1066 	EXP 	text: autoDraw = False
6.1066 	EXP 	rules_2: autoDraw = False
6.1066 	EXP 	text: autoDraw = False
6.1066 	EXP 	rules_2: autoDraw = False
6.1066 	EXP 	goStim: image = 'squareblack.png'
6.1066 	EXP 	fixation: autoDraw = True
6.1066 	EXP 	rules: autoDraw = True
6.5972 	INFO 	Keyboard events cleared
6.5968 	EXP 	fixation: autoDraw = False
6.5968 	EXP 	goStim: autoDraw = True
6.9472 	EXP 	stopSignal: autoDraw = True
7.0304 	DATA 	Keypress: right
7.4359 	EXP 	stopSignal: autoDraw = False
7.5857 	EXP 	goStim: autoDraw = False
8.5996 	EXP 	rules: autoDraw = False
8.5996 	EXP 	fixation: autoDraw = False
8.5996 	EXP 	goStim: autoDraw = False
8.5996 	EXP 	stopSignal: autoDraw = False
8.5996 	EXP 	rules: autoDraw = False
8.5996 	EXP 	text: height = 0.05
8.5996 	EXP 	text: height = 0.05
8.5996 	EXP 	text: height = 0.05
8.5996 	EXP 	text: text = 'Correct'
8.5996 	EXP 	text: autoDraw = True
8.5996 	EXP 	rules_2: autoDraw = True
9.0940 	EXP 	New trial (rep=0, index=2): <Trial 2 (2 in rep 0) data={'corrGoResp': '$currentCorrectResponse', 'shape': '$currentGoStim', 'thisN': 2, 'thisTrialN': 2, 'thisRepN': 0}>
9.0990 	EXP 	text: autoDraw = False
9.0990 	EXP 	rules_2: autoDraw = False
9.0990 	EXP 	text: autoDraw = False
9.0990 	EXP 	rules_2: autoDraw = False
9.0990 	EXP 	goStim: image = 'circleblack.png'
9.0990 	EXP 	fixation: autoDraw = True
9.0990 	EXP 	rules: autoDraw = True
9.5920 	INFO 	Keyboard events cleared
9.5917 	EXP 	goStim: autoDraw = True
9.5969 	EXP 	fixation: autoDraw = False
9.9470 	EXP 	stopSignal: autoDraw = True
10.4467 	EXP 	stopSignal: autoDraw = False
10.5793 	EXP 	goStim: autoDraw = False
11.5970 	EXP 	rules: autoDraw = False
11.5970 	EXP 	fixation: autoDraw = False
11.5970 	EXP 	goStim: autoDraw = False
11.5970 	EXP 	stopSignal: autoDraw = False
11.5970 	EXP 	rules: autoDraw = False
11.5970 	EXP 	text: text = 'Correct'
11.5970 	EXP 	text: autoDraw = True
11.5970 	EXP 	rules_2: autoDraw = True
12.0821 	EXP 	New trial (rep=2, index=3): <Trial 3 (3 in rep 2) data={'corrGoResp': None, 'shape': None, 'thisN': 3, 'thisTrialN': 3, 'thisRepN': 2}>
12.0869 	EXP 	text: autoDraw = False
12.0869 	EXP 	rules_2: autoDraw = False
12.0869 	EXP 	text: autoDraw = False
12.0869 	EXP 	rules_2: autoDraw = False
12.0869 	EXP 	goStim: image = 'squareblack.png'
12.0869 	EXP 	fixation: autoDraw = True
12.0869 	EXP 	rules: autoDraw = True
12.5805 	INFO 	Keyboard events cleared
12.5803 	EXP 	fixation: autoDraw = False
12.5803 	EXP 	goStim: autoDraw = True
12.9801 	EXP 	stopSignal: autoDraw = True
13.3706 	DATA 	Keypress: right
13.4726 	EXP 	stopSignal: autoDraw = False
13.5715 	EXP 	goStim: autoDraw = False
14.5805 	EXP 	rules: autoDraw = False
14.5805 	EXP 	fixation: autoDraw = False
14.5805 	EXP 	goStim: autoDraw = False
14.5805 	EXP 	stopSignal: autoDraw = False
14.5805 	EXP 	rules: autoDraw = False
14.5805 	EXP 	text: text = 'Correct'
14.5805 	EXP 	text: autoDraw = True
14.5805 	EXP 	rules_2: autoDraw = True
15.0652 	EXP 	New trial (rep=0, index=4): <Trial 4 (4 in rep 0) data={'corrGoResp': None, 'shape': None, 'thisN': 4, 'thisTrialN': 4, 'thisRepN': 0}>
15.0696 	EXP 	text: autoDraw = False
15.0696 	EXP 	rules_2: autoDraw = False
15.0696 	EXP 	text: autoDraw = False
15.0696 	EXP 	rules_2: autoDraw = False
15.0696 	EXP 	goStim: image = 'squareblack.png'
15.0696 	EXP 	fixation: autoDraw = True
15.0696 	EXP 	rules: autoDraw = True
15.5640 	INFO 	Keyboard events cleared
15.5638 	EXP 	fixation: autoDraw = False
15.5638 	EXP 	goStim: autoDraw = True
15.9669 	EXP 	stopSignal: autoDraw = True
16.1507 	DATA 	Keypress: right
16.4635 	EXP 	stopSignal: autoDraw = False
16.5546 	EXP 	goStim: autoDraw = False
17.5638 	EXP 	rules: autoDraw = False
17.5638 	EXP 	fixation: autoDraw = False
17.5638 	EXP 	goStim: autoDraw = False
17.5638 	EXP 	stopSignal: autoDraw = False
17.5638 	EXP 	rules: autoDraw = False
17.5638 	EXP 	text: text = 'Correct'
17.5638 	EXP 	text: autoDraw = True
17.5638 	EXP 	rules_2: autoDraw = True
18.0490 	EXP 	New trial (rep=0, index=5): <Trial 5 (5 in rep 0) data={'corrGoResp': None, 'shape': None, 'thisN': 5, 'thisTrialN': 5, 'thisRepN': 0}>
18.0537 	EXP 	text: autoDraw = False
18.0537 	EXP 	rules_2: autoDraw = False
18.0537 	EXP 	text: autoDraw = False
18.0537 	EXP 	rules_2: autoDraw = False
18.0537 	EXP 	goStim: image = 'circleblack.png'
18.0537 	EXP 	fixation: autoDraw = True
18.0537 	EXP 	rules: autoDraw = True
18.5504 	INFO 	Keyboard events cleared
18.5501 	EXP 	goStim: autoDraw = True
18.5555 	EXP 	fixation: autoDraw = False
18.9501 	EXP 	stopSignal: autoDraw = True
19.1540 	DATA 	Keypress: left
19.4502 	EXP 	stopSignal: autoDraw = False
19.5380 	EXP 	goStim: autoDraw = False
20.5472 	EXP 	rules: autoDraw = False
20.5472 	EXP 	fixation: autoDraw = False
20.5472 	EXP 	goStim: autoDraw = False
20.5472 	EXP 	stopSignal: autoDraw = False
20.5472 	EXP 	rules: autoDraw = False
20.5472 	EXP 	text: text = 'Correct'
20.5472 	EXP 	text: autoDraw = True
20.5472 	EXP 	rules_2: autoDraw = True
21.0323 	EXP 	New trial (rep=1, index=6): <Trial 6 (6 in rep 1) data={'corrGoResp': '$currentCorrectResponse', 'shape': '$currentGoStim', 'thisN': 6, 'thisTrialN': 6, 'thisRepN': 1}>
21.0379 	EXP 	text: autoDraw = False
21.0379 	EXP 	rules_2: autoDraw = False
21.0379 	EXP 	text: autoDraw = False
21.0379 	EXP 	rules_2: autoDraw = False
21.0379 	EXP 	goStim: image = 'circleblack.png'
21.0379 	EXP 	fixation: autoDraw = True
21.0379 	EXP 	rules: autoDraw = True
21.5226 	INFO 	Keyboard events cleared
21.5223 	EXP 	goStim: autoDraw = True
21.5282 	EXP 	fixation: autoDraw = False
21.9219 	EXP 	stopSignal: autoDraw = True
22.2487 	DATA 	Keypress: left
22.4136 	EXP 	stopSignal: autoDraw = False
22.5169 	EXP 	goStim: autoDraw = False
23.5306 	EXP 	rules: autoDraw = False
23.5306 	EXP 	fixation: autoDraw = False
23.5306 	EXP 	goStim: autoDraw = False
23.5306 	EXP 	stopSignal: autoDraw = False
23.5306 	EXP 	rules: autoDraw = False
23.5306 	EXP 	text: text = 'Correct'
23.5306 	EXP 	text: autoDraw = True
23.5306 	EXP 	rules_2: autoDraw = True
24.0155 	EXP 	New trial (rep=1, index=7): <Trial 7 (7 in rep 1) data={'corrGoResp': None, 'shape': None, 'thisN': 7, 'thisTrialN': 7, 'thisRepN': 1}>
24.0198 	EXP 	text: autoDraw = False
24.0198 	EXP 	rules_2: autoDraw = False
24.0198 	EXP 	text: autoDraw = False
24.0198 	EXP 	rules_2: autoDraw = False
24.0198 	EXP 	goStim: image = 'circleblack.png'
24.0198 	EXP 	fixation: autoDraw = True
24.0198 	EXP 	rules: autoDraw = True
24.5253 	INFO 	Keyboard events cleared
24.5250 	EXP 	fixation: autoDraw = False
24.5250 	EXP 	goStim: autoDraw = True
24.9170 	EXP 	stopSignal: autoDraw = True
25.4051 	EXP 	stopSignal: autoDraw = False
25.5254 	EXP 	goStim: autoDraw = False
26.5138 	EXP 	rules: autoDraw = False
26.5138 	EXP 	fixation: autoDraw = False
26.5138 	EXP 	goStim: autoDraw = False
26.5138 	EXP 	stopSignal: autoDraw = False
26.5138 	EXP 	rules: autoDraw = False
26.5138 	EXP 	text: text = 'Correct'
26.5138 	EXP 	text: autoDraw = True
26.5138 	EXP 	rules_2: autoDraw = True
26.9996 	EXP 	New trial (rep=2, index=8): <Trial 8 (8 in rep 2) data={'corrGoResp': None, 'shape': None, 'thisN': 8, 'thisTrialN': 8, 'thisRepN': 2}>
27.0042 	EXP 	text: autoDraw = False
27.0042 	EXP 	rules_2: autoDraw = False
27.0042 	EXP 	text: autoDraw = False
27.0042 	EXP 	rules_2: autoDraw = False
27.0042 	EXP 	goStim: image = 'squareblack.png'
27.0042 	EXP 	fixation: autoDraw = True
27.0042 	EXP 	rules: autoDraw = True
27.4976 	INFO 	Keyboard events cleared
27.4972 	EXP 	fixation: autoDraw = False
27.4972 	EXP 	goStim: autoDraw = True
27.9387 	EXP 	stopSignal: autoDraw = True
28.3002 	DATA 	Keypress: right
28.4283 	EXP 	stopSignal: autoDraw = False
28.4967 	EXP 	goStim: autoDraw = False
29.4975 	EXP 	rules: autoDraw = False
29.4975 	EXP 	fixation: autoDraw = False
29.4975 	EXP 	goStim: autoDraw = False
29.4975 	EXP 	stopSignal: autoDraw = False
29.4975 	EXP 	rules: autoDraw = False
29.4975 	EXP 	text: text = 'Correct'
29.4975 	EXP 	text: autoDraw = True
29.4975 	EXP 	rules_2: autoDraw = True
29.9825 	EXP 	New trial (rep=1, index=9): <Trial 9 (9 in rep 1) data={'corrGoResp': None, 'shape': None, 'thisN': 9, 'thisTrialN': 9, 'thisRepN': 1}>
29.9874 	EXP 	text: autoDraw = False
29.9874 	EXP 	rules_2: autoDraw = False
29.9874 	EXP 	text: autoDraw = False
29.9874 	EXP 	rules_2: autoDraw = False
29.9874 	EXP 	goStim: image = 'circleblack.png'
29.9874 	EXP 	fixation: autoDraw = True
29.9874 	EXP 	rules: autoDraw = True
30.4727 	INFO 	Keyboard events cleared
30.4723 	EXP 	goStim: autoDraw = True
30.4781 	EXP 	fixation: autoDraw = False
30.9304 	EXP 	stopSignal: autoDraw = True
31.1737 	DATA 	Keypress: left
31.4189 	EXP 	stopSignal: autoDraw = False
31.4635 	EXP 	goStim: autoDraw = False
32.4904 	EXP 	rules: autoDraw = False
32.4904 	EXP 	fixation: autoDraw = False
32.4904 	EXP 	goStim: autoDraw = False
32.4904 	EXP 	stopSignal: autoDraw = False
32.4904 	EXP 	rules: autoDraw = False
32.4904 	EXP 	text: text = 'Correct'
32.4904 	EXP 	text: autoDraw = True
32.4904 	EXP 	rules_2: autoDraw = True
32.9858 	EXP 	New trial (rep=3, index=10): <Trial 10 (10 in rep 3) data={'corrGoResp': None, 'shape': None, 'thisN': 10, 'thisTrialN': 10, 'thisRepN': 3}>
32.9908 	EXP 	text: autoDraw = False
32.9908 	EXP 	rules_2: autoDraw = False
32.9908 	EXP 	text: autoDraw = False
32.9908 	EXP 	rules_2: autoDraw = False
32.9908 	EXP 	goStim: image = 'squareblack.png'
32.9908 	EXP 	fixation: autoDraw = True
32.9908 	EXP 	rules: autoDraw = True
33.4835 	INFO 	Keyboard events cleared
33.4831 	EXP 	goStim: autoDraw = True
33.4884 	EXP 	fixation: autoDraw = False
33.9287 	EXP 	stopSignal: autoDraw = True
34.4246 	EXP 	stopSignal: autoDraw = False
34.4788 	EXP 	goStim: autoDraw = False
35.4799 	EXP 	rules: autoDraw = False
35.4799 	EXP 	fixation: autoDraw = False
35.4799 	EXP 	goStim: autoDraw = False
35.4799 	EXP 	stopSignal: autoDraw = False
35.4799 	EXP 	rules: autoDraw = False
35.4799 	EXP 	text: text = 'Correct'
35.4799 	EXP 	text: autoDraw = True
35.4799 	EXP 	rules_2: autoDraw = True
35.9780 	EXP 	New trial (rep=4, index=11): <Trial 11 (11 in rep 4) data={'corrGoResp': None, 'shape': None, 'thisN': 11, 'thisTrialN': 11, 'thisRepN': 4}>
35.9915 	EXP 	text: autoDraw = False
35.9915 	EXP 	rules_2: autoDraw = False
35.9915 	EXP 	goStim: image = 'squareblack.png'
35.9915 	EXP 	fixation: autoDraw = True
35.9915 	EXP 	rules: autoDraw = True
36.4750 	INFO 	Keyboard events cleared
36.4747 	EXP 	goStim: autoDraw = True
36.4793 	EXP 	fixation: autoDraw = False
36.9479 	DATA 	Keypress: right
36.9746 	EXP 	stopSignal: autoDraw = True
37.4709 	EXP 	goStim: autoDraw = False
37.4709 	EXP 	stopSignal: autoDraw = False
38.4865 	EXP 	rules: autoDraw = False
38.4865 	EXP 	fixation: autoDraw = False
38.4865 	EXP 	goStim: autoDraw = False
38.4865 	EXP 	stopSignal: autoDraw = False
38.4865 	EXP 	rules: autoDraw = False
38.4865 	EXP 	text: height = 0.05
38.4865 	EXP 	text: height = 0.05
38.4865 	EXP 	text: height = 0.05
38.4865 	EXP 	text: text = 'There was a star'
38.4865 	EXP 	text: autoDraw = True
38.4865 	EXP 	rules_2: autoDraw = True
38.9727 	EXP 	New trial (rep=2, index=12): <Trial 12 (12 in rep 2) data={'corrGoResp': None, 'shape': None, 'thisN': 12, 'thisTrialN': 12, 'thisRepN': 2}>
38.9774 	EXP 	text: autoDraw = False
38.9774 	EXP 	rules_2: autoDraw = False
38.9774 	EXP 	text: autoDraw = False
38.9774 	EXP 	rules_2: autoDraw = False
38.9774 	EXP 	goStim: image = 'circleblack.png'
38.9774 	EXP 	fixation: autoDraw = True
38.9774 	EXP 	rules: autoDraw = True
39.4730 	INFO 	Keyboard events cleared
39.4726 	EXP 	fixation: autoDraw = False
39.4726 	EXP 	goStim: autoDraw = True
39.8885 	DATA 	Keypress: left
39.9212 	EXP 	stopSignal: autoDraw = True
40.4164 	EXP 	stopSignal: autoDraw = False
40.4637 	EXP 	goStim: autoDraw = False
41.4714 	EXP 	rules: autoDraw = False
41.4714 	EXP 	fixation: autoDraw = False
41.4714 	EXP 	goStim: autoDraw = False
41.4714 	EXP 	stopSignal: autoDraw = False
41.4714 	EXP 	rules: autoDraw = False
41.4714 	EXP 	text: text = 'There was a star'
41.4714 	EXP 	text: autoDraw = True
41.4714 	EXP 	rules_2: autoDraw = True
41.9562 	EXP 	New trial (rep=3, index=13): <Trial 13 (13 in rep 3) data={'corrGoResp': None, 'shape': None, 'thisN': 13, 'thisTrialN': 13, 'thisRepN': 3}>
41.9663 	EXP 	text: autoDraw = False
41.9663 	EXP 	rules_2: autoDraw = False
41.9663 	EXP 	text: autoDraw = False
41.9663 	EXP 	rules_2: autoDraw = False
41.9663 	EXP 	goStim: image = 'circleblack.png'
41.9663 	EXP 	fixation: autoDraw = True
41.9663 	EXP 	rules: autoDraw = True
42.4476 	INFO 	Keyboard events cleared
42.4472 	EXP 	goStim: autoDraw = True
42.4671 	EXP 	fixation: autoDraw = False
42.8467 	EXP 	stopSignal: autoDraw = True
43.3474 	EXP 	stopSignal: autoDraw = False
43.4473 	EXP 	goStim: autoDraw = False
44.4614 	EXP 	rules: autoDraw = False
44.4614 	EXP 	fixation: autoDraw = False
44.4614 	EXP 	goStim: autoDraw = False
44.4614 	EXP 	stopSignal: autoDraw = False
44.4614 	EXP 	rules: autoDraw = False
44.4614 	EXP 	text: height = 0.05
44.4614 	EXP 	text: height = 0.05
44.4614 	EXP 	text: height = 0.05
44.4614 	EXP 	text: text = 'Correct'
44.4614 	EXP 	text: autoDraw = True
44.4614 	EXP 	rules_2: autoDraw = True
44.9519 	EXP 	New trial (rep=2, index=14): <Trial 14 (14 in rep 2) data={'corrGoResp': '$currentCorrectResponse', 'shape': '$currentGoStim', 'thisN': 14, 'thisTrialN': 14, 'thisRepN': 2}>
44.9558 	EXP 	text: autoDraw = False
44.9558 	EXP 	rules_2: autoDraw = False
44.9558 	EXP 	text: autoDraw = False
44.9558 	EXP 	rules_2: autoDraw = False
44.9558 	EXP 	goStim: image = 'squareblack.png'
44.9558 	EXP 	fixation: autoDraw = True
44.9558 	EXP 	rules: autoDraw = True
45.4503 	INFO 	Keyboard events cleared
45.4499 	EXP 	goStim: autoDraw = True
45.4555 	EXP 	fixation: autoDraw = False
45.9004 	EXP 	stopSignal: autoDraw = True
45.9787 	DATA 	Keypress: right
46.4003 	EXP 	stopSignal: autoDraw = False
46.4505 	EXP 	goStim: autoDraw = False
47.4473 	EXP 	rules: autoDraw = False
47.4473 	EXP 	fixation: autoDraw = False
47.4473 	EXP 	goStim: autoDraw = False
47.4473 	EXP 	stopSignal: autoDraw = False
47.4473 	EXP 	rules: autoDraw = False
47.4473 	EXP 	text: text = 'Correct'
47.4473 	EXP 	text: autoDraw = True
47.4473 	EXP 	rules_2: autoDraw = True
47.9356 	EXP 	New trial (rep=4, index=15): <Trial 15 (15 in rep 4) data={'corrGoResp': None, 'shape': None, 'thisN': 15, 'thisTrialN': 15, 'thisRepN': 4}>
47.9398 	EXP 	text: autoDraw = False
47.9398 	EXP 	rules_2: autoDraw = False
47.9398 	EXP 	text: autoDraw = False
47.9398 	EXP 	rules_2: autoDraw = False
47.9398 	EXP 	goStim: image = 'squareblack.png'
47.9398 	EXP 	fixation: autoDraw = True
47.9398 	EXP 	rules: autoDraw = True
48.4339 	INFO 	Keyboard events cleared
48.4336 	EXP 	goStim: autoDraw = True
48.4377 	EXP 	fixation: autoDraw = False
48.8776 	EXP 	stopSignal: autoDraw = True
49.0135 	DATA 	Keypress: right
49.3752 	EXP 	stopSignal: autoDraw = False
49.4225 	EXP 	goStim: autoDraw = False
50.4412 	EXP 	rules: autoDraw = False
50.4412 	EXP 	fixation: autoDraw = False
50.4412 	EXP 	goStim: autoDraw = False
50.4412 	EXP 	stopSignal: autoDraw = False
50.4412 	EXP 	rules: autoDraw = False
50.4412 	EXP 	text: text = 'Correct'
50.4412 	EXP 	text: autoDraw = True
50.4412 	EXP 	rules_2: autoDraw = True
50.9304 	EXP 	New trial (rep=3, index=16): <Trial 16 (16 in rep 3) data={'corrGoResp': None, 'shape': None, 'thisN': 16, 'thisTrialN': 16, 'thisRepN': 3}>
50.9362 	EXP 	text: autoDraw = False
50.9362 	EXP 	rules_2: autoDraw = False
50.9362 	EXP 	text: autoDraw = False
50.9362 	EXP 	rules_2: autoDraw = False
50.9362 	EXP 	goStim: image = 'circleblack.png'
50.9362 	EXP 	fixation: autoDraw = True
50.9362 	EXP 	rules: autoDraw = True
51.4234 	INFO 	Keyboard events cleared
51.4230 	EXP 	goStim: autoDraw = True
51.4284 	EXP 	fixation: autoDraw = False
51.8716 	EXP 	stopSignal: autoDraw = True
52.3610 	EXP 	stopSignal: autoDraw = False
52.4135 	EXP 	goStim: autoDraw = False
52.4783 	DATA 	Keypress: left
53.4282 	EXP 	rules: autoDraw = False
53.4282 	EXP 	fixation: autoDraw = False
53.4282 	EXP 	goStim: autoDraw = False
53.4282 	EXP 	stopSignal: autoDraw = False
53.4282 	EXP 	rules: autoDraw = False
53.4282 	EXP 	text: text = 'Correct'
53.4282 	EXP 	text: autoDraw = True
53.4282 	EXP 	rules_2: autoDraw = True
53.9197 	EXP 	New trial (rep=3, index=17): <Trial 17 (17 in rep 3) data={'corrGoResp': '$currentCorrectResponse', 'shape': '$currentGoStim', 'thisN': 17, 'thisTrialN': 17, 'thisRepN': 3}>
53.9244 	EXP 	text: autoDraw = False
53.9244 	EXP 	rules_2: autoDraw = False
53.9244 	EXP 	text: autoDraw = False
53.9244 	EXP 	rules_2: autoDraw = False
53.9244 	EXP 	goStim: image = 'squareblack.png'
53.9244 	EXP 	fixation: autoDraw = True
53.9244 	EXP 	rules: autoDraw = True
54.4173 	INFO 	Keyboard events cleared
54.4170 	EXP 	goStim: autoDraw = True
54.4219 	EXP 	fixation: autoDraw = False
54.8671 	EXP 	stopSignal: autoDraw = True
55.3631 	EXP 	stopSignal: autoDraw = False
55.4128 	EXP 	goStim: autoDraw = False
56.4247 	EXP 	rules: autoDraw = False
56.4247 	EXP 	fixation: autoDraw = False
56.4247 	EXP 	goStim: autoDraw = False
56.4247 	EXP 	stopSignal: autoDraw = False
56.4247 	EXP 	rules: autoDraw = False
56.4247 	EXP 	text: height = 0.05
56.4247 	EXP 	text: height = 0.05
56.4247 	EXP 	text: height = 0.05
56.4247 	EXP 	text: text = 'Respond Faster'
56.4247 	EXP 	text: autoDraw = True
56.4247 	EXP 	rules_2: autoDraw = True
56.9124 	EXP 	New trial (rep=4, index=18): <Trial 18 (18 in rep 4) data={'corrGoResp': '$currentCorrectResponse', 'shape': '$currentGoStim', 'thisN': 18, 'thisTrialN': 18, 'thisRepN': 4}>
56.9155 	EXP 	text: autoDraw = False
56.9155 	EXP 	rules_2: autoDraw = False
56.9155 	EXP 	goStim: image = 'squareblack.png'
56.9155 	EXP 	fixation: autoDraw = True
56.9155 	EXP 	rules: autoDraw = True
57.4066 	INFO 	Keyboard events cleared
57.4063 	EXP 	fixation: autoDraw = False
57.4063 	EXP 	goStim: autoDraw = True
57.8532 	EXP 	stopSignal: autoDraw = True
57.9193 	DATA 	Keypress: right
58.3474 	EXP 	stopSignal: autoDraw = False
58.3970 	EXP 	goStim: autoDraw = False
59.4047 	EXP 	rules: autoDraw = False
59.4047 	EXP 	fixation: autoDraw = False
59.4047 	EXP 	goStim: autoDraw = False
59.4047 	EXP 	stopSignal: autoDraw = False
59.4047 	EXP 	rules: autoDraw = False
59.4047 	EXP 	text: height = 0.05
59.4047 	EXP 	text: height = 0.05
59.4047 	EXP 	text: height = 0.05
59.4047 	EXP 	text: text = 'Correct'
59.4047 	EXP 	text: autoDraw = True
59.4047 	EXP 	rules_2: autoDraw = True
59.8954 	EXP 	New trial (rep=5, index=19): <Trial 19 (19 in rep 5) data={'corrGoResp': None, 'shape': None, 'thisN': 19, 'thisTrialN': 19, 'thisRepN': 5}>
59.9010 	EXP 	text: autoDraw = False
59.9010 	EXP 	rules_2: autoDraw = False
59.9010 	EXP 	text: autoDraw = False
59.9010 	EXP 	rules_2: autoDraw = False
59.9010 	EXP 	goStim: image = 'circleblack.png'
59.9010 	EXP 	fixation: autoDraw = True
59.9010 	EXP 	rules: autoDraw = True
60.3955 	INFO 	Keyboard events cleared
60.3953 	EXP 	fixation: autoDraw = False
60.3953 	EXP 	goStim: autoDraw = True
60.8414 	EXP 	stopSignal: autoDraw = True
60.9128 	DATA 	Keypress: left
61.3375 	EXP 	stopSignal: autoDraw = False
61.3894 	EXP 	goStim: autoDraw = False
62.3978 	EXP 	rules: autoDraw = False
62.3978 	EXP 	fixation: autoDraw = False
62.3978 	EXP 	goStim: autoDraw = False
62.3978 	EXP 	stopSignal: autoDraw = False
62.3978 	EXP 	rules: autoDraw = False
62.3978 	EXP 	text: text = 'Correct'
62.3978 	EXP 	text: autoDraw = True
62.3978 	EXP 	rules_2: autoDraw = True
62.8948 	EXP 	New trial (rep=5, index=20): <Trial 20 (20 in rep 5) data={'corrGoResp': '$currentCorrectResponse', 'shape': '$currentGoStim', 'thisN': 20, 'thisTrialN': 20, 'thisRepN': 5}>
62.8997 	EXP 	text: autoDraw = False
62.8997 	EXP 	rules_2: autoDraw = False
62.8997 	EXP 	text: autoDraw = False
62.8997 	EXP 	rules_2: autoDraw = False
62.8997 	EXP 	goStim: image = 'circleblack.png'
62.8997 	EXP 	fixation: autoDraw = True
62.8997 	EXP 	rules: autoDraw = True
63.3925 	INFO 	Keyboard events cleared
63.3922 	EXP 	goStim: autoDraw = True
63.3980 	EXP 	fixation: autoDraw = False
63.8361 	EXP 	stopSignal: autoDraw = True
63.8899 	DATA 	Keypress: left
64.3300 	EXP 	stopSignal: autoDraw = False
64.3921 	EXP 	goStim: autoDraw = False
65.3975 	EXP 	rules: autoDraw = False
65.3975 	EXP 	fixation: autoDraw = False
65.3975 	EXP 	goStim: autoDraw = False
65.3975 	EXP 	stopSignal: autoDraw = False
65.3975 	EXP 	rules: autoDraw = False
65.3975 	EXP 	text: text = 'Correct'
65.3975 	EXP 	text: autoDraw = True
65.3975 	EXP 	rules_2: autoDraw = True
65.8945 	EXP 	New trial (rep=4, index=21): <Trial 21 (21 in rep 4) data={'corrGoResp': None, 'shape': None, 'thisN': 21, 'thisTrialN': 21, 'thisRepN': 4}>
65.8998 	EXP 	text: autoDraw = False
65.8998 	EXP 	rules_2: autoDraw = False
65.8998 	EXP 	text: autoDraw = False
65.8998 	EXP 	rules_2: autoDraw = False
65.8998 	EXP 	goStim: image = 'squareblack.png'
65.8998 	EXP 	fixation: autoDraw = True
65.8998 	EXP 	rules: autoDraw = True
66.3866 	INFO 	Keyboard events cleared
66.3864 	EXP 	goStim: autoDraw = True
66.4005 	EXP 	fixation: autoDraw = False
66.8365 	EXP 	stopSignal: autoDraw = True
67.3339 	EXP 	stopSignal: autoDraw = False
67.3802 	EXP 	goStim: autoDraw = False
68.3976 	EXP 	rules: autoDraw = False
68.3976 	EXP 	fixation: autoDraw = False
68.3976 	EXP 	goStim: autoDraw = False
68.3976 	EXP 	stopSignal: autoDraw = False
68.3976 	EXP 	rules: autoDraw = False
68.3976 	EXP 	text: text = 'Correct'
68.3976 	EXP 	text: autoDraw = True
68.3976 	EXP 	rules_2: autoDraw = True
68.8828 	EXP 	New trial (rep=5, index=22): <Trial 22 (22 in rep 5) data={'corrGoResp': None, 'shape': None, 'thisN': 22, 'thisTrialN': 22, 'thisRepN': 5}>
68.8872 	EXP 	text: autoDraw = False
68.8872 	EXP 	rules_2: autoDraw = False
68.8872 	EXP 	text: autoDraw = False
68.8872 	EXP 	rules_2: autoDraw = False
68.8872 	EXP 	goStim: image = 'squareblack.png'
68.8872 	EXP 	fixation: autoDraw = True
68.8872 	EXP 	rules: autoDraw = True
69.3840 	INFO 	Keyboard events cleared
69.3838 	EXP 	fixation: autoDraw = False
69.3838 	EXP 	goStim: autoDraw = True
69.8722 	EXP 	stopSignal: autoDraw = True
69.9462 	DATA 	Keypress: right
70.3672 	EXP 	stopSignal: autoDraw = False
70.3717 	EXP 	goStim: autoDraw = False
71.3782 	EXP 	rules: autoDraw = False
71.3782 	EXP 	fixation: autoDraw = False
71.3782 	EXP 	goStim: autoDraw = False
71.3782 	EXP 	stopSignal: autoDraw = False
71.3782 	EXP 	rules: autoDraw = False
71.3782 	EXP 	text: height = 0.05
71.3782 	EXP 	text: height = 0.05
71.3782 	EXP 	text: height = 0.05
71.3782 	EXP 	text: text = 'There was a star'
71.3782 	EXP 	text: autoDraw = True
71.3782 	EXP 	rules_2: autoDraw = True
71.8631 	EXP 	New trial (rep=5, index=23): <Trial 23 (23 in rep 5) data={'corrGoResp': None, 'shape': None, 'thisN': 23, 'thisTrialN': 23, 'thisRepN': 5}>
71.8690 	EXP 	text: autoDraw = False
71.8690 	EXP 	rules_2: autoDraw = False
71.8690 	EXP 	text: autoDraw = False
71.8690 	EXP 	rules_2: autoDraw = False
71.8690 	EXP 	goStim: image = 'circleblack.png'
71.8690 	EXP 	fixation: autoDraw = True
71.8690 	EXP 	rules: autoDraw = True
72.3534 	INFO 	Keyboard events cleared
72.3532 	EXP 	goStim: autoDraw = True
72.3672 	EXP 	fixation: autoDraw = False
72.8032 	EXP 	stopSignal: autoDraw = True
72.8626 	DATA 	Keypress: left
73.2947 	EXP 	stopSignal: autoDraw = False
73.3505 	EXP 	goStim: autoDraw = False
74.3661 	EXP 	rules: autoDraw = False
74.3661 	EXP 	fixation: autoDraw = False
74.3661 	EXP 	goStim: autoDraw = False
74.3661 	EXP 	stopSignal: autoDraw = False
74.3661 	EXP 	rules: autoDraw = False
74.3661 	EXP 	text: height = 0.05
74.3661 	EXP 	text: height = 0.05
74.3661 	EXP 	text: height = 0.05
74.3661 	EXP 	text: text = 'Correct'
74.3661 	EXP 	text: autoDraw = True
74.3661 	EXP 	rules_2: autoDraw = True
74.8765 	DEBUG 	Saving data for simplestop_skeleton ExperimentHandler
74.8775 	INFO 	saved data to /Users/kritiaxh/Documents/paperRepos/SharedControlPaper/experiments/simpleStop/data/339706_simplestop_skeleton_2025-03-13_10h22.27.249.psydat
74.8811 	INFO 	saved data to '/Users/kritiaxh/Documents/paperRepos/SharedControlPaper/experiments/simpleStop/data/339706_simplestop_skeleton_2025-03-13_10h22.27.249.csv'
