3.1649 	DEBUG 	Fullscreen settings ignored as running in pilot mode.
3.1660 	INFO 	Loaded monitor calibration from ['2025_01_07 12:59']
3.3182 	EXP 	Created window1 = Window(allowGUI=False, allowStencil=False, autoLog=True, backendConf=UNKNOWN, backgroundFit=<method-wrapper '__getattribute__' of attributeSetter object at 0x7fc670cf9970>, backgroundImage=<method-wrapper '__getattribute__' of attributeSetter object at 0x7fc670cf98b0>, bitsMode=UNKNOWN, blendMode='avg', bpc=(8, 8, 8), color=array([0, 0, 0]), colorSpace='rgb', depthBits=8, fullscr=False, gamma=None, gammaErrorPolicy='raise', infoMsg=UNKNOWN, lms=UNKNOWN, monitor=<psychopy.monitors.calibTools.Monitor object at 0x7fc670c213a0>, multiSample=False, name='window1', numSamples=2, pos=[356.0, 191.0], screen=0, size=array([1600, 1200]), stencilBits=0, stereo=False, title='PsychoPy', units='height', useFBO=True, useRetina=True, viewOri=0.0, viewPos=None, viewScale=None, waitBlanking=True, winType='pyglet')
3.3182 	EXP 	window1: backgroundImage = ''
3.3182 	EXP 	window1: backgroundFit = 'none'
3.3253 	DEBUG 	TextBox2 loaded 1 chars with 0 blanks and 1 valid
3.3258 	DEBUG 	TextBox2 loaded 1 chars with 0 blanks and 1 valid
3.3262 	DEBUG 	TextBox2 loaded 1 chars with 0 blanks and 1 valid
3.3268 	DEBUG 	TextBox2 loaded 1 chars with 0 blanks and 1 valid
3.3274 	DEBUG 	TextBox2 loaded 1 chars with 0 blanks and 1 valid
3.3277 	DEBUG 	TextBox2 loaded 1 chars with 0 blanks and 1 valid
3.3281 	DEBUG 	TextBox2 loaded 1 chars with 0 blanks and 1 valid
3.3287 	DEBUG 	TextBox2 loaded 1 chars with 0 blanks and 1 valid
3.3289 	DEBUG 	TextBox2 loaded 1 chars with 0 blanks and 1 valid
3.3291 	DEBUG 	TextBox2 loaded 1 chars with 0 blanks and 1 valid
3.3295 	DEBUG 	TextBox2 loaded 1 chars with 0 blanks and 1 valid
3.3300 	DEBUG 	TextBox2 loaded 1 chars with 0 blanks and 1 valid
3.3304 	DEBUG 	TextBox2 loaded 1 chars with 0 blanks and 1 valid
3.3308 	DEBUG 	TextBox2 loaded 1 chars with 0 blanks and 1 valid
3.3312 	DEBUG 	TextBox2 loaded 1 chars with 0 blanks and 1 valid
3.3317 	DEBUG 	TextBox2 loaded 1 chars with 0 blanks and 1 valid
3.3321 	DEBUG 	TextBox2 loaded 1 chars with 0 blanks and 1 valid
3.3323 	DEBUG 	TextBox2 loaded 1 chars with 0 blanks and 1 valid
3.3326 	DEBUG 	TextBox2 loaded 1 chars with 0 blanks and 1 valid
3.3332 	DEBUG 	TextBox2 loaded 1 chars with 0 blanks and 1 valid
3.3334 	DEBUG 	TextBox2 loaded 1 chars with 0 blanks and 1 valid
3.3336 	DEBUG 	Uploading Texture Font fontname to graphics card
3.3364 	DEBUG 	Upload of Texture Font fontname complete
3.3408 	DEBUG 	TextBox2 loaded 1 chars with 0 blanks and 1 valid
3.3414 	DEBUG 	TextBox2 loaded 1 chars with 0 blanks and 1 valid
3.3420 	DEBUG 	TextBox2 loaded 1 chars with 0 blanks and 1 valid
3.3421 	DEBUG 	Uploading Texture Font fontname to graphics card
3.3438 	DEBUG 	Upload of Texture Font fontname complete
3.3451 	EXP 	window1: Attempting to measure frame rate of screen (0) ...
3.3451 	EXP 	window1: recordFrameIntervals = False
3.4595 	EXP 	window1: recordFrameIntervals = True
4.3074 	WARNING 	Couldn't measure a consistent frame rate!
  - Is your graphics card set to sync to vertical blank?
  - Are you running other processes on your computer?

4.3159 	DEBUG 	TextBox2 loaded 1 chars with 0 blanks and 1 valid
4.3165 	DEBUG 	TextBox2 loaded 1 chars with 0 blanks and 1 valid
4.3174 	DEBUG 	TextBox2 loaded 1 chars with 0 blanks and 1 valid
4.3187 	DEBUG 	TextBox2 loaded 1 chars with 0 blanks and 1 valid
4.3198 	DEBUG 	TextBox2 loaded 1 chars with 0 blanks and 1 valid
4.3210 	DEBUG 	TextBox2 loaded 1 chars with 0 blanks and 1 valid
4.3215 	DEBUG 	TextBox2 loaded 1 chars with 0 blanks and 1 valid
4.3225 	DEBUG 	TextBox2 loaded 1 chars with 0 blanks and 1 valid
4.3237 	DEBUG 	TextBox2 loaded 1 chars with 0 blanks and 1 valid
4.3246 	DEBUG 	TextBox2 loaded 1 chars with 0 blanks and 1 valid
4.3249 	DEBUG 	Uploading Texture Font fontname to graphics card
4.3277 	DEBUG 	Upload of Texture Font fontname complete
4.3454 	WARNING 	launchHubServer: If using the iohub mouse or eyetracker devices, fullScr should be True.
6.0566 	INFO 	keyboard.Keyboard is using iohub backend.
6.0566 	INFO 	keyboard.Keyboard is using iohub backend.
6.0567 	INFO 	keyboard.Keyboard is using iohub backend.
6.0567 	INFO 	keyboard.Keyboard is using iohub backend.
6.0567 	INFO 	keyboard.Keyboard is using iohub backend.
6.0567 	INFO 	keyboard.Keyboard is using iohub backend.
6.0567 	INFO 	keyboard.Keyboard is using iohub backend.
6.0567 	INFO 	keyboard.Keyboard is using iohub backend.
6.0568 	INFO 	keyboard.Keyboard is using iohub backend.
6.0568 	EXP 	simplestop_skeleton: status = STARTED
6.0822 	EXP 	Created welcome = TextStim(__class__=<class 'psychopy.visual.text.TextStim'>, alignHoriz=method-wrapper(...), alignText='center', alignVert=method-wrapper(...), anchorHoriz='center', anchorVert='center', antialias=True, autoDraw=False, autoLog=True, bold=False, color=array([1., 1., 1.]), colorSpace='rgb', contrast=1.0, depth=0.0, draggable=False, flipHoriz=False, flipVert=False, font='Open Sans', fontFiles=[], height=0.045, italic=False, languageStyle='LTR', name='welcome', opacity=1, ori=0.0, pos=array([0., 0.]), rgb=UNKNOWN, text=str(...), units='height', win=Window(...), wrapWidth=1)
6.1096 	EXP 	Created instrStopText = TextStim(__class__=<class 'psychopy.visual.text.TextStim'>, alignHoriz=method-wrapper(...), alignText='center', alignVert=method-wrapper(...), anchorHoriz='center', anchorVert='center', antialias=True, autoDraw=False, autoLog=True, bold=False, color=array([1., 1., 1.]), colorSpace='rgb', contrast=1.0, depth=0.0, draggable=False, flipHoriz=False, flipVert=False, font='Arial', fontFiles=[], height=0.025, italic=False, languageStyle='LTR', name='instrStopText', opacity=1, ori=0, pos=array([0., 0.]), rgb=UNKNOWN, text=str(...), units='height', win=Window(...), wrapWidth=1)
6.1116 	EXP 	Created fixation = TextStim(__class__=<class 'psychopy.visual.text.TextStim'>, alignHoriz=method-wrapper(...), alignText='center', alignVert=method-wrapper(...), anchorHoriz='center', anchorVert='center', antialias=True, autoDraw=False, autoLog=True, bold=False, color=array([1., 1., 1.]), colorSpace='rgb', contrast=1.0, depth=0.0, draggable=False, flipHoriz=False, flipVert=False, font='Arial', fontFiles=[], height=0.15, italic=False, languageStyle='LTR', name='fixation', opacity=1, ori=0, pos=array([0., 0.]), rgb=UNKNOWN, text='+', units='height', win=Window(...), wrapWidth=1)
6.1214 	EXP 	Created goStim = ImageStim(__class__=<class 'psychopy.visual.image.ImageStim'>, anchor=('center', 'center'), autoLog=True, color=array([1., 1., 1.]), colorSpace='rgb', contrast=1.0, depth=-1.0, draggable=False, flipHoriz=False, flipVert=False, image='default.png', interpolate=True, mask=None, maskParams=None, name='goStim', opacity=1, ori=0.0, pos=array([0., 0.]), size=array([151., 151.]), texRes=128, units='pix', win=Window(...))
6.1266 	EXP 	Created stopSignal = ImageStim(__class__=<class 'psychopy.visual.image.ImageStim'>, anchor=('center', 'center'), autoLog=True, color=array([1., 1., 1.]), colorSpace='rgb', contrast=1.0, depth=-3.0, draggable=False, flipHoriz=False, flipVert=False, image='stopSignal.png', interpolate=True, mask=None, maskParams=None, name='stopSignal', opacity=1, ori=0.0, pos=array([0., 0.]), size=array([0.5, 0.5]), texRes=128.0, units='height', win=Window(...))
6.1413 	EXP 	Created rules = TextStim(__class__=<class 'psychopy.visual.text.TextStim'>, alignHoriz=method-wrapper(...), alignText='center', alignVert=method-wrapper(...), anchorHoriz='center', anchorVert='center', antialias=True, autoDraw=False, autoLog=True, bold=False, color=array([1., 1., 1.]), colorSpace='rgb', contrast=1.0, depth=-4.0, draggable=False, flipHoriz=False, flipVert=False, font='Open Sans', fontFiles=[], height=0.03, italic=False, languageStyle='LTR', name='rules', opacity=1, ori=0.0, pos=array([-0.6,  0.4]), rgb=UNKNOWN, text=str(...), units='height', win=Window(...), wrapWidth=1)
6.1419 	EXP 	Created text = TextStim(__class__=<class 'psychopy.visual.text.TextStim'>, alignHoriz=method-wrapper(...), alignText='center', alignVert=method-wrapper(...), anchorHoriz='center', anchorVert='center', antialias=True, autoDraw=False, autoLog=True, bold=False, color=array([1., 1., 1.]), colorSpace='rgb', contrast=1.0, depth=-1.0, draggable=False, flipHoriz=False, flipVert=False, font='Arial', fontFiles=[], height=0.05, italic=False, languageStyle='LTR', name='text', opacity=1, ori=0, pos=array([0., 0.]), rgb=UNKNOWN, text='', units='height', win=Window(...), wrapWidth=1)
6.1475 	EXP 	Created rules_2 = TextStim(__class__=<class 'psychopy.visual.text.TextStim'>, alignHoriz=method-wrapper(...), alignText='center', alignVert=method-wrapper(...), anchorHoriz='center', anchorVert='center', antialias=True, autoDraw=False, autoLog=True, bold=False, color=array([1., 1., 1.]), colorSpace='rgb', contrast=1.0, depth=-2.0, draggable=False, flipHoriz=False, flipVert=False, font='Open Sans', fontFiles=[], height=0.03, italic=False, languageStyle='LTR', name='rules_2', opacity=1, ori=0.0, pos=array([-0.6,  0.4]), rgb=UNKNOWN, text=str(...), units='height', win=Window(...), wrapWidth=1)
6.1480 	EXP 	Created text_5 = TextStim(__class__=<class 'psychopy.visual.text.TextStim'>, alignHoriz=method-wrapper(...), alignText='center', alignVert=method-wrapper(...), anchorHoriz='center', anchorVert='center', antialias=True, autoDraw=False, autoLog=True, bold=False, color=array([1., 1., 1.]), colorSpace='rgb', contrast=1.0, depth=-1.0, draggable=False, flipHoriz=False, flipVert=False, font='Arial', fontFiles=[], height=0.025, italic=False, languageStyle='LTR', name='text_5', opacity=1, ori=0, pos=array([0., 0.]), rgb=UNKNOWN, text='', units='height', win=Window(...), wrapWidth=1)
6.1639 	EXP 	Created testText = TextStim(__class__=<class 'psychopy.visual.text.TextStim'>, alignHoriz=method-wrapper(...), alignText='center', alignVert=method-wrapper(...), anchorHoriz='center', anchorVert='center', antialias=True, autoDraw=False, autoLog=True, bold=False, color=array([1., 1., 1.]), colorSpace='rgb', contrast=1.0, depth=-1.0, draggable=False, flipHoriz=False, flipVert=False, font='Arial', fontFiles=[], height=0.025, italic=False, languageStyle='LTR', name='testText', opacity=1, ori=0, pos=array([0., 0.]), rgb=UNKNOWN, text=str(...), units='height', win=Window(...), wrapWidth=1)
6.1655 	EXP 	Created test_fixation = TextStim(__class__=<class 'psychopy.visual.text.TextStim'>, alignHoriz=method-wrapper(...), alignText='center', alignVert=method-wrapper(...), anchorHoriz='center', anchorVert='center', antialias=True, autoDraw=False, autoLog=True, bold=False, color=array([1., 1., 1.]), colorSpace='rgb', contrast=1.0, depth=0.0, draggable=False, flipHoriz=False, flipVert=False, font='Arial', fontFiles=[], height=0.15, italic=False, languageStyle='LTR', name='test_fixation', opacity=1, ori=0, pos=array([0., 0.]), rgb=UNKNOWN, text='+', units='height', win=Window(...), wrapWidth=1)
6.1683 	EXP 	Created goStim_test = ImageStim(__class__=<class 'psychopy.visual.image.ImageStim'>, anchor=('center', 'center'), autoLog=True, color=array([1., 1., 1.]), colorSpace='rgb', contrast=1.0, depth=-1.0, draggable=False, flipHoriz=False, flipVert=False, image='default.png', interpolate=True, mask=None, maskParams=None, name='goStim_test', opacity=1, ori=0.0, pos=array([0., 0.]), size=array([151., 151.]), texRes=128, units='pix', win=Window(...))
6.1737 	EXP 	Created stopSignal_test = ImageStim(__class__=<class 'psychopy.visual.image.ImageStim'>, anchor=('center', 'center'), autoLog=True, color=array([1., 1., 1.]), colorSpace='rgb', contrast=1.0, depth=-3.0, draggable=False, flipHoriz=False, flipVert=False, image='stopSignal.png', interpolate=True, mask=None, maskParams=None, name='stopSignal_test', opacity=1, ori=0.0, pos=array([0., 0.]), size=array([0.5, 0.5]), texRes=128.0, units='height', win=Window(...))
6.1741 	EXP 	Created text_6 = TextStim(__class__=<class 'psychopy.visual.text.TextStim'>, alignHoriz=method-wrapper(...), alignText='center', alignVert=method-wrapper(...), anchorHoriz='center', anchorVert='center', antialias=True, autoDraw=False, autoLog=True, bold=False, color=array([1., 1., 1.]), colorSpace='rgb', contrast=1.0, depth=-1.0, draggable=False, flipHoriz=False, flipVert=False, font='Arial', fontFiles=[], height=0.025, italic=False, languageStyle='LTR', name='text_6', opacity=1, ori=0, pos=array([0., 0.]), rgb=UNKNOWN, text='', units='height', win=Window(...), wrapWidth=1)
6.1794 	EXP 	Created ending_text = TextStim(__class__=<class 'psychopy.visual.text.TextStim'>, alignHoriz=method-wrapper(...), alignText='center', alignVert=method-wrapper(...), anchorHoriz='center', anchorVert='center', antialias=True, autoDraw=False, autoLog=True, bold=False, color=array([1., 1., 1.]), colorSpace='rgb', contrast=1.0, depth=0.0, draggable=False, flipHoriz=False, flipVert=False, font='Open Sans', fontFiles=[], height=0.05, italic=False, languageStyle='LTR', name='ending_text', opacity=1, ori=0.0, pos=array([0., 0.]), rgb=UNKNOWN, text=str(...), units='height', win=Window(...), wrapWidth=1)
0.0149 	INFO 	Keyboard events cleared
0.0146 	EXP 	welcome: autoDraw = True
2.2787 	DATA 	Keypress: return
2.2829 	INFO 	Keyboard events cleared
2.2825 	WARNING 	t of last frame was 35.18ms (=1/28)
2.2825 	EXP 	welcome: autoDraw = False
2.2825 	EXP 	instrStopText: autoDraw = True
2.8310 	EXP 	New trial (rep=0, index=0): <Trial 0 (0 in rep 0) data={'thisN': 0, 'thisTrialN': 0, 'thisRepN': 0}>
2.8378 	DEBUG 	Read excel file with openpyxl: condition.xlsx
2.8381 	EXP 	Imported condition.xlsx as conditions, 4 conditions, 2 params
2.8384 	EXP 	New trial (rep=0, index=0): <Trial 0 (0 in rep 0) data={'corrGoResp': None, 'shape': None, 'thisN': 0, 'thisTrialN': 0, 'thisRepN': 0}>
2.8491 	DATA 	Keypress: return
2.8513 	WARNING 	t of last frame was 23.54ms (=1/42)
2.8513 	EXP 	instrStopText: autoDraw = False
2.8513 	EXP 	goStim: image = 'squareblack.png'
2.8513 	EXP 	fixation: autoDraw = True
2.8513 	EXP 	rules: autoDraw = True
3.3309 	INFO 	Keyboard events cleared
3.3306 	EXP 	goStim: autoDraw = True
3.3497 	EXP 	fixation: autoDraw = False
3.6861 	EXP 	stopSignal: autoDraw = True
4.1862 	EXP 	stopSignal: autoDraw = False
4.3278 	EXP 	goStim: autoDraw = False
5.3584 	EXP 	rules: autoDraw = False
5.3584 	EXP 	fixation: autoDraw = False
5.3584 	EXP 	goStim: autoDraw = False
5.3584 	EXP 	stopSignal: autoDraw = False
5.3584 	EXP 	rules: autoDraw = False
5.3584 	EXP 	text: height = 0.05
5.3584 	EXP 	text: height = 0.05
5.3584 	EXP 	text: height = 0.05
5.3584 	EXP 	text: text = 'Respond Faster'
5.3584 	EXP 	text: autoDraw = True
5.3584 	EXP 	rules_2: autoDraw = True
5.8467 	EXP 	New trial (rep=0, index=1): <Trial 1 (1 in rep 0) data={'corrGoResp': None, 'shape': None, 'thisN': 1, 'thisTrialN': 1, 'thisRepN': 0}>
5.8511 	EXP 	text: autoDraw = False
5.8511 	EXP 	rules_2: autoDraw = False
5.8511 	EXP 	text: autoDraw = False
5.8511 	EXP 	rules_2: autoDraw = False
5.8511 	EXP 	goStim: image = 'squareblack.png'
5.8511 	EXP 	fixation: autoDraw = True
5.8511 	EXP 	rules: autoDraw = True
6.3392 	INFO 	Keyboard events cleared
6.3390 	EXP 	goStim: autoDraw = True
6.3527 	EXP 	fixation: autoDraw = False
6.6910 	EXP 	stopSignal: autoDraw = True
7.1802 	EXP 	stopSignal: autoDraw = False
7.3299 	EXP 	goStim: autoDraw = False
8.3447 	EXP 	rules: autoDraw = False
8.3447 	EXP 	fixation: autoDraw = False
8.3447 	EXP 	goStim: autoDraw = False
8.3447 	EXP 	stopSignal: autoDraw = False
8.3447 	EXP 	rules: autoDraw = False
8.3447 	EXP 	text: height = 0.05
8.3447 	EXP 	text: height = 0.05
8.3447 	EXP 	text: height = 0.05
8.3447 	EXP 	text: text = 'Correct'
8.3447 	EXP 	text: autoDraw = True
8.3447 	EXP 	rules_2: autoDraw = True
8.8392 	EXP 	New trial (rep=0, index=2): <Trial 2 (2 in rep 0) data={'corrGoResp': '$currentCorrectResponse', 'shape': '$currentGoStim', 'thisN': 2, 'thisTrialN': 2, 'thisRepN': 0}>
8.8457 	EXP 	text: autoDraw = False
8.8457 	EXP 	rules_2: autoDraw = False
8.8457 	EXP 	goStim: image = 'circleblack.png'
8.8457 	EXP 	fixation: autoDraw = True
8.8457 	EXP 	rules: autoDraw = True
9.3416 	INFO 	Keyboard events cleared
9.3413 	EXP 	fixation: autoDraw = False
9.3413 	EXP 	goStim: autoDraw = True
9.7302 	EXP 	stopSignal: autoDraw = True
10.2217 	EXP 	stopSignal: autoDraw = False
10.3325 	EXP 	goStim: autoDraw = False
11.3394 	EXP 	rules: autoDraw = False
11.3394 	EXP 	fixation: autoDraw = False
11.3394 	EXP 	goStim: autoDraw = False
11.3394 	EXP 	stopSignal: autoDraw = False
11.3394 	EXP 	rules: autoDraw = False
11.3394 	EXP 	text: height = 0.05
11.3394 	EXP 	text: height = 0.05
11.3394 	EXP 	text: height = 0.05
11.3394 	EXP 	text: text = 'Respond Faster'
11.3394 	EXP 	text: autoDraw = True
11.3394 	EXP 	rules_2: autoDraw = True
11.8382 	EXP 	New trial (rep=1, index=3): <Trial 3 (3 in rep 1) data={'corrGoResp': None, 'shape': None, 'thisN': 3, 'thisTrialN': 3, 'thisRepN': 1}>
11.8426 	EXP 	text: autoDraw = False
11.8426 	EXP 	rules_2: autoDraw = False
11.8426 	EXP 	goStim: image = 'circleblack.png'
11.8426 	EXP 	fixation: autoDraw = True
11.8426 	EXP 	rules: autoDraw = True
12.3365 	INFO 	Keyboard events cleared
12.3362 	EXP 	goStim: autoDraw = True
12.3416 	EXP 	fixation: autoDraw = False
12.7301 	EXP 	stopSignal: autoDraw = True
13.2220 	EXP 	stopSignal: autoDraw = False
13.3244 	EXP 	goStim: autoDraw = False
14.3331 	EXP 	rules: autoDraw = False
14.3331 	EXP 	fixation: autoDraw = False
14.3331 	EXP 	goStim: autoDraw = False
14.3331 	EXP 	stopSignal: autoDraw = False
14.3331 	EXP 	rules: autoDraw = False
14.3331 	EXP 	text: text = 'Respond Faster'
14.3331 	EXP 	text: autoDraw = True
14.3331 	EXP 	rules_2: autoDraw = True
14.8301 	EXP 	New trial (rep=1, index=4): <Trial 4 (4 in rep 1) data={'corrGoResp': None, 'shape': None, 'thisN': 4, 'thisTrialN': 4, 'thisRepN': 1}>
14.8348 	EXP 	text: autoDraw = False
14.8348 	EXP 	rules_2: autoDraw = False
14.8348 	EXP 	text: autoDraw = False
14.8348 	EXP 	rules_2: autoDraw = False
14.8348 	EXP 	goStim: image = 'squareblack.png'
14.8348 	EXP 	fixation: autoDraw = True
14.8348 	EXP 	rules: autoDraw = True
15.3282 	INFO 	Keyboard events cleared
15.3279 	EXP 	goStim: autoDraw = True
15.3333 	EXP 	fixation: autoDraw = False
15.7247 	EXP 	stopSignal: autoDraw = True
16.2248 	EXP 	stopSignal: autoDraw = False
16.3247 	EXP 	goStim: autoDraw = False
17.3335 	EXP 	rules: autoDraw = False
17.3335 	EXP 	fixation: autoDraw = False
17.3335 	EXP 	goStim: autoDraw = False
17.3335 	EXP 	stopSignal: autoDraw = False
17.3335 	EXP 	rules: autoDraw = False
17.3335 	EXP 	text: text = 'Respond Faster'
17.3335 	EXP 	text: autoDraw = True
17.3335 	EXP 	rules_2: autoDraw = True
17.8302 	EXP 	New trial (rep=0, index=5): <Trial 5 (5 in rep 0) data={'corrGoResp': None, 'shape': None, 'thisN': 5, 'thisTrialN': 5, 'thisRepN': 0}>
17.8347 	EXP 	text: autoDraw = False
17.8347 	EXP 	rules_2: autoDraw = False
17.8347 	EXP 	text: autoDraw = False
17.8347 	EXP 	rules_2: autoDraw = False
17.8347 	EXP 	goStim: image = 'squareblack.png'
17.8347 	EXP 	fixation: autoDraw = True
17.8347 	EXP 	rules: autoDraw = True
18.3250 	INFO 	Keyboard events cleared
18.3248 	EXP 	fixation: autoDraw = False
18.3248 	EXP 	goStim: autoDraw = True
18.7217 	EXP 	stopSignal: autoDraw = True
19.2138 	EXP 	stopSignal: autoDraw = False
19.3162 	EXP 	goStim: autoDraw = False
20.3248 	EXP 	rules: autoDraw = False
20.3248 	EXP 	fixation: autoDraw = False
20.3248 	EXP 	goStim: autoDraw = False
20.3248 	EXP 	stopSignal: autoDraw = False
20.3248 	EXP 	rules: autoDraw = False
20.3248 	EXP 	text: text = 'Respond Faster'
20.3248 	EXP 	text: autoDraw = True
20.3248 	EXP 	rules_2: autoDraw = True
20.8217 	EXP 	New trial (rep=2, index=6): <Trial 6 (6 in rep 2) data={'corrGoResp': None, 'shape': None, 'thisN': 6, 'thisTrialN': 6, 'thisRepN': 2}>
20.8258 	EXP 	text: autoDraw = False
20.8258 	EXP 	rules_2: autoDraw = False
20.8258 	EXP 	text: autoDraw = False
20.8258 	EXP 	rules_2: autoDraw = False
20.8258 	EXP 	goStim: image = 'squareblack.png'
20.8258 	EXP 	fixation: autoDraw = True
20.8258 	EXP 	rules: autoDraw = True
21.3141 	INFO 	Keyboard events cleared
21.3138 	EXP 	goStim: autoDraw = True
21.3279 	EXP 	fixation: autoDraw = False
21.7133 	EXP 	stopSignal: autoDraw = True
22.2051 	EXP 	stopSignal: autoDraw = False
22.3051 	EXP 	goStim: autoDraw = False
23.3172 	EXP 	rules: autoDraw = False
23.3172 	EXP 	fixation: autoDraw = False
23.3172 	EXP 	goStim: autoDraw = False
23.3172 	EXP 	stopSignal: autoDraw = False
23.3172 	EXP 	rules: autoDraw = False
23.3172 	EXP 	text: text = 'Respond Faster'
23.3172 	EXP 	text: autoDraw = True
23.3172 	EXP 	rules_2: autoDraw = True
23.8072 	EXP 	New trial (rep=1, index=7): <Trial 7 (7 in rep 1) data={'corrGoResp': '$currentCorrectResponse', 'shape': '$currentGoStim', 'thisN': 7, 'thisTrialN': 7, 'thisRepN': 1}>
23.8130 	EXP 	text: autoDraw = False
23.8130 	EXP 	rules_2: autoDraw = False
23.8130 	EXP 	text: autoDraw = False
23.8130 	EXP 	rules_2: autoDraw = False
23.8130 	EXP 	goStim: image = 'circleblack.png'
23.8130 	EXP 	fixation: autoDraw = True
23.8130 	EXP 	rules: autoDraw = True
24.2969 	INFO 	Keyboard events cleared
24.2966 	EXP 	goStim: autoDraw = True
24.3113 	EXP 	fixation: autoDraw = False
24.7007 	EXP 	stopSignal: autoDraw = True
25.1906 	EXP 	stopSignal: autoDraw = False
25.2886 	EXP 	goStim: autoDraw = False
26.3083 	EXP 	rules: autoDraw = False
26.3083 	EXP 	fixation: autoDraw = False
26.3083 	EXP 	goStim: autoDraw = False
26.3083 	EXP 	stopSignal: autoDraw = False
26.3083 	EXP 	rules: autoDraw = False
26.3083 	EXP 	text: text = 'Respond Faster'
26.3083 	EXP 	text: autoDraw = True
26.3083 	EXP 	rules_2: autoDraw = True
26.7930 	EXP 	New trial (rep=3, index=8): <Trial 8 (8 in rep 3) data={'corrGoResp': None, 'shape': None, 'thisN': 8, 'thisTrialN': 8, 'thisRepN': 3}>
26.7974 	EXP 	text: autoDraw = False
26.7974 	EXP 	rules_2: autoDraw = False
26.7974 	EXP 	text: autoDraw = False
26.7974 	EXP 	rules_2: autoDraw = False
26.7974 	EXP 	goStim: image = 'circleblack.png'
26.7974 	EXP 	fixation: autoDraw = True
26.7974 	EXP 	rules: autoDraw = True
27.2949 	INFO 	Keyboard events cleared
27.2946 	EXP 	fixation: autoDraw = False
27.2946 	EXP 	goStim: autoDraw = True
27.6922 	EXP 	stopSignal: autoDraw = True
28.1920 	EXP 	stopSignal: autoDraw = False
28.2824 	EXP 	goStim: autoDraw = False
29.2916 	EXP 	rules: autoDraw = False
29.2916 	EXP 	fixation: autoDraw = False
29.2916 	EXP 	goStim: autoDraw = False
29.2916 	EXP 	stopSignal: autoDraw = False
29.2916 	EXP 	rules: autoDraw = False
29.2916 	EXP 	text: text = 'Respond Faster'
29.2916 	EXP 	text: autoDraw = True
29.2916 	EXP 	rules_2: autoDraw = True
29.7802 	EXP 	New trial (rep=2, index=9): <Trial 9 (9 in rep 2) data={'corrGoResp': None, 'shape': None, 'thisN': 9, 'thisTrialN': 9, 'thisRepN': 2}>
29.7845 	EXP 	text: autoDraw = False
29.7845 	EXP 	rules_2: autoDraw = False
29.7845 	EXP 	text: autoDraw = False
29.7845 	EXP 	rules_2: autoDraw = False
29.7845 	EXP 	goStim: image = 'circleblack.png'
29.7845 	EXP 	fixation: autoDraw = True
29.7845 	EXP 	rules: autoDraw = True
30.2751 	INFO 	Keyboard events cleared
30.2748 	EXP 	fixation: autoDraw = False
30.2748 	EXP 	goStim: autoDraw = True
30.6755 	EXP 	stopSignal: autoDraw = True
31.1748 	EXP 	stopSignal: autoDraw = False
31.2659 	EXP 	goStim: autoDraw = False
32.2852 	EXP 	rules: autoDraw = False
32.2852 	EXP 	fixation: autoDraw = False
32.2852 	EXP 	goStim: autoDraw = False
32.2852 	EXP 	stopSignal: autoDraw = False
32.2852 	EXP 	rules: autoDraw = False
32.2852 	EXP 	text: height = 0.05
32.2852 	EXP 	text: height = 0.05
32.2852 	EXP 	text: height = 0.05
32.2852 	EXP 	text: text = 'Correct'
32.2852 	EXP 	text: autoDraw = True
32.2852 	EXP 	rules_2: autoDraw = True
32.7719 	EXP 	New trial (rep=1, index=10): <Trial 10 (10 in rep 1) data={'corrGoResp': None, 'shape': None, 'thisN': 10, 'thisTrialN': 10, 'thisRepN': 1}>
32.7766 	EXP 	text: autoDraw = False
32.7766 	EXP 	rules_2: autoDraw = False
32.7766 	EXP 	text: autoDraw = False
32.7766 	EXP 	rules_2: autoDraw = False
32.7766 	EXP 	goStim: image = 'squareblack.png'
32.7766 	EXP 	fixation: autoDraw = True
32.7766 	EXP 	rules: autoDraw = True
33.2668 	INFO 	Keyboard events cleared
33.2665 	EXP 	fixation: autoDraw = False
33.2665 	EXP 	goStim: autoDraw = True
33.7134 	EXP 	stopSignal: autoDraw = True
34.2115 	EXP 	stopSignal: autoDraw = False
34.2672 	EXP 	goStim: autoDraw = False
35.2663 	EXP 	rules: autoDraw = False
35.2663 	EXP 	fixation: autoDraw = False
35.2663 	EXP 	goStim: autoDraw = False
35.2663 	EXP 	stopSignal: autoDraw = False
35.2663 	EXP 	rules: autoDraw = False
35.2663 	EXP 	text: text = 'Correct'
35.2663 	EXP 	text: autoDraw = True
35.2663 	EXP 	rules_2: autoDraw = True
35.7640 	EXP 	New trial (rep=2, index=11): <Trial 11 (11 in rep 2) data={'corrGoResp': '$currentCorrectResponse', 'shape': '$currentGoStim', 'thisN': 11, 'thisTrialN': 11, 'thisRepN': 2}>
35.7692 	EXP 	text: autoDraw = False
35.7692 	EXP 	rules_2: autoDraw = False
35.7692 	EXP 	text: autoDraw = False
35.7692 	EXP 	rules_2: autoDraw = False
35.7692 	EXP 	goStim: image = 'circleblack.png'
35.7692 	EXP 	fixation: autoDraw = True
35.7692 	EXP 	rules: autoDraw = True
36.2584 	INFO 	Keyboard events cleared
36.2582 	EXP 	fixation: autoDraw = False
36.2582 	EXP 	goStim: autoDraw = True
36.7591 	EXP 	stopSignal: autoDraw = True
37.2574 	EXP 	goStim: autoDraw = False
37.2574 	EXP 	stopSignal: autoDraw = False
38.2665 	EXP 	rules: autoDraw = False
38.2665 	EXP 	fixation: autoDraw = False
38.2665 	EXP 	goStim: autoDraw = False
38.2665 	EXP 	stopSignal: autoDraw = False
38.2665 	EXP 	rules: autoDraw = False
38.2665 	EXP 	text: text = 'Correct'
38.2665 	EXP 	text: autoDraw = True
38.2665 	EXP 	rules_2: autoDraw = True
38.7637 	EXP 	New trial (rep=4, index=12): <Trial 12 (12 in rep 4) data={'corrGoResp': None, 'shape': None, 'thisN': 12, 'thisTrialN': 12, 'thisRepN': 4}>
38.7686 	EXP 	text: autoDraw = False
38.7686 	EXP 	rules_2: autoDraw = False
38.7686 	EXP 	text: autoDraw = False
38.7686 	EXP 	rules_2: autoDraw = False
38.7686 	EXP 	goStim: image = 'squareblack.png'
38.7686 	EXP 	fixation: autoDraw = True
38.7686 	EXP 	rules: autoDraw = True
39.2615 	INFO 	Keyboard events cleared
39.2611 	EXP 	goStim: autoDraw = True
39.2666 	EXP 	fixation: autoDraw = False
39.8113 	EXP 	stopSignal: autoDraw = True
40.2617 	EXP 	goStim: autoDraw = False
40.3116 	EXP 	stopSignal: autoDraw = False
41.2602 	EXP 	rules: autoDraw = False
41.2602 	EXP 	fixation: autoDraw = False
41.2602 	EXP 	goStim: autoDraw = False
41.2602 	EXP 	stopSignal: autoDraw = False
41.2602 	EXP 	rules: autoDraw = False
41.2602 	EXP 	text: height = 0.05
41.2602 	EXP 	text: height = 0.05
41.2602 	EXP 	text: height = 0.05
41.2602 	EXP 	text: text = 'Respond Faster'
41.2602 	EXP 	text: autoDraw = True
41.2602 	EXP 	rules_2: autoDraw = True
41.7555 	EXP 	New trial (rep=2, index=13): <Trial 13 (13 in rep 2) data={'corrGoResp': None, 'shape': None, 'thisN': 13, 'thisTrialN': 13, 'thisRepN': 2}>
41.7606 	EXP 	text: autoDraw = False
41.7606 	EXP 	rules_2: autoDraw = False
41.7606 	EXP 	text: autoDraw = False
41.7606 	EXP 	rules_2: autoDraw = False
41.7606 	EXP 	goStim: image = 'circleblack.png'
41.7606 	EXP 	fixation: autoDraw = True
41.7606 	EXP 	rules: autoDraw = True
42.2533 	INFO 	Keyboard events cleared
42.2530 	EXP 	goStim: autoDraw = True
42.2586 	EXP 	fixation: autoDraw = False
42.8030 	EXP 	stopSignal: autoDraw = True
43.2407 	EXP 	goStim: autoDraw = False
43.2908 	EXP 	stopSignal: autoDraw = False
44.2581 	EXP 	rules: autoDraw = False
44.2581 	EXP 	fixation: autoDraw = False
44.2581 	EXP 	goStim: autoDraw = False
44.2581 	EXP 	stopSignal: autoDraw = False
44.2581 	EXP 	rules: autoDraw = False
44.2581 	EXP 	text: text = 'Respond Faster'
44.2581 	EXP 	text: autoDraw = True
44.2581 	EXP 	rules_2: autoDraw = True
44.7470 	EXP 	New trial (rep=3, index=14): <Trial 14 (14 in rep 3) data={'corrGoResp': None, 'shape': None, 'thisN': 14, 'thisTrialN': 14, 'thisRepN': 3}>
44.7513 	EXP 	text: autoDraw = False
44.7513 	EXP 	rules_2: autoDraw = False
44.7513 	EXP 	text: autoDraw = False
44.7513 	EXP 	rules_2: autoDraw = False
44.7513 	EXP 	goStim: image = 'circleblack.png'
44.7513 	EXP 	fixation: autoDraw = True
44.7513 	EXP 	rules: autoDraw = True
45.2419 	INFO 	Keyboard events cleared
45.2416 	EXP 	fixation: autoDraw = False
45.2416 	EXP 	goStim: autoDraw = True
45.7947 	EXP 	stopSignal: autoDraw = True
46.2333 	EXP 	goStim: autoDraw = False
46.2827 	EXP 	stopSignal: autoDraw = False
47.2518 	EXP 	rules: autoDraw = False
47.2518 	EXP 	fixation: autoDraw = False
47.2518 	EXP 	goStim: autoDraw = False
47.2518 	EXP 	stopSignal: autoDraw = False
47.2518 	EXP 	rules: autoDraw = False
47.2518 	EXP 	text: height = 0.05
47.2518 	EXP 	text: height = 0.05
47.2518 	EXP 	text: height = 0.05
47.2518 	EXP 	text: text = 'Correct'
47.2518 	EXP 	text: autoDraw = True
47.2518 	EXP 	rules_2: autoDraw = True
47.7469 	EXP 	New trial (rep=3, index=15): <Trial 15 (15 in rep 3) data={'corrGoResp': None, 'shape': None, 'thisN': 15, 'thisTrialN': 15, 'thisRepN': 3}>
47.7511 	EXP 	text: autoDraw = False
47.7511 	EXP 	rules_2: autoDraw = False
47.7511 	EXP 	text: autoDraw = False
47.7511 	EXP 	rules_2: autoDraw = False
47.7511 	EXP 	goStim: image = 'circleblack.png'
47.7511 	EXP 	fixation: autoDraw = True
47.7511 	EXP 	rules: autoDraw = True
48.2420 	INFO 	Keyboard events cleared
48.2417 	EXP 	fixation: autoDraw = False
48.2417 	EXP 	goStim: autoDraw = True
48.8386 	EXP 	stopSignal: autoDraw = True
49.2327 	EXP 	goStim: autoDraw = False
49.3364 	EXP 	stopSignal: autoDraw = False
50.2100 	WARNING 	t of last frame was 21.21ms (=1/47)
50.2425 	EXP 	rules: autoDraw = False
50.2425 	EXP 	fixation: autoDraw = False
50.2425 	EXP 	goStim: autoDraw = False
50.2425 	EXP 	stopSignal: autoDraw = False
50.2425 	EXP 	rules: autoDraw = False
50.2425 	EXP 	text: height = 0.05
50.2425 	EXP 	text: height = 0.05
50.2425 	EXP 	text: height = 0.05
50.2425 	EXP 	text: text = 'Respond Faster'
50.2425 	EXP 	text: autoDraw = True
50.2425 	EXP 	rules_2: autoDraw = True
50.5617 	WARNING 	t of last frame was 22.07ms (=1/45)
50.7387 	EXP 	New trial (rep=4, index=16): <Trial 16 (16 in rep 4) data={'corrGoResp': None, 'shape': None, 'thisN': 16, 'thisTrialN': 16, 'thisRepN': 4}>
50.7436 	EXP 	text: autoDraw = False
50.7436 	EXP 	rules_2: autoDraw = False
50.7436 	EXP 	text: autoDraw = False
50.7436 	EXP 	rules_2: autoDraw = False
50.7436 	EXP 	goStim: image = 'squareblack.png'
50.7436 	EXP 	fixation: autoDraw = True
50.7436 	EXP 	rules: autoDraw = True
51.2333 	INFO 	Keyboard events cleared
51.2329 	EXP 	fixation: autoDraw = False
51.2329 	EXP 	goStim: autoDraw = True
51.8337 	EXP 	stopSignal: autoDraw = True
52.2184 	WARNING 	Multiple dropped frames have occurred - I'll stop bothering you about them!
52.2251 	EXP 	goStim: autoDraw = False
52.3331 	EXP 	stopSignal: autoDraw = False
53.2338 	EXP 	rules: autoDraw = False
53.2338 	EXP 	fixation: autoDraw = False
53.2338 	EXP 	goStim: autoDraw = False
53.2338 	EXP 	stopSignal: autoDraw = False
53.2338 	EXP 	rules: autoDraw = False
53.2338 	EXP 	text: text = 'Respond Faster'
53.2338 	EXP 	text: autoDraw = True
53.2338 	EXP 	rules_2: autoDraw = True
53.7187 	EXP 	New trial (rep=3, index=17): <Trial 17 (17 in rep 3) data={'corrGoResp': '$currentCorrectResponse', 'shape': '$currentGoStim', 'thisN': 17, 'thisTrialN': 17, 'thisRepN': 3}>
53.7229 	EXP 	text: autoDraw = False
53.7229 	EXP 	rules_2: autoDraw = False
53.7229 	EXP 	text: autoDraw = False
53.7229 	EXP 	rules_2: autoDraw = False
53.7229 	EXP 	goStim: image = 'squareblack.png'
53.7229 	EXP 	fixation: autoDraw = True
53.7229 	EXP 	rules: autoDraw = True
54.2085 	INFO 	Keyboard events cleared
54.2082 	EXP 	goStim: autoDraw = True
54.2144 	EXP 	fixation: autoDraw = False
54.8167 	EXP 	stopSignal: autoDraw = True
55.2031 	EXP 	goStim: autoDraw = False
55.3162 	EXP 	stopSignal: autoDraw = False
56.2147 	EXP 	rules: autoDraw = False
56.2147 	EXP 	fixation: autoDraw = False
56.2147 	EXP 	goStim: autoDraw = False
56.2147 	EXP 	stopSignal: autoDraw = False
56.2147 	EXP 	rules: autoDraw = False
56.2147 	EXP 	text: height = 0.05
56.2147 	EXP 	text: height = 0.05
56.2147 	EXP 	text: height = 0.05
56.2147 	EXP 	text: text = 'Correct'
56.2147 	EXP 	text: autoDraw = True
56.2147 	EXP 	rules_2: autoDraw = True
56.7020 	EXP 	New trial (rep=4, index=18): <Trial 18 (18 in rep 4) data={'corrGoResp': None, 'shape': None, 'thisN': 18, 'thisTrialN': 18, 'thisRepN': 4}>
56.7067 	EXP 	text: autoDraw = False
56.7067 	EXP 	rules_2: autoDraw = False
56.7067 	EXP 	text: autoDraw = False
56.7067 	EXP 	rules_2: autoDraw = False
56.7067 	EXP 	goStim: image = 'circleblack.png'
56.7067 	EXP 	fixation: autoDraw = True
56.7067 	EXP 	rules: autoDraw = True
57.2001 	INFO 	Keyboard events cleared
57.1999 	EXP 	fixation: autoDraw = False
57.1999 	EXP 	goStim: autoDraw = True
57.8500 	EXP 	stopSignal: autoDraw = True
58.2000 	EXP 	goStim: autoDraw = False
58.3415 	EXP 	stopSignal: autoDraw = False
59.2021 	EXP 	rules: autoDraw = False
59.2021 	EXP 	fixation: autoDraw = False
59.2021 	EXP 	goStim: autoDraw = False
59.2021 	EXP 	stopSignal: autoDraw = False
59.2021 	EXP 	rules: autoDraw = False
59.2021 	EXP 	text: height = 0.05
59.2021 	EXP 	text: height = 0.05
59.2021 	EXP 	text: height = 0.05
59.2021 	EXP 	text: text = 'Respond Faster'
59.2021 	EXP 	text: autoDraw = True
59.2021 	EXP 	rules_2: autoDraw = True
59.6972 	EXP 	New trial (rep=5, index=19): <Trial 19 (19 in rep 5) data={'corrGoResp': None, 'shape': None, 'thisN': 19, 'thisTrialN': 19, 'thisRepN': 5}>
59.7021 	EXP 	text: autoDraw = False
59.7021 	EXP 	rules_2: autoDraw = False
59.7021 	EXP 	text: autoDraw = False
59.7021 	EXP 	rules_2: autoDraw = False
59.7021 	EXP 	goStim: image = 'squareblack.png'
59.7021 	EXP 	fixation: autoDraw = True
59.7021 	EXP 	rules: autoDraw = True
60.1914 	INFO 	Keyboard events cleared
60.1911 	EXP 	fixation: autoDraw = False
60.1911 	EXP 	goStim: autoDraw = True
60.8417 	EXP 	stopSignal: autoDraw = True
61.1915 	EXP 	goStim: autoDraw = False
61.3411 	EXP 	stopSignal: autoDraw = False
62.2002 	EXP 	rules: autoDraw = False
62.2002 	EXP 	fixation: autoDraw = False
62.2002 	EXP 	goStim: autoDraw = False
62.2002 	EXP 	stopSignal: autoDraw = False
62.2002 	EXP 	rules: autoDraw = False
62.2002 	EXP 	text: text = 'Respond Faster'
62.2002 	EXP 	text: autoDraw = True
62.2002 	EXP 	rules_2: autoDraw = True
62.6889 	EXP 	New trial (rep=4, index=20): <Trial 20 (20 in rep 4) data={'corrGoResp': '$currentCorrectResponse', 'shape': '$currentGoStim', 'thisN': 20, 'thisTrialN': 20, 'thisRepN': 4}>
62.6932 	EXP 	text: autoDraw = False
62.6932 	EXP 	rules_2: autoDraw = False
62.6932 	EXP 	text: autoDraw = False
62.6932 	EXP 	rules_2: autoDraw = False
62.6932 	EXP 	goStim: image = 'squareblack.png'
62.6932 	EXP 	fixation: autoDraw = True
62.6932 	EXP 	rules: autoDraw = True
63.1837 	INFO 	Keyboard events cleared
63.1834 	EXP 	fixation: autoDraw = False
63.1834 	EXP 	goStim: autoDraw = True
63.8303 	EXP 	stopSignal: autoDraw = True
64.1721 	EXP 	goStim: autoDraw = False
64.3282 	EXP 	stopSignal: autoDraw = False
65.1832 	EXP 	rules: autoDraw = False
65.1832 	EXP 	fixation: autoDraw = False
65.1832 	EXP 	goStim: autoDraw = False
65.1832 	EXP 	stopSignal: autoDraw = False
65.1832 	EXP 	rules: autoDraw = False
65.1832 	EXP 	text: text = 'Respond Faster'
65.1832 	EXP 	text: autoDraw = True
65.1832 	EXP 	rules_2: autoDraw = True
65.6805 	EXP 	New trial (rep=5, index=21): <Trial 21 (21 in rep 5) data={'corrGoResp': None, 'shape': None, 'thisN': 21, 'thisTrialN': 21, 'thisRepN': 5}>
65.6854 	EXP 	text: autoDraw = False
65.6854 	EXP 	rules_2: autoDraw = False
65.6854 	EXP 	text: autoDraw = False
65.6854 	EXP 	rules_2: autoDraw = False
65.6854 	EXP 	goStim: image = 'circleblack.png'
65.6854 	EXP 	fixation: autoDraw = True
65.6854 	EXP 	rules: autoDraw = True
66.1721 	INFO 	Keyboard events cleared
66.1719 	EXP 	goStim: autoDraw = True
66.1866 	EXP 	fixation: autoDraw = False
66.8255 	EXP 	stopSignal: autoDraw = True
67.1699 	EXP 	goStim: autoDraw = False
67.3140 	EXP 	stopSignal: autoDraw = False
68.1838 	EXP 	rules: autoDraw = False
68.1838 	EXP 	fixation: autoDraw = False
68.1838 	EXP 	goStim: autoDraw = False
68.1838 	EXP 	stopSignal: autoDraw = False
68.1838 	EXP 	rules: autoDraw = False
68.1838 	EXP 	text: text = 'Respond Faster'
68.1838 	EXP 	text: autoDraw = True
68.1838 	EXP 	rules_2: autoDraw = True
68.6723 	EXP 	New trial (rep=5, index=22): <Trial 22 (22 in rep 5) data={'corrGoResp': '$currentCorrectResponse', 'shape': '$currentGoStim', 'thisN': 22, 'thisTrialN': 22, 'thisRepN': 5}>
68.6767 	EXP 	text: autoDraw = False
68.6767 	EXP 	rules_2: autoDraw = False
68.6767 	EXP 	text: autoDraw = False
68.6767 	EXP 	rules_2: autoDraw = False
68.6767 	EXP 	goStim: image = 'circleblack.png'
68.6767 	EXP 	fixation: autoDraw = True
68.6767 	EXP 	rules: autoDraw = True
69.1701 	INFO 	Keyboard events cleared
69.1699 	EXP 	goStim: autoDraw = True
69.1750 	EXP 	fixation: autoDraw = False
69.8141 	EXP 	stopSignal: autoDraw = True
70.1666 	EXP 	goStim: autoDraw = False
70.3058 	EXP 	stopSignal: autoDraw = False
71.1772 	EXP 	rules: autoDraw = False
71.1772 	EXP 	fixation: autoDraw = False
71.1772 	EXP 	goStim: autoDraw = False
71.1772 	EXP 	stopSignal: autoDraw = False
71.1772 	EXP 	rules: autoDraw = False
71.1772 	EXP 	text: height = 0.05
71.1772 	EXP 	text: height = 0.05
71.1772 	EXP 	text: height = 0.05
71.1772 	EXP 	text: text = 'Correct'
71.1772 	EXP 	text: autoDraw = True
71.1772 	EXP 	rules_2: autoDraw = True
71.6639 	EXP 	New trial (rep=5, index=23): <Trial 23 (23 in rep 5) data={'corrGoResp': None, 'shape': None, 'thisN': 23, 'thisTrialN': 23, 'thisRepN': 5}>
71.6686 	EXP 	text: autoDraw = False
71.6686 	EXP 	rules_2: autoDraw = False
71.6686 	EXP 	text: autoDraw = False
71.6686 	EXP 	rules_2: autoDraw = False
71.6686 	EXP 	goStim: image = 'squareblack.png'
71.6686 	EXP 	fixation: autoDraw = True
71.6686 	EXP 	rules: autoDraw = True
72.1586 	INFO 	Keyboard events cleared
72.1583 	EXP 	fixation: autoDraw = False
72.1583 	EXP 	goStim: autoDraw = True
72.8615 	EXP 	stopSignal: autoDraw = True
73.1581 	EXP 	goStim: autoDraw = False
73.3497 	EXP 	stopSignal: autoDraw = False
74.1585 	EXP 	rules: autoDraw = False
74.1585 	EXP 	fixation: autoDraw = False
74.1585 	EXP 	goStim: autoDraw = False
74.1585 	EXP 	stopSignal: autoDraw = False
74.1585 	EXP 	rules: autoDraw = False
74.1585 	EXP 	text: text = 'Correct'
74.1585 	EXP 	text: autoDraw = True
74.1585 	EXP 	rules_2: autoDraw = True
74.6651 	DEBUG 	Saving data for simplestop_skeleton ExperimentHandler
74.6661 	INFO 	saved data to /Users/kritiaxh/Documents/paperRepos/SharedControlPaper/experiments/simpleStop/data/697784_simplestop_skeleton_2025-03-13_10h30.20.760.psydat
74.6696 	INFO 	saved data to '/Users/kritiaxh/Documents/paperRepos/SharedControlPaper/experiments/simpleStop/data/697784_simplestop_skeleton_2025-03-13_10h30.20.760.csv'
