3.5968 	DEBUG 	Fullscreen settings ignored as running in pilot mode.
3.5973 	INFO 	Loaded monitor calibration from ['2025_01_07 12:59']
3.8055 	EXP 	Created window1 = Window(allowGUI=False, allowStencil=False, autoLog=True, backendConf=UNKNOWN, backgroundFit=<method-wrapper '__getattribute__' of attributeSetter object at 0x7fe7f1b89bb0>, backgroundImage=<method-wrapper '__getattribute__' of attributeSetter object at 0x7fe7f1b89af0>, bitsMode=UNKNOWN, blendMode='avg', bpc=(8, 8, 8), color=array([0, 0, 0]), colorSpace='rgb', depthBits=8, fullscr=False, gamma=None, gammaErrorPolicy='raise', infoMsg=UNKNOWN, lms=UNKNOWN, monitor=<psychopy.monitors.calibTools.Monitor object at 0x7fe7f07e85e0>, multiSample=False, name='window1', numSamples=2, pos=[356.0, 191.0], screen=0, size=array([1600, 1200]), stencilBits=0, stereo=False, title='PsychoPy', units='height', useFBO=True, useRetina=True, viewOri=0.0, viewPos=None, viewScale=None, waitBlanking=True, winType='pyglet')
3.8055 	EXP 	window1: backgroundImage = ''
3.8055 	EXP 	window1: backgroundFit = 'none'
3.8176 	DEBUG 	TextBox2 loaded 1 chars with 0 blanks and 1 valid
3.8181 	DEBUG 	TextBox2 loaded 1 chars with 0 blanks and 1 valid
3.8187 	DEBUG 	TextBox2 loaded 1 chars with 0 blanks and 1 valid
3.8193 	DEBUG 	TextBox2 loaded 1 chars with 0 blanks and 1 valid
3.8200 	DEBUG 	TextBox2 loaded 1 chars with 0 blanks and 1 valid
3.8202 	DEBUG 	TextBox2 loaded 1 chars with 0 blanks and 1 valid
3.8207 	DEBUG 	TextBox2 loaded 1 chars with 0 blanks and 1 valid
3.8214 	DEBUG 	TextBox2 loaded 1 chars with 0 blanks and 1 valid
3.8217 	DEBUG 	TextBox2 loaded 1 chars with 0 blanks and 1 valid
3.8219 	DEBUG 	TextBox2 loaded 1 chars with 0 blanks and 1 valid
3.8224 	DEBUG 	TextBox2 loaded 1 chars with 0 blanks and 1 valid
3.8229 	DEBUG 	TextBox2 loaded 1 chars with 0 blanks and 1 valid
3.8234 	DEBUG 	TextBox2 loaded 1 chars with 0 blanks and 1 valid
3.8238 	DEBUG 	TextBox2 loaded 1 chars with 0 blanks and 1 valid
3.8243 	DEBUG 	TextBox2 loaded 1 chars with 0 blanks and 1 valid
3.8248 	DEBUG 	TextBox2 loaded 1 chars with 0 blanks and 1 valid
3.8253 	DEBUG 	TextBox2 loaded 1 chars with 0 blanks and 1 valid
3.8256 	DEBUG 	TextBox2 loaded 1 chars with 0 blanks and 1 valid
3.8258 	DEBUG 	TextBox2 loaded 1 chars with 0 blanks and 1 valid
3.8265 	DEBUG 	TextBox2 loaded 1 chars with 0 blanks and 1 valid
3.8268 	DEBUG 	TextBox2 loaded 1 chars with 0 blanks and 1 valid
3.8272 	DEBUG 	Uploading Texture Font fontname to graphics card
3.8310 	DEBUG 	Upload of Texture Font fontname complete
3.8364 	DEBUG 	TextBox2 loaded 1 chars with 0 blanks and 1 valid
3.8372 	DEBUG 	TextBox2 loaded 1 chars with 0 blanks and 1 valid
3.8378 	DEBUG 	TextBox2 loaded 1 chars with 0 blanks and 1 valid
3.8380 	DEBUG 	Uploading Texture Font fontname to graphics card
3.8399 	DEBUG 	Upload of Texture Font fontname complete
3.8415 	EXP 	window1: Attempting to measure frame rate of screen (0) ...
3.8415 	EXP 	window1: recordFrameIntervals = False
3.9629 	EXP 	window1: recordFrameIntervals = True
4.8107 	WARNING 	Couldn't measure a consistent frame rate!
  - Is your graphics card set to sync to vertical blank?
  - Are you running other processes on your computer?

4.8193 	DEBUG 	TextBox2 loaded 1 chars with 0 blanks and 1 valid
4.8199 	DEBUG 	TextBox2 loaded 1 chars with 0 blanks and 1 valid
4.8208 	DEBUG 	TextBox2 loaded 1 chars with 0 blanks and 1 valid
4.8220 	DEBUG 	TextBox2 loaded 1 chars with 0 blanks and 1 valid
4.8229 	DEBUG 	TextBox2 loaded 1 chars with 0 blanks and 1 valid
4.8239 	DEBUG 	TextBox2 loaded 1 chars with 0 blanks and 1 valid
4.8243 	DEBUG 	TextBox2 loaded 1 chars with 0 blanks and 1 valid
4.8252 	DEBUG 	TextBox2 loaded 1 chars with 0 blanks and 1 valid
4.8262 	DEBUG 	TextBox2 loaded 1 chars with 0 blanks and 1 valid
4.8271 	DEBUG 	TextBox2 loaded 1 chars with 0 blanks and 1 valid
4.8275 	DEBUG 	Uploading Texture Font fontname to graphics card
4.8305 	DEBUG 	Upload of Texture Font fontname complete
4.8492 	WARNING 	launchHubServer: If using the iohub mouse or eyetracker devices, fullScr should be True.
7.0794 	INFO 	keyboard.Keyboard is using iohub backend.
7.0794 	INFO 	keyboard.Keyboard is using iohub backend.
7.0794 	INFO 	keyboard.Keyboard is using iohub backend.
7.0794 	INFO 	keyboard.Keyboard is using iohub backend.
7.0795 	INFO 	keyboard.Keyboard is using iohub backend.
7.0795 	INFO 	keyboard.Keyboard is using iohub backend.
7.0795 	INFO 	keyboard.Keyboard is using iohub backend.
7.0795 	INFO 	keyboard.Keyboard is using iohub backend.
7.0795 	INFO 	keyboard.Keyboard is using iohub backend.
7.0796 	EXP 	simplestop_skeleton: status = STARTED
7.1230 	EXP 	Created welcome = TextStim(__class__=<class 'psychopy.visual.text.TextStim'>, alignHoriz=method-wrapper(...), alignText='center', alignVert=method-wrapper(...), anchorHoriz='center', anchorVert='center', antialias=True, autoDraw=False, autoLog=True, bold=False, color=array([1., 1., 1.]), colorSpace='rgb', contrast=1.0, depth=0.0, draggable=False, flipHoriz=False, flipVert=False, font='Open Sans', fontFiles=[], height=0.045, italic=False, languageStyle='LTR', name='welcome', opacity=1, ori=0.0, pos=array([0., 0.]), rgb=UNKNOWN, text=str(...), units='height', win=Window(...), wrapWidth=1)
7.1582 	EXP 	Created instrStopText = TextStim(__class__=<class 'psychopy.visual.text.TextStim'>, alignHoriz=method-wrapper(...), alignText='center', alignVert=method-wrapper(...), anchorHoriz='center', anchorVert='center', antialias=True, autoDraw=False, autoLog=True, bold=False, color=array([1., 1., 1.]), colorSpace='rgb', contrast=1.0, depth=0.0, draggable=False, flipHoriz=False, flipVert=False, font='Arial', fontFiles=[], height=0.025, italic=False, languageStyle='LTR', name='instrStopText', opacity=1, ori=0, pos=array([0., 0.]), rgb=UNKNOWN, text=str(...), units='height', win=Window(...), wrapWidth=1)
7.1613 	EXP 	Created fixation = TextStim(__class__=<class 'psychopy.visual.text.TextStim'>, alignHoriz=method-wrapper(...), alignText='center', alignVert=method-wrapper(...), anchorHoriz='center', anchorVert='center', antialias=True, autoDraw=False, autoLog=True, bold=False, color=array([1., 1., 1.]), colorSpace='rgb', contrast=1.0, depth=0.0, draggable=False, flipHoriz=False, flipVert=False, font='Arial', fontFiles=[], height=0.15, italic=False, languageStyle='LTR', name='fixation', opacity=1, ori=0, pos=array([0., 0.]), rgb=UNKNOWN, text='+', units='height', win=Window(...), wrapWidth=1)
7.1816 	EXP 	Created goStim = ImageStim(__class__=<class 'psychopy.visual.image.ImageStim'>, anchor=('center', 'center'), autoLog=True, color=array([1., 1., 1.]), colorSpace='rgb', contrast=1.0, depth=-1.0, draggable=False, flipHoriz=False, flipVert=False, image='default.png', interpolate=True, mask=None, maskParams=None, name='goStim', opacity=1, ori=0.0, pos=array([0., 0.]), size=array([151., 151.]), texRes=128, units='pix', win=Window(...))
7.1889 	EXP 	Created stopSignal = ImageStim(__class__=<class 'psychopy.visual.image.ImageStim'>, anchor=('center', 'center'), autoLog=True, color=array([1., 1., 1.]), colorSpace='rgb', contrast=1.0, depth=-3.0, draggable=False, flipHoriz=False, flipVert=False, image='stopSignal.png', interpolate=True, mask=None, maskParams=None, name='stopSignal', opacity=1, ori=0.0, pos=array([0., 0.]), size=array([0.5, 0.5]), texRes=128.0, units='height', win=Window(...))
7.2035 	EXP 	Created rules = TextStim(__class__=<class 'psychopy.visual.text.TextStim'>, alignHoriz=method-wrapper(...), alignText='center', alignVert=method-wrapper(...), anchorHoriz='center', anchorVert='center', antialias=True, autoDraw=False, autoLog=True, bold=False, color=array([1., 1., 1.]), colorSpace='rgb', contrast=1.0, depth=-4.0, draggable=False, flipHoriz=False, flipVert=False, font='Open Sans', fontFiles=[], height=0.03, italic=False, languageStyle='LTR', name='rules', opacity=1, ori=0.0, pos=array([-0.6,  0.4]), rgb=UNKNOWN, text=str(...), units='height', win=Window(...), wrapWidth=1)
7.2043 	EXP 	Created text = TextStim(__class__=<class 'psychopy.visual.text.TextStim'>, alignHoriz=method-wrapper(...), alignText='center', alignVert=method-wrapper(...), anchorHoriz='center', anchorVert='center', antialias=True, autoDraw=False, autoLog=True, bold=False, color=array([1., 1., 1.]), colorSpace='rgb', contrast=1.0, depth=-1.0, draggable=False, flipHoriz=False, flipVert=False, font='Arial', fontFiles=[], height=0.05, italic=False, languageStyle='LTR', name='text', opacity=1, ori=0, pos=array([0., 0.]), rgb=UNKNOWN, text='', units='height', win=Window(...), wrapWidth=1)
7.2113 	EXP 	Created rules_2 = TextStim(__class__=<class 'psychopy.visual.text.TextStim'>, alignHoriz=method-wrapper(...), alignText='center', alignVert=method-wrapper(...), anchorHoriz='center', anchorVert='center', antialias=True, autoDraw=False, autoLog=True, bold=False, color=array([1., 1., 1.]), colorSpace='rgb', contrast=1.0, depth=-2.0, draggable=False, flipHoriz=False, flipVert=False, font='Open Sans', fontFiles=[], height=0.03, italic=False, languageStyle='LTR', name='rules_2', opacity=1, ori=0.0, pos=array([-0.6,  0.4]), rgb=UNKNOWN, text=str(...), units='height', win=Window(...), wrapWidth=1)
7.2118 	EXP 	Created text_5 = TextStim(__class__=<class 'psychopy.visual.text.TextStim'>, alignHoriz=method-wrapper(...), alignText='center', alignVert=method-wrapper(...), anchorHoriz='center', anchorVert='center', antialias=True, autoDraw=False, autoLog=True, bold=False, color=array([1., 1., 1.]), colorSpace='rgb', contrast=1.0, depth=-1.0, draggable=False, flipHoriz=False, flipVert=False, font='Arial', fontFiles=[], height=0.025, italic=False, languageStyle='LTR', name='text_5', opacity=1, ori=0, pos=array([0., 0.]), rgb=UNKNOWN, text='', units='height', win=Window(...), wrapWidth=1)
7.2323 	EXP 	Created testText = TextStim(__class__=<class 'psychopy.visual.text.TextStim'>, alignHoriz=method-wrapper(...), alignText='center', alignVert=method-wrapper(...), anchorHoriz='center', anchorVert='center', antialias=True, autoDraw=False, autoLog=True, bold=False, color=array([1., 1., 1.]), colorSpace='rgb', contrast=1.0, depth=-1.0, draggable=False, flipHoriz=False, flipVert=False, font='Arial', fontFiles=[], height=0.025, italic=False, languageStyle='LTR', name='testText', opacity=1, ori=0, pos=array([0., 0.]), rgb=UNKNOWN, text=str(...), units='height', win=Window(...), wrapWidth=1)
7.2348 	EXP 	Created test_fixation = TextStim(__class__=<class 'psychopy.visual.text.TextStim'>, alignHoriz=method-wrapper(...), alignText='center', alignVert=method-wrapper(...), anchorHoriz='center', anchorVert='center', antialias=True, autoDraw=False, autoLog=True, bold=False, color=array([1., 1., 1.]), colorSpace='rgb', contrast=1.0, depth=0.0, draggable=False, flipHoriz=False, flipVert=False, font='Arial', fontFiles=[], height=0.15, italic=False, languageStyle='LTR', name='test_fixation', opacity=1, ori=0, pos=array([0., 0.]), rgb=UNKNOWN, text='+', units='height', win=Window(...), wrapWidth=1)
7.2384 	EXP 	Created goStim_test = ImageStim(__class__=<class 'psychopy.visual.image.ImageStim'>, anchor=('center', 'center'), autoLog=True, color=array([1., 1., 1.]), colorSpace='rgb', contrast=1.0, depth=-1.0, draggable=False, flipHoriz=False, flipVert=False, image='default.png', interpolate=True, mask=None, maskParams=None, name='goStim_test', opacity=1, ori=0.0, pos=array([0., 0.]), size=array([151., 151.]), texRes=128, units='pix', win=Window(...))
7.2453 	EXP 	Created stopSignal_test = ImageStim(__class__=<class 'psychopy.visual.image.ImageStim'>, anchor=('center', 'center'), autoLog=True, color=array([1., 1., 1.]), colorSpace='rgb', contrast=1.0, depth=-3.0, draggable=False, flipHoriz=False, flipVert=False, image='stopSignal.png', interpolate=True, mask=None, maskParams=None, name='stopSignal_test', opacity=1, ori=0.0, pos=array([0., 0.]), size=array([0.5, 0.5]), texRes=128.0, units='height', win=Window(...))
7.2459 	EXP 	Created text_6 = TextStim(__class__=<class 'psychopy.visual.text.TextStim'>, alignHoriz=method-wrapper(...), alignText='center', alignVert=method-wrapper(...), anchorHoriz='center', anchorVert='center', antialias=True, autoDraw=False, autoLog=True, bold=False, color=array([1., 1., 1.]), colorSpace='rgb', contrast=1.0, depth=-1.0, draggable=False, flipHoriz=False, flipVert=False, font='Arial', fontFiles=[], height=0.025, italic=False, languageStyle='LTR', name='text_6', opacity=1, ori=0, pos=array([0., 0.]), rgb=UNKNOWN, text='', units='height', win=Window(...), wrapWidth=1)
7.2531 	EXP 	Created ending_text = TextStim(__class__=<class 'psychopy.visual.text.TextStim'>, alignHoriz=method-wrapper(...), alignText='center', alignVert=method-wrapper(...), anchorHoriz='center', anchorVert='center', antialias=True, autoDraw=False, autoLog=True, bold=False, color=array([1., 1., 1.]), colorSpace='rgb', contrast=1.0, depth=0.0, draggable=False, flipHoriz=False, flipVert=False, font='Open Sans', fontFiles=[], height=0.05, italic=False, languageStyle='LTR', name='ending_text', opacity=1, ori=0.0, pos=array([0., 0.]), rgb=UNKNOWN, text=str(...), units='height', win=Window(...), wrapWidth=1)
0.0183 	INFO 	Keyboard events cleared
0.0180 	EXP 	welcome: autoDraw = True
1.5613 	DATA 	Keypress: return
1.5671 	INFO 	Keyboard events cleared
1.5668 	WARNING 	t of last frame was 43.15ms (=1/23)
1.5668 	EXP 	welcome: autoDraw = False
1.5668 	EXP 	instrStopText: autoDraw = True
2.6735 	EXP 	New trial (rep=0, index=0): <Trial 0 (0 in rep 0) data={'thisN': 0, 'thisTrialN': 0, 'thisRepN': 0}>
2.6809 	DEBUG 	Read excel file with openpyxl: condition.xlsx
2.6811 	EXP 	Imported condition.xlsx as conditions, 4 conditions, 2 params
2.6814 	EXP 	New trial (rep=0, index=0): <Trial 0 (0 in rep 0) data={'corrGoResp': None, 'shape': None, 'thisN': 0, 'thisTrialN': 0, 'thisRepN': 0}>
2.6904 	DATA 	Keypress: return
2.6943 	WARNING 	t of last frame was 25.21ms (=1/39)
2.6943 	EXP 	instrStopText: autoDraw = False
2.6943 	EXP 	goStim: image = 'circleblack.png'
2.6943 	EXP 	fixation: autoDraw = True
2.6943 	EXP 	rules: autoDraw = True
3.1720 	INFO 	Keyboard events cleared
3.1717 	EXP 	goStim: autoDraw = True
3.1901 	EXP 	fixation: autoDraw = False
3.5205 	EXP 	stopSignal: autoDraw = True
4.0127 	EXP 	stopSignal: autoDraw = False
4.1698 	EXP 	goStim: autoDraw = False
5.1877 	EXP 	rules: autoDraw = False
5.1877 	EXP 	fixation: autoDraw = False
5.1877 	EXP 	goStim: autoDraw = False
5.1877 	EXP 	stopSignal: autoDraw = False
5.1877 	EXP 	rules: autoDraw = False
5.1877 	EXP 	text: height = 0.05
5.1877 	EXP 	text: height = 0.05
5.1877 	EXP 	text: height = 0.05
5.1877 	EXP 	text: text = 'Respond Faster'
5.1877 	EXP 	text: autoDraw = True
5.1877 	EXP 	rules_2: autoDraw = True
5.6272 	DATA 	Keypress: period
5.6762 	EXP 	New trial (rep=0, index=1): <Trial 1 (1 in rep 0) data={'corrGoResp': '$currentCorrectResponse', 'shape': '$currentGoStim', 'thisN': 1, 'thisTrialN': 1, 'thisRepN': 0}>
5.6818 	EXP 	text: autoDraw = False
5.6818 	EXP 	rules_2: autoDraw = False
5.6818 	EXP 	text: autoDraw = False
5.6818 	EXP 	rules_2: autoDraw = False
5.6818 	EXP 	goStim: image = 'squareblack.png'
5.6818 	EXP 	fixation: autoDraw = True
5.6818 	EXP 	rules: autoDraw = True
6.1701 	INFO 	Keyboard events cleared
6.1698 	EXP 	fixation: autoDraw = False
6.1698 	EXP 	goStim: autoDraw = True
6.5235 	EXP 	stopSignal: autoDraw = True
7.0201 	EXP 	stopSignal: autoDraw = False
7.1659 	EXP 	goStim: autoDraw = False
7.7389 	DATA 	Keypress: period
8.1836 	EXP 	rules: autoDraw = False
8.1836 	EXP 	fixation: autoDraw = False
8.1836 	EXP 	goStim: autoDraw = False
8.1836 	EXP 	stopSignal: autoDraw = False
8.1836 	EXP 	rules: autoDraw = False
8.1836 	EXP 	text: height = 0.05
8.1836 	EXP 	text: height = 0.05
8.1836 	EXP 	text: height = 0.05
8.1836 	EXP 	text: text = 'Correct'
8.1836 	EXP 	text: autoDraw = True
8.1836 	EXP 	rules_2: autoDraw = True
8.6720 	EXP 	New trial (rep=0, index=2): <Trial 2 (2 in rep 0) data={'corrGoResp': None, 'shape': None, 'thisN': 2, 'thisTrialN': 2, 'thisRepN': 0}>
8.6764 	EXP 	text: autoDraw = False
8.6764 	EXP 	rules_2: autoDraw = False
8.6764 	EXP 	text: autoDraw = False
8.6764 	EXP 	rules_2: autoDraw = False
8.6764 	EXP 	goStim: image = 'squareblack.png'
8.6764 	EXP 	fixation: autoDraw = True
8.6764 	EXP 	rules: autoDraw = True
9.1706 	INFO 	Keyboard events cleared
9.1703 	EXP 	fixation: autoDraw = False
9.1703 	EXP 	goStim: autoDraw = True
9.5706 	EXP 	stopSignal: autoDraw = True
10.0624 	EXP 	stopSignal: autoDraw = False
10.1657 	EXP 	goStim: autoDraw = False
11.1693 	EXP 	rules: autoDraw = False
11.1693 	EXP 	fixation: autoDraw = False
11.1693 	EXP 	goStim: autoDraw = False
11.1693 	EXP 	stopSignal: autoDraw = False
11.1693 	EXP 	rules: autoDraw = False
11.1693 	EXP 	text: height = 0.05
11.1693 	EXP 	text: height = 0.05
11.1693 	EXP 	text: height = 0.05
11.1693 	EXP 	text: text = 'Respond Faster'
11.1693 	EXP 	text: autoDraw = True
11.1693 	EXP 	rules_2: autoDraw = True
11.6559 	EXP 	New trial (rep=1, index=3): <Trial 3 (3 in rep 1) data={'corrGoResp': None, 'shape': None, 'thisN': 3, 'thisTrialN': 3, 'thisRepN': 1}>
11.6610 	EXP 	text: autoDraw = False
11.6610 	EXP 	rules_2: autoDraw = False
11.6610 	EXP 	text: autoDraw = False
11.6610 	EXP 	rules_2: autoDraw = False
11.6610 	EXP 	goStim: image = 'circleblack.png'
11.6610 	EXP 	fixation: autoDraw = True
11.6610 	EXP 	rules: autoDraw = True
12.1554 	INFO 	Keyboard events cleared
12.1551 	EXP 	fixation: autoDraw = False
12.1551 	EXP 	goStim: autoDraw = True
12.5575 	EXP 	stopSignal: autoDraw = True
13.0457 	EXP 	stopSignal: autoDraw = False
13.1575 	EXP 	goStim: autoDraw = False
14.1553 	EXP 	rules: autoDraw = False
14.1553 	EXP 	fixation: autoDraw = False
14.1553 	EXP 	goStim: autoDraw = False
14.1553 	EXP 	stopSignal: autoDraw = False
14.1553 	EXP 	rules: autoDraw = False
14.1553 	EXP 	text: text = 'Respond Faster'
14.1553 	EXP 	text: autoDraw = True
14.1553 	EXP 	rules_2: autoDraw = True
14.6514 	EXP 	New trial (rep=2, index=4): <Trial 4 (4 in rep 2) data={'corrGoResp': None, 'shape': None, 'thisN': 4, 'thisTrialN': 4, 'thisRepN': 2}>
14.6558 	EXP 	text: autoDraw = False
14.6558 	EXP 	rules_2: autoDraw = False
14.6558 	EXP 	text: autoDraw = False
14.6558 	EXP 	rules_2: autoDraw = False
14.6558 	EXP 	goStim: image = 'circleblack.png'
14.6558 	EXP 	fixation: autoDraw = True
14.6558 	EXP 	rules: autoDraw = True
15.1443 	INFO 	Keyboard events cleared
15.1440 	EXP 	fixation: autoDraw = False
15.1440 	EXP 	goStim: autoDraw = True
15.5444 	EXP 	stopSignal: autoDraw = True
16.0363 	EXP 	stopSignal: autoDraw = False
16.1371 	EXP 	goStim: autoDraw = False
17.1573 	EXP 	rules: autoDraw = False
17.1573 	EXP 	fixation: autoDraw = False
17.1573 	EXP 	goStim: autoDraw = False
17.1573 	EXP 	stopSignal: autoDraw = False
17.1573 	EXP 	rules: autoDraw = False
17.1573 	EXP 	text: height = 0.05
17.1573 	EXP 	text: height = 0.05
17.1573 	EXP 	text: height = 0.05
17.1573 	EXP 	text: text = 'Correct'
17.1573 	EXP 	text: autoDraw = True
17.1573 	EXP 	rules_2: autoDraw = True
17.6433 	EXP 	New trial (rep=1, index=5): <Trial 5 (5 in rep 1) data={'corrGoResp': None, 'shape': None, 'thisN': 5, 'thisTrialN': 5, 'thisRepN': 1}>
17.6483 	EXP 	text: autoDraw = False
17.6483 	EXP 	rules_2: autoDraw = False
17.6483 	EXP 	text: autoDraw = False
17.6483 	EXP 	rules_2: autoDraw = False
17.6483 	EXP 	goStim: image = 'squareblack.png'
17.6483 	EXP 	fixation: autoDraw = True
17.6483 	EXP 	rules: autoDraw = True
18.1407 	INFO 	Keyboard events cleared
18.1405 	EXP 	goStim: autoDraw = True
18.1443 	EXP 	fixation: autoDraw = False
18.5905 	EXP 	stopSignal: autoDraw = True
19.0907 	EXP 	stopSignal: autoDraw = False
19.1406 	EXP 	goStim: autoDraw = False
20.1394 	EXP 	rules: autoDraw = False
20.1394 	EXP 	fixation: autoDraw = False
20.1394 	EXP 	goStim: autoDraw = False
20.1394 	EXP 	stopSignal: autoDraw = False
20.1394 	EXP 	rules: autoDraw = False
20.1394 	EXP 	text: height = 0.05
20.1394 	EXP 	text: height = 0.05
20.1394 	EXP 	text: height = 0.05
20.1394 	EXP 	text: text = 'Respond Faster'
20.1394 	EXP 	text: autoDraw = True
20.1394 	EXP 	rules_2: autoDraw = True
20.6266 	EXP 	New trial (rep=0, index=6): <Trial 6 (6 in rep 0) data={'corrGoResp': None, 'shape': None, 'thisN': 6, 'thisTrialN': 6, 'thisRepN': 0}>
20.6316 	EXP 	text: autoDraw = False
20.6316 	EXP 	rules_2: autoDraw = False
20.6316 	EXP 	text: autoDraw = False
20.6316 	EXP 	rules_2: autoDraw = False
20.6316 	EXP 	goStim: image = 'circleblack.png'
20.6316 	EXP 	fixation: autoDraw = True
20.6316 	EXP 	rules: autoDraw = True
21.1194 	INFO 	Keyboard events cleared
21.1192 	EXP 	fixation: autoDraw = False
21.1192 	EXP 	goStim: autoDraw = True
21.5742 	EXP 	stopSignal: autoDraw = True
22.0618 	EXP 	stopSignal: autoDraw = False
22.1097 	EXP 	goStim: autoDraw = False
23.1309 	EXP 	rules: autoDraw = False
23.1309 	EXP 	fixation: autoDraw = False
23.1309 	EXP 	goStim: autoDraw = False
23.1309 	EXP 	stopSignal: autoDraw = False
23.1309 	EXP 	rules: autoDraw = False
23.1309 	EXP 	text: text = 'Respond Faster'
23.1309 	EXP 	text: autoDraw = True
23.1309 	EXP 	rules_2: autoDraw = True
23.6267 	EXP 	New trial (rep=2, index=7): <Trial 7 (7 in rep 2) data={'corrGoResp': None, 'shape': None, 'thisN': 7, 'thisTrialN': 7, 'thisRepN': 2}>
23.6318 	EXP 	text: autoDraw = False
23.6318 	EXP 	rules_2: autoDraw = False
23.6318 	EXP 	text: autoDraw = False
23.6318 	EXP 	rules_2: autoDraw = False
23.6318 	EXP 	goStim: image = 'squareblack.png'
23.6318 	EXP 	fixation: autoDraw = True
23.6318 	EXP 	rules: autoDraw = True
24.1188 	INFO 	Keyboard events cleared
24.1185 	EXP 	goStim: autoDraw = True
24.1326 	EXP 	fixation: autoDraw = False
24.5703 	EXP 	stopSignal: autoDraw = True
25.0614 	EXP 	stopSignal: autoDraw = False
25.1118 	EXP 	goStim: autoDraw = False
26.1288 	EXP 	rules: autoDraw = False
26.1288 	EXP 	fixation: autoDraw = False
26.1288 	EXP 	goStim: autoDraw = False
26.1288 	EXP 	stopSignal: autoDraw = False
26.1288 	EXP 	rules: autoDraw = False
26.1288 	EXP 	text: text = 'Respond Faster'
26.1288 	EXP 	text: autoDraw = True
26.1288 	EXP 	rules_2: autoDraw = True
26.6182 	EXP 	New trial (rep=1, index=8): <Trial 8 (8 in rep 1) data={'corrGoResp': '$currentCorrectResponse', 'shape': '$currentGoStim', 'thisN': 8, 'thisTrialN': 8, 'thisRepN': 1}>
26.6234 	EXP 	text: autoDraw = False
26.6234 	EXP 	rules_2: autoDraw = False
26.6234 	EXP 	text: autoDraw = False
26.6234 	EXP 	rules_2: autoDraw = False
26.6234 	EXP 	goStim: image = 'circleblack.png'
26.6234 	EXP 	fixation: autoDraw = True
26.6234 	EXP 	rules: autoDraw = True
27.1128 	INFO 	Keyboard events cleared
27.1125 	EXP 	fixation: autoDraw = False
27.1125 	EXP 	goStim: autoDraw = True
27.5658 	EXP 	stopSignal: autoDraw = True
28.0615 	EXP 	stopSignal: autoDraw = False
28.1017 	EXP 	goStim: autoDraw = False
29.1156 	EXP 	rules: autoDraw = False
29.1156 	EXP 	fixation: autoDraw = False
29.1156 	EXP 	goStim: autoDraw = False
29.1156 	EXP 	stopSignal: autoDraw = False
29.1156 	EXP 	rules: autoDraw = False
29.1156 	EXP 	text: height = 0.05
29.1156 	EXP 	text: height = 0.05
29.1156 	EXP 	text: height = 0.05
29.1156 	EXP 	text: text = 'Correct'
29.1156 	EXP 	text: autoDraw = True
29.1156 	EXP 	rules_2: autoDraw = True
29.6101 	EXP 	New trial (rep=3, index=9): <Trial 9 (9 in rep 3) data={'corrGoResp': None, 'shape': None, 'thisN': 9, 'thisTrialN': 9, 'thisRepN': 3}>
29.6146 	EXP 	text: autoDraw = False
29.6146 	EXP 	rules_2: autoDraw = False
29.6146 	EXP 	text: autoDraw = False
29.6146 	EXP 	rules_2: autoDraw = False
29.6146 	EXP 	goStim: image = 'circleblack.png'
29.6146 	EXP 	fixation: autoDraw = True
29.6146 	EXP 	rules: autoDraw = True
30.1072 	INFO 	Keyboard events cleared
30.1069 	EXP 	goStim: autoDraw = True
30.1110 	EXP 	fixation: autoDraw = False
30.6023 	EXP 	stopSignal: autoDraw = True
31.0961 	EXP 	goStim: autoDraw = False
31.0961 	EXP 	stopSignal: autoDraw = False
32.1148 	EXP 	rules: autoDraw = False
32.1148 	EXP 	fixation: autoDraw = False
32.1148 	EXP 	goStim: autoDraw = False
32.1148 	EXP 	stopSignal: autoDraw = False
32.1148 	EXP 	rules: autoDraw = False
32.1148 	EXP 	text: height = 0.05
32.1148 	EXP 	text: height = 0.05
32.1148 	EXP 	text: height = 0.05
32.1148 	EXP 	text: text = 'Respond Faster'
32.1148 	EXP 	text: autoDraw = True
32.1148 	EXP 	rules_2: autoDraw = True
32.6101 	EXP 	New trial (rep=3, index=10): <Trial 10 (10 in rep 3) data={'corrGoResp': None, 'shape': None, 'thisN': 10, 'thisTrialN': 10, 'thisRepN': 3}>
32.6152 	EXP 	text: autoDraw = False
32.6152 	EXP 	rules_2: autoDraw = False
32.6152 	EXP 	text: autoDraw = False
32.6152 	EXP 	rules_2: autoDraw = False
32.6152 	EXP 	goStim: image = 'squareblack.png'
32.6152 	EXP 	fixation: autoDraw = True
32.6152 	EXP 	rules: autoDraw = True
33.1047 	INFO 	Keyboard events cleared
33.1045 	EXP 	fixation: autoDraw = False
33.1045 	EXP 	goStim: autoDraw = True
33.6021 	EXP 	stopSignal: autoDraw = True
34.0959 	EXP 	goStim: autoDraw = False
34.0959 	EXP 	stopSignal: autoDraw = False
35.1049 	EXP 	rules: autoDraw = False
35.1049 	EXP 	fixation: autoDraw = False
35.1049 	EXP 	goStim: autoDraw = False
35.1049 	EXP 	stopSignal: autoDraw = False
35.1049 	EXP 	rules: autoDraw = False
35.1049 	EXP 	text: text = 'Respond Faster'
35.1049 	EXP 	text: autoDraw = True
35.1049 	EXP 	rules_2: autoDraw = True
35.5957 	EXP 	New trial (rep=2, index=11): <Trial 11 (11 in rep 2) data={'corrGoResp': '$currentCorrectResponse', 'shape': '$currentGoStim', 'thisN': 11, 'thisTrialN': 11, 'thisRepN': 2}>
35.6016 	EXP 	text: autoDraw = False
35.6016 	EXP 	rules_2: autoDraw = False
35.6016 	EXP 	text: autoDraw = False
35.6016 	EXP 	rules_2: autoDraw = False
35.6016 	EXP 	goStim: image = 'squareblack.png'
35.6016 	EXP 	fixation: autoDraw = True
35.6016 	EXP 	rules: autoDraw = True
36.0880 	INFO 	Keyboard events cleared
36.0878 	EXP 	goStim: autoDraw = True
36.0934 	EXP 	fixation: autoDraw = False
36.5852 	EXP 	stopSignal: autoDraw = True
37.0788 	EXP 	goStim: autoDraw = False
37.0788 	EXP 	stopSignal: autoDraw = False
38.0944 	EXP 	rules: autoDraw = False
38.0944 	EXP 	fixation: autoDraw = False
38.0944 	EXP 	goStim: autoDraw = False
38.0944 	EXP 	stopSignal: autoDraw = False
38.0944 	EXP 	rules: autoDraw = False
38.0944 	EXP 	text: height = 0.05
38.0944 	EXP 	text: height = 0.05
38.0944 	EXP 	text: height = 0.05
38.0944 	EXP 	text: text = 'Correct'
38.0944 	EXP 	text: autoDraw = True
38.0944 	EXP 	rules_2: autoDraw = True
38.5798 	EXP 	New trial (rep=1, index=12): <Trial 12 (12 in rep 1) data={'corrGoResp': None, 'shape': None, 'thisN': 12, 'thisTrialN': 12, 'thisRepN': 1}>
38.5854 	EXP 	text: autoDraw = False
38.5854 	EXP 	rules_2: autoDraw = False
38.5854 	EXP 	text: autoDraw = False
38.5854 	EXP 	rules_2: autoDraw = False
38.5854 	EXP 	goStim: image = 'circleblack.png'
38.5854 	EXP 	fixation: autoDraw = True
38.5854 	EXP 	rules: autoDraw = True
39.0828 	INFO 	Keyboard events cleared
39.0825 	EXP 	fixation: autoDraw = False
39.0825 	EXP 	goStim: autoDraw = True
39.6187 	EXP 	stopSignal: autoDraw = True
40.0789 	EXP 	goStim: autoDraw = False
40.1100 	EXP 	stopSignal: autoDraw = False
41.0827 	EXP 	rules: autoDraw = False
41.0827 	EXP 	fixation: autoDraw = False
41.0827 	EXP 	goStim: autoDraw = False
41.0827 	EXP 	stopSignal: autoDraw = False
41.0827 	EXP 	rules: autoDraw = False
41.0827 	EXP 	text: height = 0.05
41.0827 	EXP 	text: height = 0.05
41.0827 	EXP 	text: height = 0.05
41.0827 	EXP 	text: text = 'Respond Faster'
41.0827 	EXP 	text: autoDraw = True
41.0827 	EXP 	rules_2: autoDraw = True
41.5764 	EXP 	New trial (rep=3, index=13): <Trial 13 (13 in rep 3) data={'corrGoResp': '$currentCorrectResponse', 'shape': '$currentGoStim', 'thisN': 13, 'thisTrialN': 13, 'thisRepN': 3}>
41.5813 	EXP 	text: autoDraw = False
41.5813 	EXP 	rules_2: autoDraw = False
41.5813 	EXP 	goStim: image = 'squareblack.png'
41.5813 	EXP 	fixation: autoDraw = True
41.5813 	EXP 	rules: autoDraw = True
42.0747 	INFO 	Keyboard events cleared
42.0744 	EXP 	goStim: autoDraw = True
42.0798 	EXP 	fixation: autoDraw = False
42.6213 	EXP 	stopSignal: autoDraw = True
43.0743 	EXP 	goStim: autoDraw = False
43.1159 	EXP 	stopSignal: autoDraw = False
44.0714 	EXP 	rules: autoDraw = False
44.0714 	EXP 	fixation: autoDraw = False
44.0714 	EXP 	goStim: autoDraw = False
44.0714 	EXP 	stopSignal: autoDraw = False
44.0714 	EXP 	rules: autoDraw = False
44.0714 	EXP 	text: text = 'Respond Faster'
44.0714 	EXP 	text: autoDraw = True
44.0714 	EXP 	rules_2: autoDraw = True
44.5598 	EXP 	New trial (rep=4, index=14): <Trial 14 (14 in rep 4) data={'corrGoResp': None, 'shape': None, 'thisN': 14, 'thisTrialN': 14, 'thisRepN': 4}>
44.5640 	EXP 	text: autoDraw = False
44.5640 	EXP 	rules_2: autoDraw = False
44.5640 	EXP 	text: autoDraw = False
44.5640 	EXP 	rules_2: autoDraw = False
44.5640 	EXP 	goStim: image = 'squareblack.png'
44.5640 	EXP 	fixation: autoDraw = True
44.5640 	EXP 	rules: autoDraw = True
45.0579 	INFO 	Keyboard events cleared
45.0576 	EXP 	goStim: autoDraw = True
45.0629 	EXP 	fixation: autoDraw = False
45.6048 	EXP 	stopSignal: autoDraw = True
46.0578 	EXP 	goStim: autoDraw = False
46.1080 	EXP 	stopSignal: autoDraw = False
47.0548 	EXP 	rules: autoDraw = False
47.0548 	EXP 	fixation: autoDraw = False
47.0548 	EXP 	goStim: autoDraw = False
47.0548 	EXP 	stopSignal: autoDraw = False
47.0548 	EXP 	rules: autoDraw = False
47.0548 	EXP 	text: text = 'Respond Faster'
47.0548 	EXP 	text: autoDraw = True
47.0548 	EXP 	rules_2: autoDraw = True
47.5517 	EXP 	New trial (rep=2, index=15): <Trial 15 (15 in rep 2) data={'corrGoResp': None, 'shape': None, 'thisN': 15, 'thisTrialN': 15, 'thisRepN': 2}>
47.5560 	EXP 	text: autoDraw = False
47.5560 	EXP 	rules_2: autoDraw = False
47.5560 	EXP 	text: autoDraw = False
47.5560 	EXP 	rules_2: autoDraw = False
47.5560 	EXP 	goStim: image = 'squareblack.png'
47.5560 	EXP 	fixation: autoDraw = True
47.5560 	EXP 	rules: autoDraw = True
48.0455 	INFO 	Keyboard events cleared
48.0453 	EXP 	fixation: autoDraw = False
48.0453 	EXP 	goStim: autoDraw = True
48.5989 	EXP 	stopSignal: autoDraw = True
49.0352 	EXP 	goStim: autoDraw = False
49.0994 	EXP 	stopSignal: autoDraw = False
50.0548 	EXP 	rules: autoDraw = False
50.0548 	EXP 	fixation: autoDraw = False
50.0548 	EXP 	goStim: autoDraw = False
50.0548 	EXP 	stopSignal: autoDraw = False
50.0548 	EXP 	rules: autoDraw = False
50.0548 	EXP 	text: text = 'Respond Faster'
50.0548 	EXP 	text: autoDraw = True
50.0548 	EXP 	rules_2: autoDraw = True
50.5395 	EXP 	New trial (rep=4, index=16): <Trial 16 (16 in rep 4) data={'corrGoResp': '$currentCorrectResponse', 'shape': '$currentGoStim', 'thisN': 16, 'thisTrialN': 16, 'thisRepN': 4}>
50.5444 	EXP 	text: autoDraw = False
50.5444 	EXP 	rules_2: autoDraw = False
50.5444 	EXP 	text: autoDraw = False
50.5444 	EXP 	rules_2: autoDraw = False
50.5444 	EXP 	goStim: image = 'circleblack.png'
50.5444 	EXP 	fixation: autoDraw = True
50.5444 	EXP 	rules: autoDraw = True
51.0375 	INFO 	Keyboard events cleared
51.0373 	EXP 	fixation: autoDraw = False
51.0373 	EXP 	goStim: autoDraw = True
51.5878 	EXP 	stopSignal: autoDraw = True
52.0295 	EXP 	goStim: autoDraw = False
52.0795 	EXP 	stopSignal: autoDraw = False
53.0392 	EXP 	rules: autoDraw = False
53.0392 	EXP 	fixation: autoDraw = False
53.0392 	EXP 	goStim: autoDraw = False
53.0392 	EXP 	stopSignal: autoDraw = False
53.0392 	EXP 	rules: autoDraw = False
53.0392 	EXP 	text: height = 0.05
53.0392 	EXP 	text: height = 0.05
53.0392 	EXP 	text: height = 0.05
53.0392 	EXP 	text: text = 'Correct'
53.0392 	EXP 	text: autoDraw = True
53.0392 	EXP 	rules_2: autoDraw = True
53.5351 	EXP 	New trial (rep=5, index=17): <Trial 17 (17 in rep 5) data={'corrGoResp': None, 'shape': None, 'thisN': 17, 'thisTrialN': 17, 'thisRepN': 5}>
53.5394 	EXP 	text: autoDraw = False
53.5394 	EXP 	rules_2: autoDraw = False
53.5394 	EXP 	text: autoDraw = False
53.5394 	EXP 	rules_2: autoDraw = False
53.5394 	EXP 	goStim: image = 'circleblack.png'
53.5394 	EXP 	fixation: autoDraw = True
53.5394 	EXP 	rules: autoDraw = True
54.0296 	INFO 	Keyboard events cleared
54.0293 	EXP 	fixation: autoDraw = False
54.0293 	EXP 	goStim: autoDraw = True
54.6297 	EXP 	stopSignal: autoDraw = True
55.0294 	EXP 	goStim: autoDraw = False
55.1189 	EXP 	stopSignal: autoDraw = False
56.0348 	EXP 	rules: autoDraw = False
56.0348 	EXP 	fixation: autoDraw = False
56.0348 	EXP 	goStim: autoDraw = False
56.0348 	EXP 	stopSignal: autoDraw = False
56.0348 	EXP 	rules: autoDraw = False
56.0348 	EXP 	text: height = 0.05
56.0348 	EXP 	text: height = 0.05
56.0348 	EXP 	text: height = 0.05
56.0348 	EXP 	text: text = 'Respond Faster'
56.0348 	EXP 	text: autoDraw = True
56.0348 	EXP 	rules_2: autoDraw = True
56.5226 	EXP 	New trial (rep=3, index=18): <Trial 18 (18 in rep 3) data={'corrGoResp': None, 'shape': None, 'thisN': 18, 'thisTrialN': 18, 'thisRepN': 3}>
56.5274 	EXP 	text: autoDraw = False
56.5274 	EXP 	rules_2: autoDraw = False
56.5274 	EXP 	text: autoDraw = False
56.5274 	EXP 	rules_2: autoDraw = False
56.5274 	EXP 	goStim: image = 'squareblack.png'
56.5274 	EXP 	fixation: autoDraw = True
56.5274 	EXP 	rules: autoDraw = True
57.0137 	INFO 	Keyboard events cleared
57.0135 	EXP 	goStim: autoDraw = True
57.0188 	EXP 	fixation: autoDraw = False
57.6127 	EXP 	stopSignal: autoDraw = True
58.0123 	EXP 	goStim: autoDraw = False
58.1017 	EXP 	stopSignal: autoDraw = False
59.0184 	EXP 	rules: autoDraw = False
59.0184 	EXP 	fixation: autoDraw = False
59.0184 	EXP 	goStim: autoDraw = False
59.0184 	EXP 	stopSignal: autoDraw = False
59.0184 	EXP 	rules: autoDraw = False
59.0184 	EXP 	text: height = 0.05
59.0184 	EXP 	text: height = 0.05
59.0184 	EXP 	text: height = 0.05
59.0184 	EXP 	text: text = 'Correct'
59.0184 	EXP 	text: autoDraw = True
59.0184 	EXP 	rules_2: autoDraw = True
59.5094 	EXP 	New trial (rep=4, index=19): <Trial 19 (19 in rep 4) data={'corrGoResp': None, 'shape': None, 'thisN': 19, 'thisTrialN': 19, 'thisRepN': 4}>
59.5140 	EXP 	text: autoDraw = False
59.5140 	EXP 	rules_2: autoDraw = False
59.5140 	EXP 	text: autoDraw = False
59.5140 	EXP 	rules_2: autoDraw = False
59.5140 	EXP 	goStim: image = 'circleblack.png'
59.5140 	EXP 	fixation: autoDraw = True
59.5140 	EXP 	rules: autoDraw = True
60.0032 	INFO 	Keyboard events cleared
60.0029 	EXP 	fixation: autoDraw = False
60.0029 	EXP 	goStim: autoDraw = True
60.6573 	EXP 	stopSignal: autoDraw = True
60.7191 	DATA 	Keypress: period
60.9946 	EXP 	goStim: autoDraw = False
61.1444 	EXP 	stopSignal: autoDraw = False
62.0131 	EXP 	rules: autoDraw = False
62.0131 	EXP 	fixation: autoDraw = False
62.0131 	EXP 	goStim: autoDraw = False
62.0131 	EXP 	stopSignal: autoDraw = False
62.0131 	EXP 	rules: autoDraw = False
62.0131 	EXP 	text: text = 'Correct'
62.0131 	EXP 	text: autoDraw = True
62.0131 	EXP 	rules_2: autoDraw = True
62.0982 	WARNING 	t of last frame was 85.07ms (=1/11)
62.5101 	EXP 	New trial (rep=4, index=20): <Trial 20 (20 in rep 4) data={'corrGoResp': None, 'shape': None, 'thisN': 20, 'thisTrialN': 20, 'thisRepN': 4}>
62.5151 	EXP 	text: autoDraw = False
62.5151 	EXP 	rules_2: autoDraw = False
62.5151 	EXP 	text: autoDraw = False
62.5151 	EXP 	rules_2: autoDraw = False
62.5151 	EXP 	goStim: image = 'squareblack.png'
62.5151 	EXP 	fixation: autoDraw = True
62.5151 	EXP 	rules: autoDraw = True
63.0022 	INFO 	Keyboard events cleared
63.0020 	EXP 	goStim: autoDraw = True
63.0161 	EXP 	fixation: autoDraw = False
63.7020 	EXP 	stopSignal: autoDraw = True
63.9963 	EXP 	goStim: autoDraw = False
64.1943 	EXP 	stopSignal: autoDraw = False
65.0048 	EXP 	rules: autoDraw = False
65.0048 	EXP 	fixation: autoDraw = False
65.0048 	EXP 	goStim: autoDraw = False
65.0048 	EXP 	stopSignal: autoDraw = False
65.0048 	EXP 	rules: autoDraw = False
65.0048 	EXP 	text: text = 'Correct'
65.0048 	EXP 	text: autoDraw = True
65.0048 	EXP 	rules_2: autoDraw = True
65.5020 	EXP 	New trial (rep=5, index=21): <Trial 21 (21 in rep 5) data={'corrGoResp': None, 'shape': None, 'thisN': 21, 'thisTrialN': 21, 'thisRepN': 5}>
65.5071 	EXP 	text: autoDraw = False
65.5071 	EXP 	rules_2: autoDraw = False
65.5071 	EXP 	text: autoDraw = False
65.5071 	EXP 	rules_2: autoDraw = False
65.5071 	EXP 	goStim: image = 'circleblack.png'
65.5071 	EXP 	fixation: autoDraw = True
65.5071 	EXP 	rules: autoDraw = True
65.9966 	INFO 	Keyboard events cleared
65.9963 	EXP 	fixation: autoDraw = False
65.9963 	EXP 	goStim: autoDraw = True
66.7439 	EXP 	stopSignal: autoDraw = True
66.9957 	EXP 	goStim: autoDraw = False
67.2373 	EXP 	stopSignal: autoDraw = False
67.9987 	EXP 	rules: autoDraw = False
67.9987 	EXP 	fixation: autoDraw = False
67.9987 	EXP 	goStim: autoDraw = False
67.9987 	EXP 	stopSignal: autoDraw = False
67.9987 	EXP 	rules: autoDraw = False
67.9987 	EXP 	text: height = 0.05
67.9987 	EXP 	text: height = 0.05
67.9987 	EXP 	text: height = 0.05
67.9987 	EXP 	text: text = 'Respond Faster'
67.9987 	EXP 	text: autoDraw = True
67.9987 	EXP 	rules_2: autoDraw = True
68.4852 	EXP 	New trial (rep=5, index=22): <Trial 22 (22 in rep 5) data={'corrGoResp': None, 'shape': None, 'thisN': 22, 'thisTrialN': 22, 'thisRepN': 5}>
68.4901 	EXP 	text: autoDraw = False
68.4901 	EXP 	rules_2: autoDraw = False
68.4901 	EXP 	text: autoDraw = False
68.4901 	EXP 	rules_2: autoDraw = False
68.4901 	EXP 	goStim: image = 'squareblack.png'
68.4901 	EXP 	fixation: autoDraw = True
68.4901 	EXP 	rules: autoDraw = True
68.9831 	INFO 	Keyboard events cleared
68.9828 	EXP 	goStim: autoDraw = True
68.9884 	EXP 	fixation: autoDraw = False
69.7329 	EXP 	stopSignal: autoDraw = True
69.9829 	EXP 	goStim: autoDraw = False
70.2209 	EXP 	stopSignal: autoDraw = False
70.9831 	EXP 	rules: autoDraw = False
70.9831 	EXP 	fixation: autoDraw = False
70.9831 	EXP 	goStim: autoDraw = False
70.9831 	EXP 	stopSignal: autoDraw = False
70.9831 	EXP 	rules: autoDraw = False
70.9831 	EXP 	text: text = 'Respond Faster'
70.9831 	EXP 	text: autoDraw = True
70.9831 	EXP 	rules_2: autoDraw = True
71.4706 	EXP 	New trial (rep=5, index=23): <Trial 23 (23 in rep 5) data={'corrGoResp': '$currentCorrectResponse', 'shape': '$currentGoStim', 'thisN': 23, 'thisTrialN': 23, 'thisRepN': 5}>
71.4765 	EXP 	text: autoDraw = False
71.4765 	EXP 	rules_2: autoDraw = False
71.4765 	EXP 	text: autoDraw = False
71.4765 	EXP 	rules_2: autoDraw = False
71.4765 	EXP 	goStim: image = 'circleblack.png'
71.4765 	EXP 	fixation: autoDraw = True
71.4765 	EXP 	rules: autoDraw = True
71.9630 	INFO 	Keyboard events cleared
71.9628 	EXP 	goStim: autoDraw = True
71.9686 	EXP 	fixation: autoDraw = False
72.7128 	EXP 	stopSignal: autoDraw = True
72.9520 	EXP 	goStim: autoDraw = False
73.2037 	EXP 	stopSignal: autoDraw = False
73.9684 	EXP 	rules: autoDraw = False
73.9684 	EXP 	fixation: autoDraw = False
73.9684 	EXP 	goStim: autoDraw = False
73.9684 	EXP 	stopSignal: autoDraw = False
73.9684 	EXP 	rules: autoDraw = False
73.9684 	EXP 	text: text = 'Respond Faster'
73.9684 	EXP 	text: autoDraw = True
73.9684 	EXP 	rules_2: autoDraw = True
74.4807 	DEBUG 	Saving data for simplestop_skeleton ExperimentHandler
74.4822 	INFO 	saved data to /Users/kritiaxh/Documents/paperRepos/SharedControlPaper/experiments/simpleStop/data/729448_simplestop_skeleton_2025-03-13_09h49.16.131.psydat
74.4859 	INFO 	saved data to '/Users/kritiaxh/Documents/paperRepos/SharedControlPaper/experiments/simpleStop/data/729448_simplestop_skeleton_2025-03-13_09h49.16.131.csv'
