3.4478 	DEBUG 	Fullscreen settings ignored as running in pilot mode.
3.4488 	INFO 	Loaded monitor calibration from ['2025_01_07 12:59']
3.5983 	EXP 	Created window1 = Window(allowGUI=False, allowStencil=False, autoLog=True, backendConf=UNKNOWN, backgroundFit=<method-wrapper '__getattribute__' of attributeSetter object at 0x7f8d0a1e4c10>, backgroundImage=<method-wrapper '__getattribute__' of attributeSetter object at 0x7f8d0a1e4b20>, bitsMode=UNKNOWN, blendMode='avg', bpc=(8, 8, 8), color=array([0, 0, 0]), colorSpace='rgb', depthBits=8, fullscr=False, gamma=None, gammaErrorPolicy='raise', infoMsg=UNKNOWN, lms=UNKNOWN, monitor=<psychopy.monitors.calibTools.Monitor object at 0x7f8d09e892e0>, multiSample=False, name='window1', numSamples=2, pos=[356.0, 191.0], screen=0, size=array([1600, 1200]), stencilBits=0, stereo=False, title='PsychoPy', units='height', useFBO=True, useRetina=True, viewOri=0.0, viewPos=None, viewScale=None, waitBlanking=True, winType='pyglet')
3.5984 	EXP 	window1: backgroundImage = ''
3.5984 	EXP 	window1: backgroundFit = 'none'
3.6051 	DEBUG 	TextBox2 loaded 1 chars with 0 blanks and 1 valid
3.6056 	DEBUG 	TextBox2 loaded 1 chars with 0 blanks and 1 valid
3.6060 	DEBUG 	TextBox2 loaded 1 chars with 0 blanks and 1 valid
3.6066 	DEBUG 	TextBox2 loaded 1 chars with 0 blanks and 1 valid
3.6071 	DEBUG 	TextBox2 loaded 1 chars with 0 blanks and 1 valid
3.6074 	DEBUG 	TextBox2 loaded 1 chars with 0 blanks and 1 valid
3.6078 	DEBUG 	TextBox2 loaded 1 chars with 0 blanks and 1 valid
3.6084 	DEBUG 	TextBox2 loaded 1 chars with 0 blanks and 1 valid
3.6085 	DEBUG 	TextBox2 loaded 1 chars with 0 blanks and 1 valid
3.6087 	DEBUG 	TextBox2 loaded 1 chars with 0 blanks and 1 valid
3.6092 	DEBUG 	TextBox2 loaded 1 chars with 0 blanks and 1 valid
3.6096 	DEBUG 	TextBox2 loaded 1 chars with 0 blanks and 1 valid
3.6100 	DEBUG 	TextBox2 loaded 1 chars with 0 blanks and 1 valid
3.6104 	DEBUG 	TextBox2 loaded 1 chars with 0 blanks and 1 valid
3.6108 	DEBUG 	TextBox2 loaded 1 chars with 0 blanks and 1 valid
3.6112 	DEBUG 	TextBox2 loaded 1 chars with 0 blanks and 1 valid
3.6117 	DEBUG 	TextBox2 loaded 1 chars with 0 blanks and 1 valid
3.6119 	DEBUG 	TextBox2 loaded 1 chars with 0 blanks and 1 valid
3.6121 	DEBUG 	TextBox2 loaded 1 chars with 0 blanks and 1 valid
3.6127 	DEBUG 	TextBox2 loaded 1 chars with 0 blanks and 1 valid
3.6129 	DEBUG 	TextBox2 loaded 1 chars with 0 blanks and 1 valid
3.6131 	DEBUG 	Uploading Texture Font fontname to graphics card
3.6160 	DEBUG 	Upload of Texture Font fontname complete
3.6204 	DEBUG 	TextBox2 loaded 1 chars with 0 blanks and 1 valid
3.6210 	DEBUG 	TextBox2 loaded 1 chars with 0 blanks and 1 valid
3.6216 	DEBUG 	TextBox2 loaded 1 chars with 0 blanks and 1 valid
3.6217 	DEBUG 	Uploading Texture Font fontname to graphics card
3.6234 	DEBUG 	Upload of Texture Font fontname complete
3.6247 	EXP 	window1: Attempting to measure frame rate of screen (0) ...
3.6247 	EXP 	window1: recordFrameIntervals = False
3.7522 	EXP 	window1: recordFrameIntervals = True
4.5815 	WARNING 	Couldn't measure a consistent frame rate!
  - Is your graphics card set to sync to vertical blank?
  - Are you running other processes on your computer?

4.5896 	DEBUG 	TextBox2 loaded 1 chars with 0 blanks and 1 valid
4.5901 	DEBUG 	TextBox2 loaded 1 chars with 0 blanks and 1 valid
4.5911 	DEBUG 	TextBox2 loaded 1 chars with 0 blanks and 1 valid
4.5923 	DEBUG 	TextBox2 loaded 1 chars with 0 blanks and 1 valid
4.5935 	DEBUG 	TextBox2 loaded 1 chars with 0 blanks and 1 valid
4.5947 	DEBUG 	TextBox2 loaded 1 chars with 0 blanks and 1 valid
4.5952 	DEBUG 	TextBox2 loaded 1 chars with 0 blanks and 1 valid
4.5962 	DEBUG 	TextBox2 loaded 1 chars with 0 blanks and 1 valid
4.5973 	DEBUG 	TextBox2 loaded 1 chars with 0 blanks and 1 valid
4.5982 	DEBUG 	TextBox2 loaded 1 chars with 0 blanks and 1 valid
4.5985 	DEBUG 	Uploading Texture Font fontname to graphics card
4.6013 	DEBUG 	Upload of Texture Font fontname complete
4.6187 	WARNING 	launchHubServer: If using the iohub mouse or eyetracker devices, fullScr should be True.
6.3321 	INFO 	keyboard.Keyboard is using iohub backend.
6.3321 	INFO 	keyboard.Keyboard is using iohub backend.
6.3321 	INFO 	keyboard.Keyboard is using iohub backend.
6.3321 	INFO 	keyboard.Keyboard is using iohub backend.
6.3321 	INFO 	keyboard.Keyboard is using iohub backend.
6.3322 	INFO 	keyboard.Keyboard is using iohub backend.
6.3322 	INFO 	keyboard.Keyboard is using iohub backend.
6.3322 	INFO 	keyboard.Keyboard is using iohub backend.
6.3322 	INFO 	keyboard.Keyboard is using iohub backend.
6.3322 	EXP 	simplestop_skeleton: status = STARTED
6.3566 	EXP 	Created welcome = TextStim(__class__=<class 'psychopy.visual.text.TextStim'>, alignHoriz=method-wrapper(...), alignText='center', alignVert=method-wrapper(...), anchorHoriz='center', anchorVert='center', antialias=True, autoDraw=False, autoLog=True, bold=False, color=array([1., 1., 1.]), colorSpace='rgb', contrast=1.0, depth=0.0, draggable=False, flipHoriz=False, flipVert=False, font='Open Sans', fontFiles=[], height=0.045, italic=False, languageStyle='LTR', name='welcome', opacity=1, ori=0.0, pos=array([0., 0.]), rgb=UNKNOWN, text=str(...), units='height', win=Window(...), wrapWidth=1)
6.3838 	EXP 	Created instrStopText = TextStim(__class__=<class 'psychopy.visual.text.TextStim'>, alignHoriz=method-wrapper(...), alignText='center', alignVert=method-wrapper(...), anchorHoriz='center', anchorVert='center', antialias=True, autoDraw=False, autoLog=True, bold=False, color=array([1., 1., 1.]), colorSpace='rgb', contrast=1.0, depth=0.0, draggable=False, flipHoriz=False, flipVert=False, font='Arial', fontFiles=[], height=0.025, italic=False, languageStyle='LTR', name='instrStopText', opacity=1, ori=0, pos=array([0., 0.]), rgb=UNKNOWN, text=str(...), units='height', win=Window(...), wrapWidth=1)
6.3859 	EXP 	Created fixation = TextStim(__class__=<class 'psychopy.visual.text.TextStim'>, alignHoriz=method-wrapper(...), alignText='center', alignVert=method-wrapper(...), anchorHoriz='center', anchorVert='center', antialias=True, autoDraw=False, autoLog=True, bold=False, color=array([1., 1., 1.]), colorSpace='rgb', contrast=1.0, depth=0.0, draggable=False, flipHoriz=False, flipVert=False, font='Arial', fontFiles=[], height=0.15, italic=False, languageStyle='LTR', name='fixation', opacity=1, ori=0, pos=array([0., 0.]), rgb=UNKNOWN, text='+', units='height', win=Window(...), wrapWidth=1)
6.3958 	EXP 	Created goStim = ImageStim(__class__=<class 'psychopy.visual.image.ImageStim'>, anchor=('center', 'center'), autoLog=True, color=array([1., 1., 1.]), colorSpace='rgb', contrast=1.0, depth=-1.0, draggable=False, flipHoriz=False, flipVert=False, image='default.png', interpolate=True, mask=None, maskParams=None, name='goStim', opacity=1, ori=0.0, pos=array([0., 0.]), size=array([151., 151.]), texRes=128, units='pix', win=Window(...))
6.4010 	EXP 	Created stopSignal = ImageStim(__class__=<class 'psychopy.visual.image.ImageStim'>, anchor=('center', 'center'), autoLog=True, color=array([1., 1., 1.]), colorSpace='rgb', contrast=1.0, depth=-3.0, draggable=False, flipHoriz=False, flipVert=False, image='stopSignal.png', interpolate=True, mask=None, maskParams=None, name='stopSignal', opacity=1, ori=0.0, pos=array([0., 0.]), size=array([0.5, 0.5]), texRes=128.0, units='height', win=Window(...))
6.4135 	EXP 	Created rules = TextStim(__class__=<class 'psychopy.visual.text.TextStim'>, alignHoriz=method-wrapper(...), alignText='center', alignVert=method-wrapper(...), anchorHoriz='center', anchorVert='center', antialias=True, autoDraw=False, autoLog=True, bold=False, color=array([1., 1., 1.]), colorSpace='rgb', contrast=1.0, depth=-4.0, draggable=False, flipHoriz=False, flipVert=False, font='Open Sans', fontFiles=[], height=0.03, italic=False, languageStyle='LTR', name='rules', opacity=1, ori=0.0, pos=array([-0.6,  0.4]), rgb=UNKNOWN, text=str(...), units='height', win=Window(...), wrapWidth=1)
6.4141 	EXP 	Created text = TextStim(__class__=<class 'psychopy.visual.text.TextStim'>, alignHoriz=method-wrapper(...), alignText='center', alignVert=method-wrapper(...), anchorHoriz='center', anchorVert='center', antialias=True, autoDraw=False, autoLog=True, bold=False, color=array([1., 1., 1.]), colorSpace='rgb', contrast=1.0, depth=-1.0, draggable=False, flipHoriz=False, flipVert=False, font='Arial', fontFiles=[], height=0.05, italic=False, languageStyle='LTR', name='text', opacity=1, ori=0, pos=array([0., 0.]), rgb=UNKNOWN, text='', units='height', win=Window(...), wrapWidth=1)
6.4194 	EXP 	Created rules_2 = TextStim(__class__=<class 'psychopy.visual.text.TextStim'>, alignHoriz=method-wrapper(...), alignText='center', alignVert=method-wrapper(...), anchorHoriz='center', anchorVert='center', antialias=True, autoDraw=False, autoLog=True, bold=False, color=array([1., 1., 1.]), colorSpace='rgb', contrast=1.0, depth=-2.0, draggable=False, flipHoriz=False, flipVert=False, font='Open Sans', fontFiles=[], height=0.03, italic=False, languageStyle='LTR', name='rules_2', opacity=1, ori=0.0, pos=array([-0.6,  0.4]), rgb=UNKNOWN, text=str(...), units='height', win=Window(...), wrapWidth=1)
6.4198 	EXP 	Created text_5 = TextStim(__class__=<class 'psychopy.visual.text.TextStim'>, alignHoriz=method-wrapper(...), alignText='center', alignVert=method-wrapper(...), anchorHoriz='center', anchorVert='center', antialias=True, autoDraw=False, autoLog=True, bold=False, color=array([1., 1., 1.]), colorSpace='rgb', contrast=1.0, depth=-1.0, draggable=False, flipHoriz=False, flipVert=False, font='Arial', fontFiles=[], height=0.025, italic=False, languageStyle='LTR', name='text_5', opacity=1, ori=0, pos=array([0., 0.]), rgb=UNKNOWN, text='', units='height', win=Window(...), wrapWidth=1)
6.4353 	EXP 	Created testText = TextStim(__class__=<class 'psychopy.visual.text.TextStim'>, alignHoriz=method-wrapper(...), alignText='center', alignVert=method-wrapper(...), anchorHoriz='center', anchorVert='center', antialias=True, autoDraw=False, autoLog=True, bold=False, color=array([1., 1., 1.]), colorSpace='rgb', contrast=1.0, depth=-1.0, draggable=False, flipHoriz=False, flipVert=False, font='Arial', fontFiles=[], height=0.025, italic=False, languageStyle='LTR', name='testText', opacity=1, ori=0, pos=array([0., 0.]), rgb=UNKNOWN, text=str(...), units='height', win=Window(...), wrapWidth=1)
6.4369 	EXP 	Created test_fixation = TextStim(__class__=<class 'psychopy.visual.text.TextStim'>, alignHoriz=method-wrapper(...), alignText='center', alignVert=method-wrapper(...), anchorHoriz='center', anchorVert='center', antialias=True, autoDraw=False, autoLog=True, bold=False, color=array([1., 1., 1.]), colorSpace='rgb', contrast=1.0, depth=0.0, draggable=False, flipHoriz=False, flipVert=False, font='Arial', fontFiles=[], height=0.15, italic=False, languageStyle='LTR', name='test_fixation', opacity=1, ori=0, pos=array([0., 0.]), rgb=UNKNOWN, text='+', units='height', win=Window(...), wrapWidth=1)
6.4397 	EXP 	Created goStim_test = ImageStim(__class__=<class 'psychopy.visual.image.ImageStim'>, anchor=('center', 'center'), autoLog=True, color=array([1., 1., 1.]), colorSpace='rgb', contrast=1.0, depth=-1.0, draggable=False, flipHoriz=False, flipVert=False, image='default.png', interpolate=True, mask=None, maskParams=None, name='goStim_test', opacity=1, ori=0.0, pos=array([0., 0.]), size=array([151., 151.]), texRes=128, units='pix', win=Window(...))
6.4448 	EXP 	Created stopSignal_test = ImageStim(__class__=<class 'psychopy.visual.image.ImageStim'>, anchor=('center', 'center'), autoLog=True, color=array([1., 1., 1.]), colorSpace='rgb', contrast=1.0, depth=-3.0, draggable=False, flipHoriz=False, flipVert=False, image='stopSignal.png', interpolate=True, mask=None, maskParams=None, name='stopSignal_test', opacity=1, ori=0.0, pos=array([0., 0.]), size=array([0.5, 0.5]), texRes=128.0, units='height', win=Window(...))
6.4452 	EXP 	Created text_6 = TextStim(__class__=<class 'psychopy.visual.text.TextStim'>, alignHoriz=method-wrapper(...), alignText='center', alignVert=method-wrapper(...), anchorHoriz='center', anchorVert='center', antialias=True, autoDraw=False, autoLog=True, bold=False, color=array([1., 1., 1.]), colorSpace='rgb', contrast=1.0, depth=-1.0, draggable=False, flipHoriz=False, flipVert=False, font='Arial', fontFiles=[], height=0.025, italic=False, languageStyle='LTR', name='text_6', opacity=1, ori=0, pos=array([0., 0.]), rgb=UNKNOWN, text='', units='height', win=Window(...), wrapWidth=1)
6.4506 	EXP 	Created ending_text = TextStim(__class__=<class 'psychopy.visual.text.TextStim'>, alignHoriz=method-wrapper(...), alignText='center', alignVert=method-wrapper(...), anchorHoriz='center', anchorVert='center', antialias=True, autoDraw=False, autoLog=True, bold=False, color=array([1., 1., 1.]), colorSpace='rgb', contrast=1.0, depth=0.0, draggable=False, flipHoriz=False, flipVert=False, font='Open Sans', fontFiles=[], height=0.05, italic=False, languageStyle='LTR', name='ending_text', opacity=1, ori=0.0, pos=array([0., 0.]), rgb=UNKNOWN, text=str(...), units='height', win=Window(...), wrapWidth=1)
0.0143 	INFO 	Keyboard events cleared
0.0140 	EXP 	welcome: autoDraw = True
1.0927 	DATA 	Keypress: return
1.0966 	WARNING 	t of last frame was 33.84ms (=1/29)
1.3702 	DATA 	Keypress: return
1.3730 	INFO 	Keyboard events cleared
1.3727 	EXP 	welcome: autoDraw = False
1.3727 	EXP 	instrStopText: autoDraw = True
2.1495 	EXP 	New trial (rep=0, index=0): <Trial 0 (0 in rep 0) data={'thisN': 0, 'thisTrialN': 0, 'thisRepN': 0}>
2.1564 	DEBUG 	Read excel file with openpyxl: condition.xlsx
2.1566 	EXP 	Imported condition.xlsx as conditions, 4 conditions, 2 params
2.1569 	EXP 	New trial (rep=0, index=0): <Trial 0 (0 in rep 0) data={'corrGoResp': None, 'shape': None, 'thisN': 0, 'thisTrialN': 0, 'thisRepN': 0}>
2.1638 	DATA 	Keypress: return
2.1664 	WARNING 	t of last frame was 20.07ms (=1/49)
2.1664 	EXP 	instrStopText: autoDraw = False
2.1664 	EXP 	goStim: image = 'squareblack.png'
2.1664 	EXP 	fixation: autoDraw = True
2.1664 	EXP 	rules: autoDraw = True
2.6505 	INFO 	Keyboard events cleared
2.6502 	EXP 	goStim: autoDraw = True
2.6554 	EXP 	fixation: autoDraw = False
2.9990 	EXP 	stopSignal: autoDraw = True
3.5105 	EXP 	stopSignal: autoDraw = False
3.6520 	EXP 	goStim: autoDraw = False
4.6735 	EXP 	rules: autoDraw = False
4.6735 	EXP 	fixation: autoDraw = False
4.6735 	EXP 	goStim: autoDraw = False
4.6735 	EXP 	stopSignal: autoDraw = False
4.6735 	EXP 	rules: autoDraw = False
4.6735 	EXP 	text: height = 0.05
4.6735 	EXP 	text: height = 0.05
4.6735 	EXP 	text: height = 0.05
4.6735 	EXP 	text: text = 'Respond Faster'
4.6735 	EXP 	text: autoDraw = True
4.6735 	EXP 	rules_2: autoDraw = True
5.1709 	EXP 	New trial (rep=1, index=1): <Trial 1 (1 in rep 1) data={'corrGoResp': None, 'shape': None, 'thisN': 1, 'thisTrialN': 1, 'thisRepN': 1}>
5.1759 	EXP 	text: autoDraw = False
5.1759 	EXP 	rules_2: autoDraw = False
5.1759 	EXP 	goStim: image = 'circleblack.png'
5.1759 	EXP 	fixation: autoDraw = True
5.1759 	EXP 	rules: autoDraw = True
5.6627 	INFO 	Keyboard events cleared
5.6625 	EXP 	goStim: autoDraw = True
5.6770 	EXP 	fixation: autoDraw = False
6.0182 	EXP 	stopSignal: autoDraw = True
6.5152 	EXP 	stopSignal: autoDraw = False
6.6543 	EXP 	goStim: autoDraw = False
7.6659 	EXP 	rules: autoDraw = False
7.6659 	EXP 	fixation: autoDraw = False
7.6659 	EXP 	goStim: autoDraw = False
7.6659 	EXP 	stopSignal: autoDraw = False
7.6659 	EXP 	rules: autoDraw = False
7.6659 	EXP 	text: text = 'Respond Faster'
7.6659 	EXP 	text: autoDraw = True
7.6659 	EXP 	rules_2: autoDraw = True
8.1626 	EXP 	New trial (rep=0, index=2): <Trial 2 (2 in rep 0) data={'corrGoResp': None, 'shape': None, 'thisN': 2, 'thisTrialN': 2, 'thisRepN': 0}>
8.1669 	EXP 	text: autoDraw = False
8.1669 	EXP 	rules_2: autoDraw = False
8.1669 	EXP 	text: autoDraw = False
8.1669 	EXP 	rules_2: autoDraw = False
8.1669 	EXP 	goStim: image = 'circleblack.png'
8.1669 	EXP 	fixation: autoDraw = True
8.1669 	EXP 	rules: autoDraw = True
8.6575 	INFO 	Keyboard events cleared
8.6572 	EXP 	fixation: autoDraw = False
8.6572 	EXP 	goStim: autoDraw = True
9.0071 	EXP 	stopSignal: autoDraw = True
9.4956 	EXP 	stopSignal: autoDraw = False
9.6482 	EXP 	goStim: autoDraw = False
10.6574 	EXP 	rules: autoDraw = False
10.6574 	EXP 	fixation: autoDraw = False
10.6574 	EXP 	goStim: autoDraw = False
10.6574 	EXP 	stopSignal: autoDraw = False
10.6574 	EXP 	rules: autoDraw = False
10.6574 	EXP 	text: text = 'Respond Faster'
10.6574 	EXP 	text: autoDraw = True
10.6574 	EXP 	rules_2: autoDraw = True
11.1458 	EXP 	New trial (rep=0, index=3): <Trial 3 (3 in rep 0) data={'corrGoResp': None, 'shape': None, 'thisN': 3, 'thisTrialN': 3, 'thisRepN': 0}>
11.1506 	EXP 	text: autoDraw = False
11.1506 	EXP 	rules_2: autoDraw = False
11.1506 	EXP 	text: autoDraw = False
11.1506 	EXP 	rules_2: autoDraw = False
11.1506 	EXP 	goStim: image = 'squareblack.png'
11.1506 	EXP 	fixation: autoDraw = True
11.1506 	EXP 	rules: autoDraw = True
11.6380 	INFO 	Keyboard events cleared
11.6378 	EXP 	goStim: autoDraw = True
11.6520 	EXP 	fixation: autoDraw = False
11.9875 	EXP 	stopSignal: autoDraw = True
12.4791 	EXP 	stopSignal: autoDraw = False
12.6316 	EXP 	goStim: autoDraw = False
13.6431 	EXP 	rules: autoDraw = False
13.6431 	EXP 	fixation: autoDraw = False
13.6431 	EXP 	goStim: autoDraw = False
13.6431 	EXP 	stopSignal: autoDraw = False
13.6431 	EXP 	rules: autoDraw = False
13.6431 	EXP 	text: height = 0.05
13.6431 	EXP 	text: height = 0.05
13.6431 	EXP 	text: height = 0.05
13.6431 	EXP 	text: text = 'Correct'
13.6431 	EXP 	text: autoDraw = True
13.6431 	EXP 	rules_2: autoDraw = True
14.1378 	EXP 	New trial (rep=0, index=4): <Trial 4 (4 in rep 0) data={'corrGoResp': '$currentCorrectResponse', 'shape': '$currentGoStim', 'thisN': 4, 'thisTrialN': 4, 'thisRepN': 0}>
14.1427 	EXP 	text: autoDraw = False
14.1427 	EXP 	rules_2: autoDraw = False
14.1427 	EXP 	text: autoDraw = False
14.1427 	EXP 	rules_2: autoDraw = False
14.1427 	EXP 	goStim: image = 'circleblack.png'
14.1427 	EXP 	fixation: autoDraw = True
14.1427 	EXP 	rules: autoDraw = True
14.6324 	INFO 	Keyboard events cleared
14.6321 	EXP 	fixation: autoDraw = False
14.6321 	EXP 	goStim: autoDraw = True
15.0322 	EXP 	stopSignal: autoDraw = True
15.5233 	EXP 	stopSignal: autoDraw = False
15.6216 	EXP 	goStim: autoDraw = False
16.6408 	EXP 	rules: autoDraw = False
16.6408 	EXP 	fixation: autoDraw = False
16.6408 	EXP 	goStim: autoDraw = False
16.6408 	EXP 	stopSignal: autoDraw = False
16.6408 	EXP 	rules: autoDraw = False
16.6408 	EXP 	text: text = 'Correct'
16.6408 	EXP 	text: autoDraw = True
16.6408 	EXP 	rules_2: autoDraw = True
17.1375 	EXP 	New trial (rep=1, index=5): <Trial 5 (5 in rep 1) data={'corrGoResp': '$currentCorrectResponse', 'shape': '$currentGoStim', 'thisN': 5, 'thisTrialN': 5, 'thisRepN': 1}>
17.1423 	EXP 	text: autoDraw = False
17.1423 	EXP 	rules_2: autoDraw = False
17.1423 	EXP 	text: autoDraw = False
17.1423 	EXP 	rules_2: autoDraw = False
17.1423 	EXP 	goStim: image = 'squareblack.png'
17.1423 	EXP 	fixation: autoDraw = True
17.1423 	EXP 	rules: autoDraw = True
17.6356 	INFO 	Keyboard events cleared
17.6353 	EXP 	goStim: autoDraw = True
17.6408 	EXP 	fixation: autoDraw = False
18.0854 	EXP 	stopSignal: autoDraw = True
18.5854 	EXP 	stopSignal: autoDraw = False
18.6232 	EXP 	goStim: autoDraw = False
19.6340 	EXP 	rules: autoDraw = False
19.6340 	EXP 	fixation: autoDraw = False
19.6340 	EXP 	goStim: autoDraw = False
19.6340 	EXP 	stopSignal: autoDraw = False
19.6340 	EXP 	rules: autoDraw = False
19.6340 	EXP 	text: height = 0.05
19.6340 	EXP 	text: height = 0.05
19.6340 	EXP 	text: height = 0.05
19.6340 	EXP 	text: text = 'Respond Faster'
19.6340 	EXP 	text: autoDraw = True
19.6340 	EXP 	rules_2: autoDraw = True
20.1229 	EXP 	New trial (rep=1, index=6): <Trial 6 (6 in rep 1) data={'corrGoResp': None, 'shape': None, 'thisN': 6, 'thisTrialN': 6, 'thisRepN': 1}>
20.1354 	EXP 	text: autoDraw = False
20.1354 	EXP 	rules_2: autoDraw = False
20.1354 	EXP 	text: autoDraw = False
20.1354 	EXP 	rules_2: autoDraw = False
20.1354 	EXP 	goStim: image = 'squareblack.png'
20.1354 	EXP 	fixation: autoDraw = True
20.1354 	EXP 	rules: autoDraw = True
20.6155 	INFO 	Keyboard events cleared
20.6152 	EXP 	goStim: autoDraw = True
20.6354 	EXP 	fixation: autoDraw = False
21.0738 	EXP 	stopSignal: autoDraw = True
21.5652 	EXP 	stopSignal: autoDraw = False
21.6149 	EXP 	goStim: autoDraw = False
22.6323 	EXP 	rules: autoDraw = False
22.6323 	EXP 	fixation: autoDraw = False
22.6323 	EXP 	goStim: autoDraw = False
22.6323 	EXP 	stopSignal: autoDraw = False
22.6323 	EXP 	rules: autoDraw = False
22.6323 	EXP 	text: text = 'Respond Faster'
22.6323 	EXP 	text: autoDraw = True
22.6323 	EXP 	rules_2: autoDraw = True
23.1295 	EXP 	New trial (rep=2, index=7): <Trial 7 (7 in rep 2) data={'corrGoResp': None, 'shape': None, 'thisN': 7, 'thisTrialN': 7, 'thisRepN': 2}>
23.1343 	EXP 	text: autoDraw = False
23.1343 	EXP 	rules_2: autoDraw = False
23.1343 	EXP 	text: autoDraw = False
23.1343 	EXP 	rules_2: autoDraw = False
23.1343 	EXP 	goStim: image = 'circleblack.png'
23.1343 	EXP 	fixation: autoDraw = True
23.1343 	EXP 	rules: autoDraw = True
23.6273 	INFO 	Keyboard events cleared
23.6271 	EXP 	goStim: autoDraw = True
23.6321 	EXP 	fixation: autoDraw = False
24.0710 	EXP 	stopSignal: autoDraw = True
24.5687 	EXP 	stopSignal: autoDraw = False
24.6154 	EXP 	goStim: autoDraw = False
25.6239 	EXP 	rules: autoDraw = False
25.6239 	EXP 	fixation: autoDraw = False
25.6239 	EXP 	goStim: autoDraw = False
25.6239 	EXP 	stopSignal: autoDraw = False
25.6239 	EXP 	rules: autoDraw = False
25.6239 	EXP 	text: text = 'Respond Faster'
25.6239 	EXP 	text: autoDraw = True
25.6239 	EXP 	rules_2: autoDraw = True
26.1127 	EXP 	New trial (rep=2, index=8): <Trial 8 (8 in rep 2) data={'corrGoResp': '$currentCorrectResponse', 'shape': '$currentGoStim', 'thisN': 8, 'thisTrialN': 8, 'thisRepN': 2}>
26.1171 	EXP 	text: autoDraw = False
26.1171 	EXP 	rules_2: autoDraw = False
26.1171 	EXP 	text: autoDraw = False
26.1171 	EXP 	rules_2: autoDraw = False
26.1171 	EXP 	goStim: image = 'circleblack.png'
26.1171 	EXP 	fixation: autoDraw = True
26.1171 	EXP 	rules: autoDraw = True
26.6051 	INFO 	Keyboard events cleared
26.6048 	EXP 	goStim: autoDraw = True
26.6188 	EXP 	fixation: autoDraw = False
27.0574 	EXP 	stopSignal: autoDraw = True
27.5459 	EXP 	stopSignal: autoDraw = False
27.6022 	EXP 	goStim: autoDraw = False
28.6156 	EXP 	rules: autoDraw = False
28.6156 	EXP 	fixation: autoDraw = False
28.6156 	EXP 	goStim: autoDraw = False
28.6156 	EXP 	stopSignal: autoDraw = False
28.6156 	EXP 	rules: autoDraw = False
28.6156 	EXP 	text: text = 'Respond Faster'
28.6156 	EXP 	text: autoDraw = True
28.6156 	EXP 	rules_2: autoDraw = True
29.1044 	EXP 	New trial (rep=1, index=9): <Trial 9 (9 in rep 1) data={'corrGoResp': None, 'shape': None, 'thisN': 9, 'thisTrialN': 9, 'thisRepN': 1}>
29.1088 	EXP 	text: autoDraw = False
29.1088 	EXP 	rules_2: autoDraw = False
29.1088 	EXP 	text: autoDraw = False
29.1088 	EXP 	rules_2: autoDraw = False
29.1088 	EXP 	goStim: image = 'circleblack.png'
29.1088 	EXP 	fixation: autoDraw = True
29.1088 	EXP 	rules: autoDraw = True
29.5991 	INFO 	Keyboard events cleared
29.5987 	EXP 	fixation: autoDraw = False
29.5987 	EXP 	goStim: autoDraw = True
30.0490 	EXP 	stopSignal: autoDraw = True
30.5376 	EXP 	stopSignal: autoDraw = False
30.5876 	EXP 	goStim: autoDraw = False
31.6091 	EXP 	rules: autoDraw = False
31.6091 	EXP 	fixation: autoDraw = False
31.6091 	EXP 	goStim: autoDraw = False
31.6091 	EXP 	stopSignal: autoDraw = False
31.6091 	EXP 	rules: autoDraw = False
31.6091 	EXP 	text: height = 0.05
31.6091 	EXP 	text: height = 0.05
31.6091 	EXP 	text: height = 0.05
31.6091 	EXP 	text: text = 'Correct'
31.6091 	EXP 	text: autoDraw = True
31.6091 	EXP 	rules_2: autoDraw = True
32.1047 	EXP 	New trial (rep=3, index=10): <Trial 10 (10 in rep 3) data={'corrGoResp': None, 'shape': None, 'thisN': 10, 'thisTrialN': 10, 'thisRepN': 3}>
32.1094 	EXP 	text: autoDraw = False
32.1094 	EXP 	rules_2: autoDraw = False
32.1094 	EXP 	text: autoDraw = False
32.1094 	EXP 	rules_2: autoDraw = False
32.1094 	EXP 	goStim: image = 'squareblack.png'
32.1094 	EXP 	fixation: autoDraw = True
32.1094 	EXP 	rules: autoDraw = True
32.5993 	INFO 	Keyboard events cleared
32.5990 	EXP 	fixation: autoDraw = False
32.5990 	EXP 	goStim: autoDraw = True
33.1023 	EXP 	stopSignal: autoDraw = True
33.5905 	EXP 	goStim: autoDraw = False
33.5905 	EXP 	stopSignal: autoDraw = False
34.5992 	EXP 	rules: autoDraw = False
34.5992 	EXP 	fixation: autoDraw = False
34.5992 	EXP 	goStim: autoDraw = False
34.5992 	EXP 	stopSignal: autoDraw = False
34.5992 	EXP 	rules: autoDraw = False
34.5992 	EXP 	text: text = 'Correct'
34.5992 	EXP 	text: autoDraw = True
34.5992 	EXP 	rules_2: autoDraw = True
35.0843 	EXP 	New trial (rep=3, index=11): <Trial 11 (11 in rep 3) data={'corrGoResp': '$currentCorrectResponse', 'shape': '$currentGoStim', 'thisN': 11, 'thisTrialN': 11, 'thisRepN': 3}>
35.0883 	EXP 	text: autoDraw = False
35.0883 	EXP 	rules_2: autoDraw = False
35.0883 	EXP 	text: autoDraw = False
35.0883 	EXP 	rules_2: autoDraw = False
35.0883 	EXP 	goStim: image = 'squareblack.png'
35.0883 	EXP 	fixation: autoDraw = True
35.0883 	EXP 	rules: autoDraw = True
35.5859 	INFO 	Keyboard events cleared
35.5855 	EXP 	fixation: autoDraw = False
35.5855 	EXP 	goStim: autoDraw = True
36.1320 	EXP 	stopSignal: autoDraw = True
36.5739 	EXP 	goStim: autoDraw = False
36.6240 	EXP 	stopSignal: autoDraw = False
37.5855 	EXP 	rules: autoDraw = False
37.5855 	EXP 	fixation: autoDraw = False
37.5855 	EXP 	goStim: autoDraw = False
37.5855 	EXP 	stopSignal: autoDraw = False
37.5855 	EXP 	rules: autoDraw = False
37.5855 	EXP 	text: height = 0.05
37.5855 	EXP 	text: height = 0.05
37.5855 	EXP 	text: height = 0.05
37.5855 	EXP 	text: text = 'Respond Faster'
37.5855 	EXP 	text: autoDraw = True
37.5855 	EXP 	rules_2: autoDraw = True
38.0791 	EXP 	New trial (rep=2, index=12): <Trial 12 (12 in rep 2) data={'corrGoResp': None, 'shape': None, 'thisN': 12, 'thisTrialN': 12, 'thisRepN': 2}>
38.0840 	EXP 	text: autoDraw = False
38.0840 	EXP 	rules_2: autoDraw = False
38.0840 	EXP 	goStim: image = 'circleblack.png'
38.0840 	EXP 	fixation: autoDraw = True
38.0840 	EXP 	rules: autoDraw = True
38.5776 	INFO 	Keyboard events cleared
38.5772 	EXP 	goStim: autoDraw = True
38.5826 	EXP 	fixation: autoDraw = False
39.1239 	EXP 	stopSignal: autoDraw = True
39.5740 	EXP 	goStim: autoDraw = False
39.6238 	EXP 	stopSignal: autoDraw = False
40.5824 	EXP 	rules: autoDraw = False
40.5824 	EXP 	fixation: autoDraw = False
40.5824 	EXP 	goStim: autoDraw = False
40.5824 	EXP 	stopSignal: autoDraw = False
40.5824 	EXP 	rules: autoDraw = False
40.5824 	EXP 	text: text = 'Respond Faster'
40.5824 	EXP 	text: autoDraw = True
40.5824 	EXP 	rules_2: autoDraw = True
41.0794 	EXP 	New trial (rep=3, index=13): <Trial 13 (13 in rep 3) data={'corrGoResp': None, 'shape': None, 'thisN': 13, 'thisTrialN': 13, 'thisRepN': 3}>
41.0837 	EXP 	text: autoDraw = False
41.0837 	EXP 	rules_2: autoDraw = False
41.0837 	EXP 	text: autoDraw = False
41.0837 	EXP 	rules_2: autoDraw = False
41.0837 	EXP 	goStim: image = 'circleblack.png'
41.0837 	EXP 	fixation: autoDraw = True
41.0837 	EXP 	rules: autoDraw = True
41.5777 	INFO 	Keyboard events cleared
41.5773 	EXP 	goStim: autoDraw = True
41.5827 	EXP 	fixation: autoDraw = False
42.1240 	EXP 	stopSignal: autoDraw = True
42.5772 	EXP 	goStim: autoDraw = False
42.6125 	EXP 	stopSignal: autoDraw = False
43.5826 	EXP 	rules: autoDraw = False
43.5826 	EXP 	fixation: autoDraw = False
43.5826 	EXP 	goStim: autoDraw = False
43.5826 	EXP 	stopSignal: autoDraw = False
43.5826 	EXP 	rules: autoDraw = False
43.5826 	EXP 	text: text = 'Respond Faster'
43.5826 	EXP 	text: autoDraw = True
43.5826 	EXP 	rules_2: autoDraw = True
44.0795 	EXP 	New trial (rep=4, index=14): <Trial 14 (14 in rep 4) data={'corrGoResp': '$currentCorrectResponse', 'shape': '$currentGoStim', 'thisN': 14, 'thisTrialN': 14, 'thisRepN': 4}>
44.0842 	EXP 	text: autoDraw = False
44.0842 	EXP 	rules_2: autoDraw = False
44.0842 	EXP 	text: autoDraw = False
44.0842 	EXP 	rules_2: autoDraw = False
44.0842 	EXP 	goStim: image = 'squareblack.png'
44.0842 	EXP 	fixation: autoDraw = True
44.0842 	EXP 	rules: autoDraw = True
44.5744 	INFO 	Keyboard events cleared
44.5741 	EXP 	fixation: autoDraw = False
44.5741 	EXP 	goStim: autoDraw = True
45.1212 	EXP 	stopSignal: autoDraw = True
45.5740 	EXP 	goStim: autoDraw = False
45.6190 	EXP 	stopSignal: autoDraw = False
46.5759 	EXP 	rules: autoDraw = False
46.5759 	EXP 	fixation: autoDraw = False
46.5759 	EXP 	goStim: autoDraw = False
46.5759 	EXP 	stopSignal: autoDraw = False
46.5759 	EXP 	rules: autoDraw = False
46.5759 	EXP 	text: height = 0.05
46.5759 	EXP 	text: height = 0.05
46.5759 	EXP 	text: height = 0.05
46.5759 	EXP 	text: text = 'Correct'
46.5759 	EXP 	text: autoDraw = True
46.5759 	EXP 	rules_2: autoDraw = True
47.0712 	EXP 	New trial (rep=4, index=15): <Trial 15 (15 in rep 4) data={'corrGoResp': None, 'shape': None, 'thisN': 15, 'thisTrialN': 15, 'thisRepN': 4}>
47.0754 	EXP 	text: autoDraw = False
47.0754 	EXP 	rules_2: autoDraw = False
47.0754 	EXP 	text: autoDraw = False
47.0754 	EXP 	rules_2: autoDraw = False
47.0754 	EXP 	goStim: image = 'squareblack.png'
47.0754 	EXP 	fixation: autoDraw = True
47.0754 	EXP 	rules: autoDraw = True
47.5660 	INFO 	Keyboard events cleared
47.5657 	EXP 	fixation: autoDraw = False
47.5657 	EXP 	goStim: autoDraw = True
48.1654 	EXP 	stopSignal: autoDraw = True
48.5543 	EXP 	goStim: autoDraw = False
48.6542 	EXP 	stopSignal: autoDraw = False
49.5761 	EXP 	rules: autoDraw = False
49.5761 	EXP 	fixation: autoDraw = False
49.5761 	EXP 	goStim: autoDraw = False
49.5761 	EXP 	stopSignal: autoDraw = False
49.5761 	EXP 	rules: autoDraw = False
49.5761 	EXP 	text: height = 0.05
49.5761 	EXP 	text: height = 0.05
49.5761 	EXP 	text: height = 0.05
49.5761 	EXP 	text: text = 'Respond Faster'
49.5761 	EXP 	text: autoDraw = True
49.5761 	EXP 	rules_2: autoDraw = True
50.0630 	EXP 	New trial (rep=4, index=16): <Trial 16 (16 in rep 4) data={'corrGoResp': None, 'shape': None, 'thisN': 16, 'thisTrialN': 16, 'thisRepN': 4}>
50.0678 	EXP 	text: autoDraw = False
50.0678 	EXP 	rules_2: autoDraw = False
50.0678 	EXP 	text: autoDraw = False
50.0678 	EXP 	rules_2: autoDraw = False
50.0678 	EXP 	goStim: image = 'circleblack.png'
50.0678 	EXP 	fixation: autoDraw = True
50.0678 	EXP 	rules: autoDraw = True
50.5546 	INFO 	Keyboard events cleared
50.5543 	EXP 	goStim: autoDraw = True
50.5689 	EXP 	fixation: autoDraw = False
51.1547 	EXP 	stopSignal: autoDraw = True
51.5463 	EXP 	goStim: autoDraw = False
51.6460 	EXP 	stopSignal: autoDraw = False
52.5675 	EXP 	rules: autoDraw = False
52.5675 	EXP 	fixation: autoDraw = False
52.5675 	EXP 	goStim: autoDraw = False
52.5675 	EXP 	stopSignal: autoDraw = False
52.5675 	EXP 	rules: autoDraw = False
52.5675 	EXP 	text: height = 0.05
52.5675 	EXP 	text: height = 0.05
52.5675 	EXP 	text: height = 0.05
52.5675 	EXP 	text: text = 'Correct'
52.5675 	EXP 	text: autoDraw = True
52.5675 	EXP 	rules_2: autoDraw = True
53.0545 	EXP 	New trial (rep=2, index=17): <Trial 17 (17 in rep 2) data={'corrGoResp': None, 'shape': None, 'thisN': 17, 'thisTrialN': 17, 'thisRepN': 2}>
53.0590 	EXP 	text: autoDraw = False
53.0590 	EXP 	rules_2: autoDraw = False
53.0590 	EXP 	text: autoDraw = False
53.0590 	EXP 	rules_2: autoDraw = False
53.0590 	EXP 	goStim: image = 'squareblack.png'
53.0590 	EXP 	fixation: autoDraw = True
53.0590 	EXP 	rules: autoDraw = True
53.5525 	INFO 	Keyboard events cleared
53.5522 	EXP 	goStim: autoDraw = True
53.5575 	EXP 	fixation: autoDraw = False
54.1990 	EXP 	stopSignal: autoDraw = True
54.5406 	EXP 	goStim: autoDraw = False
54.6906 	EXP 	stopSignal: autoDraw = False
55.5597 	EXP 	rules: autoDraw = False
55.5597 	EXP 	fixation: autoDraw = False
55.5597 	EXP 	goStim: autoDraw = False
55.5597 	EXP 	stopSignal: autoDraw = False
55.5597 	EXP 	rules: autoDraw = False
55.5597 	EXP 	text: height = 0.05
55.5597 	EXP 	text: height = 0.05
55.5597 	EXP 	text: height = 0.05
55.5597 	EXP 	text: text = 'Respond Faster'
55.5597 	EXP 	text: autoDraw = True
55.5597 	EXP 	rules_2: autoDraw = True
56.0483 	EXP 	New trial (rep=3, index=18): <Trial 18 (18 in rep 3) data={'corrGoResp': None, 'shape': None, 'thisN': 18, 'thisTrialN': 18, 'thisRepN': 3}>
56.0538 	EXP 	text: autoDraw = False
56.0538 	EXP 	rules_2: autoDraw = False
56.0538 	EXP 	text: autoDraw = False
56.0538 	EXP 	rules_2: autoDraw = False
56.0538 	EXP 	goStim: image = 'squareblack.png'
56.0538 	EXP 	fixation: autoDraw = True
56.0538 	EXP 	rules: autoDraw = True
56.5413 	INFO 	Keyboard events cleared
56.5410 	EXP 	goStim: autoDraw = True
56.5464 	EXP 	fixation: autoDraw = False
57.1908 	EXP 	stopSignal: autoDraw = True
57.5294 	EXP 	goStim: autoDraw = False
57.6795 	EXP 	stopSignal: autoDraw = False
58.5462 	EXP 	rules: autoDraw = False
58.5462 	EXP 	fixation: autoDraw = False
58.5462 	EXP 	goStim: autoDraw = False
58.5462 	EXP 	stopSignal: autoDraw = False
58.5462 	EXP 	rules: autoDraw = False
58.5462 	EXP 	text: text = 'Respond Faster'
58.5462 	EXP 	text: autoDraw = True
58.5462 	EXP 	rules_2: autoDraw = True
59.0342 	EXP 	New trial (rep=4, index=19): <Trial 19 (19 in rep 4) data={'corrGoResp': None, 'shape': None, 'thisN': 19, 'thisTrialN': 19, 'thisRepN': 4}>
59.0388 	EXP 	text: autoDraw = False
59.0388 	EXP 	rules_2: autoDraw = False
59.0388 	EXP 	text: autoDraw = False
59.0388 	EXP 	rules_2: autoDraw = False
59.0388 	EXP 	goStim: image = 'squareblack.png'
59.0388 	EXP 	fixation: autoDraw = True
59.0388 	EXP 	rules: autoDraw = True
59.5246 	INFO 	Keyboard events cleared
59.5243 	EXP 	goStim: autoDraw = True
59.5302 	EXP 	fixation: autoDraw = False
60.1742 	EXP 	stopSignal: autoDraw = True
60.5130 	EXP 	goStim: autoDraw = False
60.6628 	EXP 	stopSignal: autoDraw = False
61.5344 	EXP 	rules: autoDraw = False
61.5344 	EXP 	fixation: autoDraw = False
61.5344 	EXP 	goStim: autoDraw = False
61.5344 	EXP 	stopSignal: autoDraw = False
61.5344 	EXP 	rules: autoDraw = False
61.5344 	EXP 	text: height = 0.05
61.5344 	EXP 	text: height = 0.05
61.5344 	EXP 	text: height = 0.05
61.5344 	EXP 	text: text = 'Correct'
61.5344 	EXP 	text: autoDraw = True
61.5344 	EXP 	rules_2: autoDraw = True
62.0232 	EXP 	New trial (rep=5, index=20): <Trial 20 (20 in rep 5) data={'corrGoResp': '$currentCorrectResponse', 'shape': '$currentGoStim', 'thisN': 20, 'thisTrialN': 20, 'thisRepN': 5}>
62.0289 	EXP 	text: autoDraw = False
62.0289 	EXP 	rules_2: autoDraw = False
62.0289 	EXP 	text: autoDraw = False
62.0289 	EXP 	rules_2: autoDraw = False
62.0289 	EXP 	goStim: image = 'circleblack.png'
62.0289 	EXP 	fixation: autoDraw = True
62.0289 	EXP 	rules: autoDraw = True
62.3536 	WARNING 	t of last frame was 76.24ms (=1/13)
62.5204 	INFO 	Keyboard events cleared
62.5201 	EXP 	fixation: autoDraw = False
62.5201 	EXP 	goStim: autoDraw = True
63.2198 	EXP 	stopSignal: autoDraw = True
63.5087 	EXP 	goStim: autoDraw = False
63.7088 	EXP 	stopSignal: autoDraw = False
64.5286 	EXP 	rules: autoDraw = False
64.5286 	EXP 	fixation: autoDraw = False
64.5286 	EXP 	goStim: autoDraw = False
64.5286 	EXP 	stopSignal: autoDraw = False
64.5286 	EXP 	rules: autoDraw = False
64.5286 	EXP 	text: text = 'Correct'
64.5286 	EXP 	text: autoDraw = True
64.5286 	EXP 	rules_2: autoDraw = True
65.0255 	EXP 	New trial (rep=5, index=21): <Trial 21 (21 in rep 5) data={'corrGoResp': None, 'shape': None, 'thisN': 21, 'thisTrialN': 21, 'thisRepN': 5}>
65.0303 	EXP 	text: autoDraw = False
65.0303 	EXP 	rules_2: autoDraw = False
65.0303 	EXP 	text: autoDraw = False
65.0303 	EXP 	rules_2: autoDraw = False
65.0303 	EXP 	goStim: image = 'squareblack.png'
65.0303 	EXP 	fixation: autoDraw = True
65.0303 	EXP 	rules: autoDraw = True
65.5236 	INFO 	Keyboard events cleared
65.5232 	EXP 	goStim: autoDraw = True
65.5286 	EXP 	fixation: autoDraw = False
66.2732 	EXP 	stopSignal: autoDraw = True
66.5200 	EXP 	goStim: autoDraw = False
66.7616 	EXP 	stopSignal: autoDraw = False
67.5220 	EXP 	rules: autoDraw = False
67.5220 	EXP 	fixation: autoDraw = False
67.5220 	EXP 	goStim: autoDraw = False
67.5220 	EXP 	stopSignal: autoDraw = False
67.5220 	EXP 	rules: autoDraw = False
67.5220 	EXP 	text: height = 0.05
67.5220 	EXP 	text: height = 0.05
67.5220 	EXP 	text: height = 0.05
67.5220 	EXP 	text: text = 'Respond Faster'
67.5220 	EXP 	text: autoDraw = True
67.5220 	EXP 	rules_2: autoDraw = True
68.0111 	EXP 	New trial (rep=5, index=22): <Trial 22 (22 in rep 5) data={'corrGoResp': None, 'shape': None, 'thisN': 22, 'thisTrialN': 22, 'thisRepN': 5}>
68.0168 	EXP 	text: autoDraw = False
68.0168 	EXP 	rules_2: autoDraw = False
68.0168 	EXP 	text: autoDraw = False
68.0168 	EXP 	rules_2: autoDraw = False
68.0168 	EXP 	goStim: image = 'circleblack.png'
68.0168 	EXP 	fixation: autoDraw = True
68.0168 	EXP 	rules: autoDraw = True
68.5039 	INFO 	Keyboard events cleared
68.5036 	EXP 	goStim: autoDraw = True
68.5091 	EXP 	fixation: autoDraw = False
69.2509 	EXP 	stopSignal: autoDraw = True
69.5031 	EXP 	goStim: autoDraw = False
69.7482 	EXP 	stopSignal: autoDraw = False
70.5092 	EXP 	rules: autoDraw = False
70.5092 	EXP 	fixation: autoDraw = False
70.5092 	EXP 	goStim: autoDraw = False
70.5092 	EXP 	stopSignal: autoDraw = False
70.5092 	EXP 	rules: autoDraw = False
70.5092 	EXP 	text: text = 'Respond Faster'
70.5092 	EXP 	text: autoDraw = True
70.5092 	EXP 	rules_2: autoDraw = True
70.9974 	EXP 	New trial (rep=5, index=23): <Trial 23 (23 in rep 5) data={'corrGoResp': None, 'shape': None, 'thisN': 23, 'thisTrialN': 23, 'thisRepN': 5}>
71.0015 	EXP 	text: autoDraw = False
71.0015 	EXP 	rules_2: autoDraw = False
71.0015 	EXP 	text: autoDraw = False
71.0015 	EXP 	rules_2: autoDraw = False
71.0015 	EXP 	goStim: image = 'circleblack.png'
71.0015 	EXP 	fixation: autoDraw = True
71.0015 	EXP 	rules: autoDraw = True
71.4871 	INFO 	Keyboard events cleared
71.4868 	EXP 	goStim: autoDraw = True
71.4923 	EXP 	fixation: autoDraw = False
72.2482 	EXP 	stopSignal: autoDraw = True
72.4754 	EXP 	goStim: autoDraw = False
72.7448 	EXP 	stopSignal: autoDraw = False
73.4951 	EXP 	rules: autoDraw = False
73.4951 	EXP 	fixation: autoDraw = False
73.4951 	EXP 	goStim: autoDraw = False
73.4951 	EXP 	stopSignal: autoDraw = False
73.4951 	EXP 	rules: autoDraw = False
73.4951 	EXP 	text: text = 'Respond Faster'
73.4951 	EXP 	text: autoDraw = True
73.4951 	EXP 	rules_2: autoDraw = True
73.9999 	DEBUG 	Saving data for simplestop_skeleton ExperimentHandler
74.0009 	INFO 	saved data to /Users/kritiaxh/Documents/paperRepos/SharedControlPaper/experiments/simpleStop/data/800886_simplestop_skeleton_2025-03-13_10h25.49.396.psydat
74.0045 	INFO 	saved data to '/Users/kritiaxh/Documents/paperRepos/SharedControlPaper/experiments/simpleStop/data/800886_simplestop_skeleton_2025-03-13_10h25.49.396.csv'
